---------------------------------------------------------------
[ 2018-10-23T14:29:22+08:00 ] 66.249.65.113 GET /hanshou/public/hanshou/index/index.html
[ info ] www.hanshoushou.com/hanshou/public/hanshou/index/index.html [运行时间：0.090265s][吞吐率：11.08req/s] [内存消耗：5,099.95kb] [文件加载：81]
[ info ] [ BEHAVIOR ] Run Closure @app_init [ RunTime:0.000037s ]
[ info ] [ CACHE ] INIT File
[ info ] [ BEHAVIOR ] Run Closure @app_init [ RunTime:0.003551s ]
[ info ] [ LANG ] /data3/htdocs/hanshoushou.host.smartgslb.com/hanshou/thinkphp/lang/zh-cn.php
[ info ] [ ROUTE ] array (
  'type' => 'module',
  'module' => 
  array (
    0 => 'hanshou',
    1 => 'index',
    2 => 'index',
  ),
)
[ info ] [ HEADER ] array (
  'host' => 'www.hanshoushou.com',
  'x-forwarded-host' => 'www.hanshoushou.com',
  'x-forwarded-server' => 'www.hanshoushou.com',
  'x-forwarded-for' => '66.249.65.113, 127.0.0.1, 173.254.200.70',
  'cookie' => 'antispame=1540283361; antispamkey=96d53e7f1c57c1c108de7c43db65434f',
  'accept' => 'text/html,application/xhtml+xml,application/xml;q=0.9,*/*;q=0.8',
  'from' => 'googlebot(at)googlebot.com',
  'user-agent' => 'Mozilla/5.0 (Linux; Android 6.0.1; Nexus 5X Build/MMB29P) AppleWebKit/537.36 (KHTML, like Gecko) Chrome/41.0.2272.96 Mobile Safari/537.36 (compatible; Googlebot/2.1; +http://www.google.com/bot.html)',
  'accept-encoding' => 'gzip,deflate,br',
  'kerid' => '11644',
  'via' => '1.0 lax1.us.smartgslb.com (squid/3.4.9)',
  'surrogate-capability' => 'lax1.us.smartgslb.com="Surrogate/1.0"',
  'cache-control' => 'max-age=259200',
)
[ info ] [ PARAM ] array (
)
[ info ] [ BEHAVIOR ] Run app\common\behavior\Common @module_init [ RunTime:0.000770s ]
[ info ] [ DB ] INIT mysql
[ info ] [ SESSION ] INIT array (
  'id' => '',
  'var_session_id' => '',
  'prefix' => 'think',
  'type' => '',
  'auto_start' => true,
)
[ info ] [ RUN ] app\hanshou\controller\Index->index[ /data3/htdocs/hanshoushou.host.smartgslb.com/hanshou/application/hanshou/controller/Index.php ]
[ info ] [ VIEW ] /data3/htdocs/hanshoushou.host.smartgslb.com/hanshou/public/../application/hanshou/view/index/index.html [ array (
  0 => 'user',
  1 => 'site',
  2 => 'config',
  3 => 'need_wait',
  4 => 'is_login',
) ]
[ info ] [ LOG ] INIT File
[ sql ] [ DB ] CONNECT:[ UseTime:0.000269s ] mysql:host=localhost;port=3306;dbname=sql_hanshoushou;charset=utf8
[ sql ] [ SQL ] SHOW COLUMNS FROM `hs_mywords` [ RunTime:0.004827s ]
[ sql ] [ SQL ] SELECT * FROM `hs_mywords` [ RunTime:0.000716s ]
[ sql ] [ SQL ] SELECT * FROM `hs_mywords` WHERE  (  name = '阿韩' and is_read != 1 ) LIMIT 1 [ RunTime:0.000157s ]
[ sql ] [ SQL ] SELECT * FROM `hs_mywords` WHERE  (  name = '韩宇佳' and is_read != 1 ) LIMIT 1 [ RunTime:0.000117s ]
[ sql ] [ SQL ] SELECT * FROM `hs_mywords` WHERE  (  name = 'Ahan' and is_read != 1 ) LIMIT 1 [ RunTime:0.000124s ]
[ sql ] [ SQL ] SELECT * FROM `hs_mywords` WHERE  (  name = 'katja' and is_read != 1 ) LIMIT 1 [ RunTime:0.000112s ]
---------------------------------------------------------------
[ 2018-10-23T14:43:52+08:00 ] 64.246.165.180 GET /hanshou/public/hanshou/index/index.html
[ info ] www.hanshoushou.com/hanshou/public/hanshou/index/index.html [运行时间：0.078207s][吞吐率：12.79req/s] [内存消耗：5,080.90kb] [文件加载：80]
[ info ] [ BEHAVIOR ] Run Closure @app_init [ RunTime:0.000036s ]
[ info ] [ CACHE ] INIT File
[ info ] [ BEHAVIOR ] Run Closure @app_init [ RunTime:0.002416s ]
[ info ] [ ROUTE ] array (
  'type' => 'module',
  'module' => 
  array (
    0 => 'hanshou',
    1 => 'index',
    2 => 'index',
  ),
)
[ info ] [ HEADER ] array (
  'host' => 'www.hanshoushou.com',
  'x-forwarded-host' => 'www.hanshoushou.com',
  'x-forwarded-server' => 'www.hanshoushou.com',
  'x-forwarded-for' => '64.246.165.180, 127.0.0.1, 173.254.200.70',
  'pragma' => 'no-cache',
  'accept' => '*/*',
  'accept-encoding' => 'gzip, x-gzip, deflate',
  'accept-language' => 'en-us,fr-be;q=0.5',
  'from' => 'feedback@surveybot.com',
  'user-agent' => 'Mozilla/5.0 (Macintosh; Intel Mac OS X 10.10; rv:59.0) Gecko/20100101 Firefox/59.0',
  'cookie' => 'antispamkey=2ec2638c85f547aa89a9702190e4dea0; antispame=1540284231',
  'cookie2' => '$Version="1"',
  'wshost' => 'www.hanshoushou.com',
  'wsip' => '173.254.200.70',
  'kerid' => '11644',
  'via' => '1.0 lax1.us.smartgslb.com (squid/3.4.9)',
  'surrogate-capability' => 'lax1.us.smartgslb.com="Surrogate/1.0"',
  'cache-control' => 'max-age=259200',
)
[ info ] [ PARAM ] array (
)
[ info ] [ BEHAVIOR ] Run app\common\behavior\Common @module_init [ RunTime:0.000600s ]
[ info ] [ DB ] INIT mysql
[ info ] [ SESSION ] INIT array (
  'id' => '',
  'var_session_id' => '',
  'prefix' => 'think',
  'type' => '',
  'auto_start' => true,
)
[ info ] [ RUN ] app\hanshou\controller\Index->index[ /data3/htdocs/hanshoushou.host.smartgslb.com/hanshou/application/hanshou/controller/Index.php ]
[ info ] [ VIEW ] /data3/htdocs/hanshoushou.host.smartgslb.com/hanshou/public/../application/hanshou/view/index/index.html [ array (
  0 => 'user',
  1 => 'site',
  2 => 'config',
  3 => 'need_wait',
  4 => 'is_login',
) ]
[ info ] [ LOG ] INIT File
[ sql ] [ DB ] CONNECT:[ UseTime:0.000297s ] mysql:host=localhost;port=3306;dbname=sql_hanshoushou;charset=utf8
[ sql ] [ SQL ] SHOW COLUMNS FROM `hs_mywords` [ RunTime:0.005781s ]
[ sql ] [ SQL ] SELECT * FROM `hs_mywords` [ RunTime:0.000308s ]
[ sql ] [ SQL ] SELECT * FROM `hs_mywords` WHERE  (  name = '阿韩' and is_read != 1 ) LIMIT 1 [ RunTime:0.000195s ]
[ sql ] [ SQL ] SELECT * FROM `hs_mywords` WHERE  (  name = '韩宇佳' and is_read != 1 ) LIMIT 1 [ RunTime:0.000165s ]
[ sql ] [ SQL ] SELECT * FROM `hs_mywords` WHERE  (  name = 'Ahan' and is_read != 1 ) LIMIT 1 [ RunTime:0.000162s ]
[ sql ] [ SQL ] SELECT * FROM `hs_mywords` WHERE  (  name = 'katja' and is_read != 1 ) LIMIT 1 [ RunTime:0.000160s ]
---------------------------------------------------------------
[ 2018-10-23T16:25:08+08:00 ] 66.249.65.117 GET /hanshou/public/hanshou/index/index.html
[ info ] www.hanshoushou.com/hanshou/public/hanshou/index/index.html [运行时间：0.050318s][吞吐率：19.87req/s] [内存消耗：5,099.30kb] [文件加载：81]
[ info ] [ BEHAVIOR ] Run Closure @app_init [ RunTime:0.000034s ]
[ info ] [ CACHE ] INIT File
[ info ] [ BEHAVIOR ] Run Closure @app_init [ RunTime:0.001601s ]
[ info ] [ LANG ] /data3/htdocs/hanshoushou.host.smartgslb.com/hanshou/thinkphp/lang/zh-cn.php
[ info ] [ ROUTE ] array (
  'type' => 'module',
  'module' => 
  array (
    0 => 'hanshou',
    1 => 'index',
    2 => 'index',
  ),
)
[ info ] [ HEADER ] array (
  'host' => 'www.hanshoushou.com',
  'x-forwarded-host' => 'www.hanshoushou.com',
  'x-forwarded-server' => 'www.hanshoushou.com',
  'x-forwarded-for' => '66.249.65.117, 127.0.0.1, 173.254.200.70',
  'cookie' => 'antispame=1540290304; antispamkey=1d1cd115fd799caff82cce992299d9bf',
  'accept' => 'text/html,application/xhtml+xml,application/xml;q=0.9,*/*;q=0.8',
  'from' => 'googlebot(at)googlebot.com',
  'user-agent' => 'Mozilla/5.0 (compatible; Googlebot/2.1; +http://www.google.com/bot.html)',
  'accept-encoding' => 'gzip,deflate,br',
  'kerid' => '11644',
  'via' => '1.0 lax1.us.smartgslb.com (squid/3.4.9)',
  'surrogate-capability' => 'lax1.us.smartgslb.com="Surrogate/1.0"',
  'cache-control' => 'max-age=259200',
)
[ info ] [ PARAM ] array (
)
[ info ] [ BEHAVIOR ] Run app\common\behavior\Common @module_init [ RunTime:0.000410s ]
[ info ] [ DB ] INIT mysql
[ info ] [ SESSION ] INIT array (
  'id' => '',
  'var_session_id' => '',
  'prefix' => 'think',
  'type' => '',
  'auto_start' => true,
)
[ info ] [ RUN ] app\hanshou\controller\Index->index[ /data3/htdocs/hanshoushou.host.smartgslb.com/hanshou/application/hanshou/controller/Index.php ]
[ info ] [ VIEW ] /data3/htdocs/hanshoushou.host.smartgslb.com/hanshou/public/../application/hanshou/view/index/index.html [ array (
  0 => 'user',
  1 => 'site',
  2 => 'config',
  3 => 'need_wait',
  4 => 'is_login',
) ]
[ info ] [ LOG ] INIT File
[ sql ] [ DB ] CONNECT:[ UseTime:0.000228s ] mysql:host=localhost;port=3306;dbname=sql_hanshoushou;charset=utf8
[ sql ] [ SQL ] SHOW COLUMNS FROM `hs_mywords` [ RunTime:0.002628s ]
[ sql ] [ SQL ] SELECT * FROM `hs_mywords` [ RunTime:0.000314s ]
[ sql ] [ SQL ] SELECT * FROM `hs_mywords` WHERE  (  name = '阿韩' and is_read != 1 ) LIMIT 1 [ RunTime:0.000131s ]
[ sql ] [ SQL ] SELECT * FROM `hs_mywords` WHERE  (  name = '韩宇佳' and is_read != 1 ) LIMIT 1 [ RunTime:0.000111s ]
[ sql ] [ SQL ] SELECT * FROM `hs_mywords` WHERE  (  name = 'Ahan' and is_read != 1 ) LIMIT 1 [ RunTime:0.000109s ]
[ sql ] [ SQL ] SELECT * FROM `hs_mywords` WHERE  (  name = 'katja' and is_read != 1 ) LIMIT 1 [ RunTime:0.000107s ]
