---------------------------------------------------------------
[ 2018-04-22T00:19:23+08:00 ] 66.249.64.81 GET /hanshou/public/hanshou/index/index.html
[ info ] www.hanshoushou.com/hanshou/public/hanshou/index/index.html [运行时间：0.079310s][吞吐率：12.61req/s] [内存消耗：5,098.66kb] [文件加载：81]
[ info ] [ BEHAVIOR ] Run Closure @app_init [ RunTime:0.000044s ]
[ info ] [ CACHE ] INIT File
[ info ] [ BEHAVIOR ] Run Closure @app_init [ RunTime:0.002646s ]
[ info ] [ LANG ] /data3/htdocs/hanshoushou.host.smartgslb.com/hanshou/thinkphp/lang/zh-cn.php
[ info ] [ ROUTE ] array (
  'type' => 'module',
  'module' => 
  array (
    0 => 'hanshou',
    1 => 'index',
    2 => 'index',
  ),
)
[ info ] [ HEADER ] array (
  'host' => 'www.hanshoushou.com',
  'x-forwarded-host' => 'www.hanshoushou.com',
  'x-forwarded-server' => 'www.hanshoushou.com',
  'x-forwarded-for' => '66.249.64.81, 127.0.0.1, 173.254.200.70',
  'accept' => 'text/html,application/xhtml+xml,application/xml;q=0.9,*/*;q=0.8',
  'from' => 'googlebot(at)googlebot.com',
  'user-agent' => 'Mozilla/5.0 (compatible; Googlebot/2.1; +http://www.google.com/bot.html)',
  'accept-encoding' => 'gzip,deflate,br',
  'kerid' => '11644',
  'via' => '1.0 lax1.us.smartgslb.com (squid/3.4.9)',
  'surrogate-capability' => 'lax1.us.smartgslb.com="Surrogate/1.0"',
  'cache-control' => 'max-age=259200',
)
[ info ] [ PARAM ] array (
)
[ info ] [ BEHAVIOR ] Run app\common\behavior\Common @module_init [ RunTime:0.000847s ]
[ info ] [ DB ] INIT mysql
[ info ] [ SESSION ] INIT array (
  'id' => '',
  'var_session_id' => '',
  'prefix' => 'think',
  'type' => '',
  'auto_start' => true,
)
[ info ] [ RUN ] app\hanshou\controller\Index->index[ /data3/htdocs/hanshoushou.host.smartgslb.com/hanshou/application/hanshou/controller/Index.php ]
[ info ] [ VIEW ] /data3/htdocs/hanshoushou.host.smartgslb.com/hanshou/public/../application/hanshou/view/index/index.html [ array (
  0 => 'user',
  1 => 'site',
  2 => 'config',
  3 => 'need_wait',
  4 => 'is_login',
) ]
[ info ] [ LOG ] INIT File
[ sql ] [ DB ] CONNECT:[ UseTime:0.000400s ] mysql:host=localhost;port=3306;dbname=sql_hanshoushou;charset=utf8
[ sql ] [ SQL ] SHOW COLUMNS FROM `hs_mywords` [ RunTime:0.004176s ]
[ sql ] [ SQL ] SELECT * FROM `hs_mywords` [ RunTime:0.000216s ]
[ sql ] [ SQL ] SELECT * FROM `hs_mywords` WHERE  (  name = '阿韩' and is_read != 1 ) LIMIT 1 [ RunTime:0.000166s ]
[ sql ] [ SQL ] SELECT * FROM `hs_mywords` WHERE  (  name = '韩宇佳' and is_read != 1 ) LIMIT 1 [ RunTime:0.000157s ]
[ sql ] [ SQL ] SELECT * FROM `hs_mywords` WHERE  (  name = 'Ahan' and is_read != 1 ) LIMIT 1 [ RunTime:0.000143s ]
[ sql ] [ SQL ] SELECT * FROM `hs_mywords` WHERE  (  name = 'katja' and is_read != 1 ) LIMIT 1 [ RunTime:0.000123s ]
---------------------------------------------------------------
[ 2018-04-22T00:19:32+08:00 ] 66.249.64.81 GET /hanshou/public/hanshou/index/index.html
[ info ] www.hanshoushou.com/hanshou/public/hanshou/index/index.html [运行时间：0.047951s][吞吐率：20.85req/s] [内存消耗：5,099.26kb] [文件加载：81]
[ info ] [ BEHAVIOR ] Run Closure @app_init [ RunTime:0.000037s ]
[ info ] [ CACHE ] INIT File
[ info ] [ BEHAVIOR ] Run Closure @app_init [ RunTime:0.001626s ]
[ info ] [ LANG ] /data3/htdocs/hanshoushou.host.smartgslb.com/hanshou/thinkphp/lang/zh-cn.php
[ info ] [ ROUTE ] array (
  'type' => 'module',
  'module' => 
  array (
    0 => 'hanshou',
    1 => 'index',
    2 => 'index',
  ),
)
[ info ] [ HEADER ] array (
  'host' => 'www.hanshoushou.com',
  'x-forwarded-host' => 'www.hanshoushou.com',
  'x-forwarded-server' => 'www.hanshoushou.com',
  'x-forwarded-for' => '66.249.64.81, 127.0.0.1, 173.254.200.70',
  'accept' => 'text/html,application/xhtml+xml,application/xml;q=0.9,*/*;q=0.8',
  'from' => 'googlebot(at)googlebot.com',
  'user-agent' => 'Mozilla/5.0 (Linux; Android 6.0.1; Nexus 5X Build/MMB29P) AppleWebKit/537.36 (KHTML, like Gecko) Chrome/41.0.2272.96 Mobile Safari/537.36 (compatible; Googlebot/2.1; +http://www.google.com/bot.html)',
  'accept-encoding' => 'gzip,deflate,br',
  'kerid' => '11644',
  'via' => '1.0 lax1.us.smartgslb.com (squid/3.4.9)',
  'surrogate-capability' => 'lax1.us.smartgslb.com="Surrogate/1.0"',
  'cache-control' => 'max-age=259200',
)
[ info ] [ PARAM ] array (
)
[ info ] [ BEHAVIOR ] Run app\common\behavior\Common @module_init [ RunTime:0.000448s ]
[ info ] [ DB ] INIT mysql
[ info ] [ SESSION ] INIT array (
  'id' => '',
  'var_session_id' => '',
  'prefix' => 'think',
  'type' => '',
  'auto_start' => true,
)
[ info ] [ RUN ] app\hanshou\controller\Index->index[ /data3/htdocs/hanshoushou.host.smartgslb.com/hanshou/application/hanshou/controller/Index.php ]
[ info ] [ VIEW ] /data3/htdocs/hanshoushou.host.smartgslb.com/hanshou/public/../application/hanshou/view/index/index.html [ array (
  0 => 'user',
  1 => 'site',
  2 => 'config',
  3 => 'need_wait',
  4 => 'is_login',
) ]
[ info ] [ LOG ] INIT File
[ sql ] [ DB ] CONNECT:[ UseTime:0.000219s ] mysql:host=localhost;port=3306;dbname=sql_hanshoushou;charset=utf8
[ sql ] [ SQL ] SHOW COLUMNS FROM `hs_mywords` [ RunTime:0.002130s ]
[ sql ] [ SQL ] SELECT * FROM `hs_mywords` [ RunTime:0.000204s ]
[ sql ] [ SQL ] SELECT * FROM `hs_mywords` WHERE  (  name = '阿韩' and is_read != 1 ) LIMIT 1 [ RunTime:0.000115s ]
[ sql ] [ SQL ] SELECT * FROM `hs_mywords` WHERE  (  name = '韩宇佳' and is_read != 1 ) LIMIT 1 [ RunTime:0.000085s ]
[ sql ] [ SQL ] SELECT * FROM `hs_mywords` WHERE  (  name = 'Ahan' and is_read != 1 ) LIMIT 1 [ RunTime:0.000085s ]
[ sql ] [ SQL ] SELECT * FROM `hs_mywords` WHERE  (  name = 'katja' and is_read != 1 ) LIMIT 1 [ RunTime:0.000080s ]
---------------------------------------------------------------
[ 2018-04-22T07:51:26+08:00 ] 54.67.59.131 GET /hanshou/public/hanshou/index/index.html
[ info ] www.hanshoushou.com/hanshou/public/hanshou/index/index.html [运行时间：0.048590s][吞吐率：20.58req/s] [内存消耗：5,098.62kb] [文件加载：81]
[ info ] [ BEHAVIOR ] Run Closure @app_init [ RunTime:0.000037s ]
[ info ] [ CACHE ] INIT File
[ info ] [ BEHAVIOR ] Run Closure @app_init [ RunTime:0.001903s ]
[ info ] [ LANG ] /data3/htdocs/hanshoushou.host.smartgslb.com/hanshou/thinkphp/lang/zh-cn.php
[ info ] [ ROUTE ] array (
  'type' => 'module',
  'module' => 
  array (
    0 => 'hanshou',
    1 => 'index',
    2 => 'index',
  ),
)
[ info ] [ HEADER ] array (
  'host' => 'www.hanshoushou.com',
  'x-forwarded-host' => 'www.hanshoushou.com',
  'x-forwarded-server' => 'www.hanshoushou.com',
  'x-forwarded-for' => '54.67.59.131, 127.0.0.1, 173.254.200.70',
  'user-agent' => 'Mozilla/5.0 (Macintosh; Intel Mac OS X 10_12_6) AppleWebKit/537.36 (KHTML, like Gecko) Chrome/61.0.3163.100 Safari/537.36',
  'referer' => 'http://www.hanshoushou.com/',
  'accept-encoding' => 'gzip',
  'kerid' => '11644',
  'via' => '1.0 lax1.us.smartgslb.com (squid/3.4.9)',
  'surrogate-capability' => 'lax1.us.smartgslb.com="Surrogate/1.0"',
  'cache-control' => 'max-age=259200',
)
[ info ] [ PARAM ] array (
)
[ info ] [ BEHAVIOR ] Run app\common\behavior\Common @module_init [ RunTime:0.000396s ]
[ info ] [ DB ] INIT mysql
[ info ] [ SESSION ] INIT array (
  'id' => '',
  'var_session_id' => '',
  'prefix' => 'think',
  'type' => '',
  'auto_start' => true,
)
[ info ] [ RUN ] app\hanshou\controller\Index->index[ /data3/htdocs/hanshoushou.host.smartgslb.com/hanshou/application/hanshou/controller/Index.php ]
[ info ] [ VIEW ] /data3/htdocs/hanshoushou.host.smartgslb.com/hanshou/public/../application/hanshou/view/index/index.html [ array (
  0 => 'user',
  1 => 'site',
  2 => 'config',
  3 => 'need_wait',
  4 => 'is_login',
) ]
[ info ] [ LOG ] INIT File
[ sql ] [ DB ] CONNECT:[ UseTime:0.000232s ] mysql:host=localhost;port=3306;dbname=sql_hanshoushou;charset=utf8
[ sql ] [ SQL ] SHOW COLUMNS FROM `hs_mywords` [ RunTime:0.002491s ]
[ sql ] [ SQL ] SELECT * FROM `hs_mywords` [ RunTime:0.000207s ]
[ sql ] [ SQL ] SELECT * FROM `hs_mywords` WHERE  (  name = '阿韩' and is_read != 1 ) LIMIT 1 [ RunTime:0.000110s ]
[ sql ] [ SQL ] SELECT * FROM `hs_mywords` WHERE  (  name = '韩宇佳' and is_read != 1 ) LIMIT 1 [ RunTime:0.000095s ]
[ sql ] [ SQL ] SELECT * FROM `hs_mywords` WHERE  (  name = 'Ahan' and is_read != 1 ) LIMIT 1 [ RunTime:0.000080s ]
[ sql ] [ SQL ] SELECT * FROM `hs_mywords` WHERE  (  name = 'katja' and is_read != 1 ) LIMIT 1 [ RunTime:0.000078s ]
---------------------------------------------------------------
[ 2018-04-22T21:40:08+08:00 ] 66.249.79.115 GET /hanshou/public/hanshou/index/index.html
[ info ] www.hanshoushou.com/hanshou/public/hanshou/index/index.html [运行时间：0.049201s][吞吐率：20.32req/s] [内存消耗：5,099.24kb] [文件加载：81]
[ info ] [ BEHAVIOR ] Run Closure @app_init [ RunTime:0.000031s ]
[ info ] [ CACHE ] INIT File
[ info ] [ BEHAVIOR ] Run Closure @app_init [ RunTime:0.001702s ]
[ info ] [ LANG ] /data3/htdocs/hanshoushou.host.smartgslb.com/hanshou/thinkphp/lang/zh-cn.php
[ info ] [ ROUTE ] array (
  'type' => 'module',
  'module' => 
  array (
    0 => 'hanshou',
    1 => 'index',
    2 => 'index',
  ),
)
[ info ] [ HEADER ] array (
  'host' => 'www.hanshoushou.com',
  'x-forwarded-host' => 'www.hanshoushou.com',
  'x-forwarded-server' => 'www.hanshoushou.com',
  'x-forwarded-for' => '66.249.79.115, 127.0.0.1, 173.254.200.70',
  'cookie' => 'antispame=1524411607; antispamkey=ac49828700d46cc4b8670f8cc8858678',
  'accept' => 'text/html,application/xhtml+xml,application/xml;q=0.9,*/*;q=0.8',
  'from' => 'googlebot(at)googlebot.com',
  'user-agent' => 'Mozilla/5.0 (compatible; Googlebot/2.1; +http://www.google.com/bot.html)',
  'accept-encoding' => 'gzip,deflate,br',
  'kerid' => '11644',
  'via' => '1.0 lax1.us.smartgslb.com (squid/3.4.9)',
  'surrogate-capability' => 'lax1.us.smartgslb.com="Surrogate/1.0"',
  'cache-control' => 'max-age=259200',
)
[ info ] [ PARAM ] array (
)
[ info ] [ BEHAVIOR ] Run app\common\behavior\Common @module_init [ RunTime:0.000389s ]
[ info ] [ DB ] INIT mysql
[ info ] [ SESSION ] INIT array (
  'id' => '',
  'var_session_id' => '',
  'prefix' => 'think',
  'type' => '',
  'auto_start' => true,
)
[ info ] [ RUN ] app\hanshou\controller\Index->index[ /data3/htdocs/hanshoushou.host.smartgslb.com/hanshou/application/hanshou/controller/Index.php ]
[ info ] [ VIEW ] /data3/htdocs/hanshoushou.host.smartgslb.com/hanshou/public/../application/hanshou/view/index/index.html [ array (
  0 => 'user',
  1 => 'site',
  2 => 'config',
  3 => 'need_wait',
  4 => 'is_login',
) ]
[ info ] [ LOG ] INIT File
[ sql ] [ DB ] CONNECT:[ UseTime:0.000255s ] mysql:host=localhost;port=3306;dbname=sql_hanshoushou;charset=utf8
[ sql ] [ SQL ] SHOW COLUMNS FROM `hs_mywords` [ RunTime:0.003396s ]
[ sql ] [ SQL ] SELECT * FROM `hs_mywords` [ RunTime:0.000221s ]
[ sql ] [ SQL ] SELECT * FROM `hs_mywords` WHERE  (  name = '阿韩' and is_read != 1 ) LIMIT 1 [ RunTime:0.000187s ]
[ sql ] [ SQL ] SELECT * FROM `hs_mywords` WHERE  (  name = '韩宇佳' and is_read != 1 ) LIMIT 1 [ RunTime:0.000161s ]
[ sql ] [ SQL ] SELECT * FROM `hs_mywords` WHERE  (  name = 'Ahan' and is_read != 1 ) LIMIT 1 [ RunTime:0.000090s ]
[ sql ] [ SQL ] SELECT * FROM `hs_mywords` WHERE  (  name = 'katja' and is_read != 1 ) LIMIT 1 [ RunTime:0.000092s ]
