---------------------------------------------------------------
[ 2019-06-02T21:03:44+08:00 ] 112.10.68.24 GET /hanshou/public/hanshou/test/jieguo
[ info ] www.hanshoushou.com/hanshou/public/hanshou/test/jieguo [运行时间：0.063283s][吞吐率：15.80req/s] [内存消耗：4,068.05kb] [文件加载：74]
[ info ] [ BEHAVIOR ] Run Closure @app_init [ RunTime:0.000037s ]
[ info ] [ CACHE ] INIT File
[ info ] [ BEHAVIOR ] Run Closure @app_init [ RunTime:0.002562s ]
[ info ] [ LANG ] /data3/htdocs/hanshoushou.host.smartgslb.com/hanshou/thinkphp/lang/zh-cn.php
[ info ] [ ROUTE ] array (
  'type' => 'module',
  'module' => 
  array (
    0 => 'hanshou',
    1 => 'test',
    2 => 'jieguo',
  ),
)
[ info ] [ HEADER ] array (
  'host' => 'www.hanshoushou.com',
  'x-forwarded-host' => 'www.hanshoushou.com',
  'x-forwarded-server' => 'www.hanshoushou.com',
  'x-forwarded-for' => '112.10.68.24, 103.27.186.4, 103.27.186.4',
  'upgrade-insecure-requests' => '1',
  'user-agent' => 'Mozilla/5.0 (Windows NT 10.0; WOW64) AppleWebKit/537.36 (KHTML, like Gecko) Chrome/53.0.2785.116 Safari/537.36 QBCore/3.53.1159.400 QQBrowser/9.0.2524.400 Mozilla/5.0 (Windows NT 6.1; WOW64) AppleWebKit/537.36 (KHTML, like Gecko) Chrome/39.0.2171.95 Safari/537.36 MicroMessenger/6.5.2.501 NetType/WIFI WindowsWechat',
  'accept' => 'text/html,application/xhtml+xml,application/xml;q=0.9,image/webp,*/*;q=0.8',
  'accept-encoding' => 'gzip, deflate',
  'accept-language' => 'zh-CN,zh;q=0.8,en-US;q=0.6,en;q=0.5;q=0.4',
  'kerid' => '11644',
  'via' => '1.1 tyo2.jp.smartgslb.com (squid/3.4.9)',
  'surrogate-capability' => 'tyo2.jp.smartgslb.com="Surrogate/1.0"',
  'cache-control' => 'max-age=259200',
)
[ info ] [ PARAM ] array (
)
[ info ] [ BEHAVIOR ] Run app\common\behavior\Common @module_init [ RunTime:0.000707s ]
[ info ] [ RUN ] app\hanshou\controller\Test->jieguo[ /data3/htdocs/hanshoushou.host.smartgslb.com/hanshou/application/hanshou/controller/Test.php ]
[ info ] [ VIEW ] /data3/htdocs/hanshoushou.host.smartgslb.com/hanshou/public/../application/hanshou/view/test/jieguo.html [ array (
  0 => 'user',
  1 => 'site',
  2 => 'config',
) ]
[ info ] [ LOG ] INIT File
---------------------------------------------------------------
[ 2019-06-02T21:03:46+08:00 ] 112.10.68.24 GET /hanshou/public/hanshou/test/_PUBLIC__/assets/test/images/erweima-p-500.png
[ info ] www.hanshoushou.com/hanshou/public/hanshou/test/_PUBLIC__/assets/test/images/erweima-p-500.png [运行时间：0.049882s][吞吐率：20.05req/s] [内存消耗：4,155.16kb] [文件加载：76]
[ info ] [ BEHAVIOR ] Run Closure @app_init [ RunTime:0.000031s ]
[ info ] [ CACHE ] INIT File
[ info ] [ BEHAVIOR ] Run Closure @app_init [ RunTime:0.001845s ]
[ info ] [ LANG ] /data3/htdocs/hanshoushou.host.smartgslb.com/hanshou/thinkphp/lang/zh-cn.php
[ info ] [ ROUTE ] array (
  'type' => 'module',
  'module' => 
  array (
    0 => 'hanshou',
    1 => 'test',
    2 => '_PUBLIC__',
  ),
)
[ info ] [ HEADER ] array (
  'host' => 'www.hanshoushou.com',
  'x-real-ip' => '112.10.68.24',
  'x-forwarded-host' => 'www.hanshoushou.com',
  'x-forwarded-server' => 'www.hanshoushou.com',
  'user-agent' => 'Mozilla/5.0 (Windows NT 10.0; WOW64) AppleWebKit/537.36 (KHTML, like Gecko) Chrome/53.0.2785.116 Safari/537.36 QBCore/3.53.1159.400 QQBrowser/9.0.2524.400 Mozilla/5.0 (Windows NT 6.1; WOW64) AppleWebKit/537.36 (KHTML, like Gecko) Chrome/39.0.2171.95 Safari/537.36 MicroMessenger/6.5.2.501 NetType/WIFI WindowsWechat',
  'accept' => 'image/webp,image/*,*/*;q=0.8',
  'referer' => 'http://www.hanshoushou.com/hanshou/public/hanshou/test/jieguo',
  'accept-encoding' => 'gzip, deflate',
  'accept-language' => 'zh-CN,zh;q=0.8,en-US;q=0.6,en;q=0.5;q=0.4',
  'kerid' => '11644',
  'via' => '1.1 cgo1.cn.smartgslb.com (squid/3.4.9)',
  'surrogate-capability' => 'cgo1.cn.smartgslb.com="Surrogate/1.0"',
  'x-forwarded-for' => '112.10.68.24, 10.122.226.45',
  'cache-control' => 'max-age=259200',
)
[ info ] [ PARAM ] array (
  'assets' => 'test',
  'images' => 'erweima-p-500.png',
)
[ info ] [ BEHAVIOR ] Run app\common\behavior\Common @module_init [ RunTime:0.000497s ]
[ info ] [ LOG ] INIT File
---------------------------------------------------------------
[ 2019-06-02T21:03:47+08:00 ] 112.10.68.24 GET /hanshou/public/hanshou/test/_PUBLIC__/assets/test/images/logo.png
[ info ] www.hanshoushou.com/hanshou/public/hanshou/test/_PUBLIC__/assets/test/images/logo.png [运行时间：0.039404s][吞吐率：25.38req/s] [内存消耗：4,155.81kb] [文件加载：76]
[ info ] [ BEHAVIOR ] Run Closure @app_init [ RunTime:0.000033s ]
[ info ] [ CACHE ] INIT File
[ info ] [ BEHAVIOR ] Run Closure @app_init [ RunTime:0.001769s ]
[ info ] [ LANG ] /data3/htdocs/hanshoushou.host.smartgslb.com/hanshou/thinkphp/lang/zh-cn.php
[ info ] [ ROUTE ] array (
  'type' => 'module',
  'module' => 
  array (
    0 => 'hanshou',
    1 => 'test',
    2 => '_PUBLIC__',
  ),
)
[ info ] [ HEADER ] array (
  'host' => 'www.hanshoushou.com',
  'x-real-ip' => '112.10.68.24',
  'x-forwarded-host' => 'www.hanshoushou.com',
  'x-forwarded-server' => 'www.hanshoushou.com',
  'user-agent' => 'Mozilla/5.0 (Windows NT 10.0; WOW64) AppleWebKit/537.36 (KHTML, like Gecko) Chrome/53.0.2785.116 Safari/537.36 QBCore/3.53.1159.400 QQBrowser/9.0.2524.400 Mozilla/5.0 (Windows NT 6.1; WOW64) AppleWebKit/537.36 (KHTML, like Gecko) Chrome/39.0.2171.95 Safari/537.36 MicroMessenger/6.5.2.501 NetType/WIFI WindowsWechat',
  'accept' => 'image/webp,image/*,*/*;q=0.8',
  'referer' => 'http://www.hanshoushou.com/hanshou/public/hanshou/test/jieguo',
  'accept-encoding' => 'gzip, deflate',
  'accept-language' => 'zh-CN,zh;q=0.8,en-US;q=0.6,en;q=0.5;q=0.4',
  'cookie' => 'antispame=1559487826; antispamkey=30bfc2ab272322525e3a785ae44613de',
  'kerid' => '11644',
  'via' => '1.1 cgo1.cn.smartgslb.com (squid/3.4.9)',
  'surrogate-capability' => 'cgo1.cn.smartgslb.com="Surrogate/1.0"',
  'x-forwarded-for' => '112.10.68.24, 10.122.226.45',
  'cache-control' => 'max-age=259200',
)
[ info ] [ PARAM ] array (
  'assets' => 'test',
  'images' => 'logo.png',
)
[ info ] [ BEHAVIOR ] Run app\common\behavior\Common @module_init [ RunTime:0.000406s ]
[ info ] [ LOG ] INIT File
