---------------------------------------------------------------
[ 2019-02-18T00:32:54+08:00 ] 137.226.113.26 GET /hanshou/public/hanshou/index/index.html
[ info ] www.hanshoushou.com/hanshou/public/hanshou/index/index.html [运行时间：0.064388s][吞吐率：15.53req/s] [内存消耗：5,098.51kb] [文件加载：81]
[ info ] [ BEHAVIOR ] Run Closure @app_init [ RunTime:0.000043s ]
[ info ] [ CACHE ] INIT File
[ info ] [ BEHAVIOR ] Run Closure @app_init [ RunTime:0.002400s ]
[ info ] [ LANG ] /data3/htdocs/hanshoushou.host.smartgslb.com/hanshou/thinkphp/lang/zh-cn.php
[ info ] [ ROUTE ] array (
  'type' => 'module',
  'module' => 
  array (
    0 => 'hanshou',
    1 => 'index',
    2 => 'index',
  ),
)
[ info ] [ HEADER ] array (
  'host' => 'www.hanshoushou.com',
  'x-forwarded-host' => 'www.hanshoushou.com',
  'x-forwarded-server' => 'www.hanshoushou.com',
  'user-agent' => 'Mozilla/5.0 zgrab/0.x (compatible; Researchscan/t12sns; +http://researchscan.comsys.rwth-aachen.de)',
  'accept' => '*/*',
  'accept-encoding' => 'gzip',
  'kerid' => '11644',
  'via' => '1.0 lax1.us.smartgslb.com (squid/3.4.9)',
  'surrogate-capability' => 'lax1.us.smartgslb.com="Surrogate/1.0"',
  'x-forwarded-for' => '137.226.113.26, 127.0.0.1',
  'cache-control' => 'max-age=259200',
)
[ info ] [ PARAM ] array (
)
[ info ] [ BEHAVIOR ] Run app\common\behavior\Common @module_init [ RunTime:0.000587s ]
[ info ] [ DB ] INIT mysql
[ info ] [ SESSION ] INIT array (
  'id' => '',
  'var_session_id' => '',
  'prefix' => 'think',
  'type' => '',
  'auto_start' => true,
)
[ info ] [ RUN ] app\hanshou\controller\Index->index[ /data3/htdocs/hanshoushou.host.smartgslb.com/hanshou/application/hanshou/controller/Index.php ]
[ info ] [ VIEW ] /data3/htdocs/hanshoushou.host.smartgslb.com/hanshou/public/../application/hanshou/view/index/index.html [ array (
  0 => 'user',
  1 => 'site',
  2 => 'config',
  3 => 'need_wait',
  4 => 'is_login',
) ]
[ info ] [ LOG ] INIT File
[ sql ] [ DB ] CONNECT:[ UseTime:0.000217s ] mysql:host=localhost;port=3306;dbname=sql_hanshoushou;charset=utf8
[ sql ] [ SQL ] SHOW COLUMNS FROM `hs_mywords` [ RunTime:0.001297s ]
[ sql ] [ SQL ] SELECT * FROM `hs_mywords` [ RunTime:0.000204s ]
[ sql ] [ SQL ] SELECT * FROM `hs_mywords` WHERE  (  name = '阿韩' and is_read != 1 ) LIMIT 1 [ RunTime:0.000137s ]
[ sql ] [ SQL ] SELECT * FROM `hs_mywords` WHERE  (  name = '韩宇佳' and is_read != 1 ) LIMIT 1 [ RunTime:0.000117s ]
[ sql ] [ SQL ] SELECT * FROM `hs_mywords` WHERE  (  name = 'Ahan' and is_read != 1 ) LIMIT 1 [ RunTime:0.000114s ]
[ sql ] [ SQL ] SELECT * FROM `hs_mywords` WHERE  (  name = 'katja' and is_read != 1 ) LIMIT 1 [ RunTime:0.000112s ]
---------------------------------------------------------------
[ 2019-02-18T06:57:08+08:00 ] 52.53.201.78 GET /hanshou/public/hanshou/index/index.html
[ info ] www.hanshoushou.com/hanshou/public/hanshou/index/index.html [运行时间：0.063484s][吞吐率：15.75req/s] [内存消耗：5,098.85kb] [文件加载：81]
[ info ] [ BEHAVIOR ] Run Closure @app_init [ RunTime:0.000038s ]
[ info ] [ CACHE ] INIT File
[ info ] [ BEHAVIOR ] Run Closure @app_init [ RunTime:0.002195s ]
[ info ] [ LANG ] /data3/htdocs/hanshoushou.host.smartgslb.com/hanshou/thinkphp/lang/zh-cn.php
[ info ] [ ROUTE ] array (
  'type' => 'module',
  'module' => 
  array (
    0 => 'hanshou',
    1 => 'index',
    2 => 'index',
  ),
)
[ info ] [ HEADER ] array (
  'host' => 'www.hanshoushou.com',
  'x-forwarded-host' => 'www.hanshoushou.com',
  'x-forwarded-server' => 'www.hanshoushou.com',
  'user-agent' => 'Mozilla/5.0 (Macintosh; Intel Mac OS X 10_12_6) AppleWebKit/537.36 (KHTML, like Gecko) Chrome/61.0.3163.100 Safari/537.36',
  'accept' => '*/*',
  'referer' => 'http://www.hanshoushou.com/',
  'accept-encoding' => 'gzip',
  'kerid' => '11644',
  'via' => '1.0 lax1.us.smartgslb.com (squid/3.4.9)',
  'surrogate-capability' => 'lax1.us.smartgslb.com="Surrogate/1.0"',
  'x-forwarded-for' => '52.53.201.78, 127.0.0.1',
  'cache-control' => 'max-age=259200',
)
[ info ] [ PARAM ] array (
)
[ info ] [ BEHAVIOR ] Run app\common\behavior\Common @module_init [ RunTime:0.000509s ]
[ info ] [ DB ] INIT mysql
[ info ] [ SESSION ] INIT array (
  'id' => '',
  'var_session_id' => '',
  'prefix' => 'think',
  'type' => '',
  'auto_start' => true,
)
[ info ] [ RUN ] app\hanshou\controller\Index->index[ /data3/htdocs/hanshoushou.host.smartgslb.com/hanshou/application/hanshou/controller/Index.php ]
[ info ] [ VIEW ] /data3/htdocs/hanshoushou.host.smartgslb.com/hanshou/public/../application/hanshou/view/index/index.html [ array (
  0 => 'user',
  1 => 'site',
  2 => 'config',
  3 => 'need_wait',
  4 => 'is_login',
) ]
[ info ] [ LOG ] INIT File
[ sql ] [ DB ] CONNECT:[ UseTime:0.000335s ] mysql:host=localhost;port=3306;dbname=sql_hanshoushou;charset=utf8
[ sql ] [ SQL ] SHOW COLUMNS FROM `hs_mywords` [ RunTime:0.002838s ]
[ sql ] [ SQL ] SELECT * FROM `hs_mywords` [ RunTime:0.000225s ]
[ sql ] [ SQL ] SELECT * FROM `hs_mywords` WHERE  (  name = '阿韩' and is_read != 1 ) LIMIT 1 [ RunTime:0.000153s ]
[ sql ] [ SQL ] SELECT * FROM `hs_mywords` WHERE  (  name = '韩宇佳' and is_read != 1 ) LIMIT 1 [ RunTime:0.000115s ]
[ sql ] [ SQL ] SELECT * FROM `hs_mywords` WHERE  (  name = 'Ahan' and is_read != 1 ) LIMIT 1 [ RunTime:0.000081s ]
[ sql ] [ SQL ] SELECT * FROM `hs_mywords` WHERE  (  name = 'katja' and is_read != 1 ) LIMIT 1 [ RunTime:0.000078s ]
---------------------------------------------------------------
[ 2019-02-18T09:58:52+08:00 ] 66.249.79.17 GET /hanshou/public/hanshou/index/index.html
[ info ] www.hanshoushou.com/hanshou/public/hanshou/index/index.html [运行时间：0.049721s][吞吐率：20.11req/s] [内存消耗：5,099.75kb] [文件加载：81]
[ info ] [ BEHAVIOR ] Run Closure @app_init [ RunTime:0.000036s ]
[ info ] [ CACHE ] INIT File
[ info ] [ BEHAVIOR ] Run Closure @app_init [ RunTime:0.001610s ]
[ info ] [ LANG ] /data3/htdocs/hanshoushou.host.smartgslb.com/hanshou/thinkphp/lang/zh-cn.php
[ info ] [ ROUTE ] array (
  'type' => 'module',
  'module' => 
  array (
    0 => 'hanshou',
    1 => 'index',
    2 => 'index',
  ),
)
[ info ] [ HEADER ] array (
  'host' => 'www.hanshoushou.com',
  'x-forwarded-host' => 'www.hanshoushou.com',
  'x-forwarded-server' => 'www.hanshoushou.com',
  'cookie' => 'antispame=1550462331; antispamkey=c151fecc34a468812fb8bafbfe961e61',
  'accept' => 'text/html,application/xhtml+xml,application/xml;q=0.9,*/*;q=0.8',
  'from' => 'googlebot(at)googlebot.com',
  'user-agent' => 'Mozilla/5.0 (Linux; Android 6.0.1; Nexus 5X Build/MMB29P) AppleWebKit/537.36 (KHTML, like Gecko) Chrome/41.0.2272.96 Mobile Safari/537.36 (compatible; Googlebot/2.1; +http://www.google.com/bot.html)',
  'accept-encoding' => 'gzip,deflate,br',
  'kerid' => '11644',
  'via' => '1.0 lax1.us.smartgslb.com (squid/3.4.9)',
  'surrogate-capability' => 'lax1.us.smartgslb.com="Surrogate/1.0"',
  'x-forwarded-for' => '66.249.79.17, 127.0.0.1',
  'cache-control' => 'max-age=259200',
)
[ info ] [ PARAM ] array (
)
[ info ] [ BEHAVIOR ] Run app\common\behavior\Common @module_init [ RunTime:0.000377s ]
[ info ] [ DB ] INIT mysql
[ info ] [ SESSION ] INIT array (
  'id' => '',
  'var_session_id' => '',
  'prefix' => 'think',
  'type' => '',
  'auto_start' => true,
)
[ info ] [ RUN ] app\hanshou\controller\Index->index[ /data3/htdocs/hanshoushou.host.smartgslb.com/hanshou/application/hanshou/controller/Index.php ]
[ info ] [ VIEW ] /data3/htdocs/hanshoushou.host.smartgslb.com/hanshou/public/../application/hanshou/view/index/index.html [ array (
  0 => 'user',
  1 => 'site',
  2 => 'config',
  3 => 'need_wait',
  4 => 'is_login',
) ]
[ info ] [ LOG ] INIT File
[ sql ] [ DB ] CONNECT:[ UseTime:0.000246s ] mysql:host=localhost;port=3306;dbname=sql_hanshoushou;charset=utf8
[ sql ] [ SQL ] SHOW COLUMNS FROM `hs_mywords` [ RunTime:0.002539s ]
[ sql ] [ SQL ] SELECT * FROM `hs_mywords` [ RunTime:0.000207s ]
[ sql ] [ SQL ] SELECT * FROM `hs_mywords` WHERE  (  name = '阿韩' and is_read != 1 ) LIMIT 1 [ RunTime:0.000107s ]
[ sql ] [ SQL ] SELECT * FROM `hs_mywords` WHERE  (  name = '韩宇佳' and is_read != 1 ) LIMIT 1 [ RunTime:0.000083s ]
[ sql ] [ SQL ] SELECT * FROM `hs_mywords` WHERE  (  name = 'Ahan' and is_read != 1 ) LIMIT 1 [ RunTime:0.000080s ]
[ sql ] [ SQL ] SELECT * FROM `hs_mywords` WHERE  (  name = 'katja' and is_read != 1 ) LIMIT 1 [ RunTime:0.000076s ]
