---------------------------------------------------------------
[ 2019-05-28T01:54:25+08:00 ] 61.157.96.18 GET /hanshou/public/hanshou/index/index.html
[ info ] www.hanshoushou.com/hanshou/public/hanshou/index/index.html [运行时间：0.051224s][吞吐率：19.52req/s] [内存消耗：5,125.99kb] [文件加载：81]
[ info ] [ BEHAVIOR ] Run Closure @app_init [ RunTime:0.000026s ]
[ info ] [ CACHE ] INIT File
[ info ] [ BEHAVIOR ] Run Closure @app_init [ RunTime:0.001653s ]
[ info ] [ LANG ] /data3/htdocs/hanshoushou.host.smartgslb.com/hanshou/thinkphp/lang/zh-cn.php
[ info ] [ ROUTE ] array (
  'type' => 'module',
  'module' => 
  array (
    0 => 'hanshou',
    1 => 'index',
    2 => 'index',
  ),
)
[ info ] [ HEADER ] array (
  'host' => 'www.hanshoushou.com',
  'x-forwarded-host' => 'www.hanshoushou.com',
  'x-forwarded-server' => 'www.hanshoushou.com',
  'x-forwarded-for' => '61.157.96.18, 103.27.186.4, 103.27.186.4',
  'pragma' => 'no-cache',
  'upgrade-insecure-requests' => '1',
  'user-agent' => 'Mozilla/5.0 (iPhone; CPU iPhone OS 11_0 like Mac OS X) AppleWebKit/604.1.38 (KHTML, like Gecko) Version/11.0 Mobile/15A372 Safari/604.1',
  'accept' => 'text/html,application/xhtml+xml,application/xml;q=0.9,image/webp,image/apng,*/*;q=0.8',
  'accept-encoding' => 'gzip, deflate',
  'cookie' => 'antispame=1558986864; antispamkey=dc278603ab6a7167acccf1a6a57dced1',
  'kerid' => '11644',
  'via' => '1.1 tyo2.jp.smartgslb.com (squid/3.4.9)',
  'surrogate-capability' => 'tyo2.jp.smartgslb.com="Surrogate/1.0"',
  'cache-control' => 'no-cache',
)
[ info ] [ PARAM ] array (
)
[ info ] [ BEHAVIOR ] Run app\common\behavior\Common @module_init [ RunTime:0.000424s ]
[ info ] [ DB ] INIT mysql
[ info ] [ SESSION ] INIT array (
  'id' => '',
  'var_session_id' => '',
  'prefix' => 'think',
  'type' => '',
  'auto_start' => true,
)
[ info ] [ RUN ] app\hanshou\controller\Index->index[ /data3/htdocs/hanshoushou.host.smartgslb.com/hanshou/application/hanshou/controller/Index.php ]
[ info ] [ VIEW ] /data3/htdocs/hanshoushou.host.smartgslb.com/hanshou/public/../application/hanshou/view/index/index.html [ array (
  0 => 'user',
  1 => 'site',
  2 => 'config',
  3 => 'need_wait',
  4 => 'is_login',
) ]
[ info ] [ LOG ] INIT File
[ sql ] [ DB ] CONNECT:[ UseTime:0.000262s ] mysql:host=localhost;port=3306;dbname=sql_hanshoushou;charset=utf8
[ sql ] [ SQL ] SHOW COLUMNS FROM `hs_mywords` [ RunTime:0.001790s ]
[ sql ] [ SQL ] SELECT * FROM `hs_mywords` [ RunTime:0.000267s ]
[ sql ] [ SQL ] SELECT * FROM `hs_mywords` WHERE  (  name = '阿韩' and is_read != 1 ) LIMIT 1 [ RunTime:0.000162s ]
[ sql ] [ SQL ] SELECT * FROM `hs_mywords` WHERE  (  name = '韩宇佳' and is_read != 1 ) LIMIT 1 [ RunTime:0.000139s ]
[ sql ] [ SQL ] SELECT * FROM `hs_mywords` WHERE  (  name = 'Ahan' and is_read != 1 ) LIMIT 1 [ RunTime:0.000135s ]
[ sql ] [ SQL ] SELECT * FROM `hs_mywords` WHERE  (  name = 'katja' and is_read != 1 ) LIMIT 1 [ RunTime:0.000116s ]
