---------------------------------------------------------------
[ 2018-08-24T00:45:04+08:00 ] 52.53.201.78 GET /hanshou/public/hanshou/index/index.html
[ info ] www.hanshoushou.com/hanshou/public/hanshou/index/index.html [运行时间：0.048175s][吞吐率：20.76req/s] [内存消耗：5,099.01kb] [文件加载：81]
[ info ] [ BEHAVIOR ] Run Closure @app_init [ RunTime:0.000041s ]
[ info ] [ CACHE ] INIT File
[ info ] [ BEHAVIOR ] Run Closure @app_init [ RunTime:0.001527s ]
[ info ] [ LANG ] /data3/htdocs/hanshoushou.host.smartgslb.com/hanshou/thinkphp/lang/zh-cn.php
[ info ] [ ROUTE ] array (
  'type' => 'module',
  'module' => 
  array (
    0 => 'hanshou',
    1 => 'index',
    2 => 'index',
  ),
)
[ info ] [ HEADER ] array (
  'host' => 'www.hanshoushou.com',
  'x-forwarded-host' => 'www.hanshoushou.com',
  'x-forwarded-server' => 'www.hanshoushou.com',
  'x-forwarded-for' => '52.53.201.78, 127.0.0.1, 173.254.200.70',
  'user-agent' => 'Mozilla/5.0 (Macintosh; Intel Mac OS X 10_12_6) AppleWebKit/537.36 (KHTML, like Gecko) Chrome/61.0.3163.100 Safari/537.36',
  'accept' => '*/*',
  'referer' => 'http://www.hanshoushou.com/',
  'accept-encoding' => 'gzip',
  'kerid' => '11644',
  'via' => '1.0 lax1.us.smartgslb.com (squid/3.4.9)',
  'surrogate-capability' => 'lax1.us.smartgslb.com="Surrogate/1.0"',
  'cache-control' => 'max-age=259200',
)
[ info ] [ PARAM ] array (
)
[ info ] [ BEHAVIOR ] Run app\common\behavior\Common @module_init [ RunTime:0.000414s ]
[ info ] [ DB ] INIT mysql
[ info ] [ SESSION ] INIT array (
  'id' => '',
  'var_session_id' => '',
  'prefix' => 'think',
  'type' => '',
  'auto_start' => true,
)
[ info ] [ RUN ] app\hanshou\controller\Index->index[ /data3/htdocs/hanshoushou.host.smartgslb.com/hanshou/application/hanshou/controller/Index.php ]
[ info ] [ VIEW ] /data3/htdocs/hanshoushou.host.smartgslb.com/hanshou/public/../application/hanshou/view/index/index.html [ array (
  0 => 'user',
  1 => 'site',
  2 => 'config',
  3 => 'need_wait',
  4 => 'is_login',
) ]
[ info ] [ LOG ] INIT File
[ sql ] [ DB ] CONNECT:[ UseTime:0.000222s ] mysql:host=localhost;port=3306;dbname=sql_hanshoushou;charset=utf8
[ sql ] [ SQL ] SHOW COLUMNS FROM `hs_mywords` [ RunTime:0.002299s ]
[ sql ] [ SQL ] SELECT * FROM `hs_mywords` [ RunTime:0.000227s ]
[ sql ] [ SQL ] SELECT * FROM `hs_mywords` WHERE  (  name = '阿韩' and is_read != 1 ) LIMIT 1 [ RunTime:0.000137s ]
[ sql ] [ SQL ] SELECT * FROM `hs_mywords` WHERE  (  name = '韩宇佳' and is_read != 1 ) LIMIT 1 [ RunTime:0.000120s ]
[ sql ] [ SQL ] SELECT * FROM `hs_mywords` WHERE  (  name = 'Ahan' and is_read != 1 ) LIMIT 1 [ RunTime:0.000114s ]
[ sql ] [ SQL ] SELECT * FROM `hs_mywords` WHERE  (  name = 'katja' and is_read != 1 ) LIMIT 1 [ RunTime:0.000119s ]
---------------------------------------------------------------
[ 2018-08-24T01:17:45+08:00 ] 66.249.79.48 GET /hanshou/public/hanshou/index/index.html
[ info ] www.hanshoushou.com/hanshou/public/hanshou/index/index.html [运行时间：0.048764s][吞吐率：20.51req/s] [内存消耗：5,098.67kb] [文件加载：81]
[ info ] [ BEHAVIOR ] Run Closure @app_init [ RunTime:0.000042s ]
[ info ] [ CACHE ] INIT File
[ info ] [ BEHAVIOR ] Run Closure @app_init [ RunTime:0.001585s ]
[ info ] [ LANG ] /data3/htdocs/hanshoushou.host.smartgslb.com/hanshou/thinkphp/lang/zh-cn.php
[ info ] [ ROUTE ] array (
  'type' => 'module',
  'module' => 
  array (
    0 => 'hanshou',
    1 => 'index',
    2 => 'index',
  ),
)
[ info ] [ HEADER ] array (
  'host' => 'www.hanshoushou.com',
  'x-forwarded-host' => 'www.hanshoushou.com',
  'x-forwarded-server' => 'www.hanshoushou.com',
  'x-forwarded-for' => '66.249.79.48, 127.0.0.1, 173.254.200.70',
  'accept' => 'text/html,application/xhtml+xml,application/xml;q=0.9,*/*;q=0.8',
  'from' => 'googlebot(at)googlebot.com',
  'user-agent' => 'Mozilla/5.0 (compatible; Googlebot/2.1; +http://www.google.com/bot.html)',
  'accept-encoding' => 'gzip,deflate,br',
  'kerid' => '11644',
  'via' => '1.0 lax1.us.smartgslb.com (squid/3.4.9)',
  'surrogate-capability' => 'lax1.us.smartgslb.com="Surrogate/1.0"',
  'cache-control' => 'max-age=259200',
)
[ info ] [ PARAM ] array (
)
[ info ] [ BEHAVIOR ] Run app\common\behavior\Common @module_init [ RunTime:0.000377s ]
[ info ] [ DB ] INIT mysql
[ info ] [ SESSION ] INIT array (
  'id' => '',
  'var_session_id' => '',
  'prefix' => 'think',
  'type' => '',
  'auto_start' => true,
)
[ info ] [ RUN ] app\hanshou\controller\Index->index[ /data3/htdocs/hanshoushou.host.smartgslb.com/hanshou/application/hanshou/controller/Index.php ]
[ info ] [ VIEW ] /data3/htdocs/hanshoushou.host.smartgslb.com/hanshou/public/../application/hanshou/view/index/index.html [ array (
  0 => 'user',
  1 => 'site',
  2 => 'config',
  3 => 'need_wait',
  4 => 'is_login',
) ]
[ info ] [ LOG ] INIT File
[ sql ] [ DB ] CONNECT:[ UseTime:0.000265s ] mysql:host=localhost;port=3306;dbname=sql_hanshoushou;charset=utf8
[ sql ] [ SQL ] SHOW COLUMNS FROM `hs_mywords` [ RunTime:0.004353s ]
[ sql ] [ SQL ] SELECT * FROM `hs_mywords` [ RunTime:0.000189s ]
[ sql ] [ SQL ] SELECT * FROM `hs_mywords` WHERE  (  name = '阿韩' and is_read != 1 ) LIMIT 1 [ RunTime:0.000143s ]
[ sql ] [ SQL ] SELECT * FROM `hs_mywords` WHERE  (  name = '韩宇佳' and is_read != 1 ) LIMIT 1 [ RunTime:0.000112s ]
[ sql ] [ SQL ] SELECT * FROM `hs_mywords` WHERE  (  name = 'Ahan' and is_read != 1 ) LIMIT 1 [ RunTime:0.000082s ]
[ sql ] [ SQL ] SELECT * FROM `hs_mywords` WHERE  (  name = 'katja' and is_read != 1 ) LIMIT 1 [ RunTime:0.000077s ]
---------------------------------------------------------------
[ 2018-08-24T01:17:45+08:00 ] 66.249.79.42 GET /hanshou/public/hanshou/index/index.html
[ info ] www.hanshoushou.com/hanshou/public/hanshou/index/index.html [运行时间：0.052373s][吞吐率：19.09req/s] [内存消耗：5,099.24kb] [文件加载：81]
[ info ] [ BEHAVIOR ] Run Closure @app_init [ RunTime:0.000036s ]
[ info ] [ CACHE ] INIT File
[ info ] [ BEHAVIOR ] Run Closure @app_init [ RunTime:0.001638s ]
[ info ] [ LANG ] /data3/htdocs/hanshoushou.host.smartgslb.com/hanshou/thinkphp/lang/zh-cn.php
[ info ] [ ROUTE ] array (
  'type' => 'module',
  'module' => 
  array (
    0 => 'hanshou',
    1 => 'index',
    2 => 'index',
  ),
)
[ info ] [ HEADER ] array (
  'host' => 'www.hanshoushou.com',
  'x-forwarded-host' => 'www.hanshoushou.com',
  'x-forwarded-server' => 'www.hanshoushou.com',
  'x-forwarded-for' => '66.249.79.42, 127.0.0.1, 173.254.200.70',
  'accept' => 'text/html,application/xhtml+xml,application/xml;q=0.9,*/*;q=0.8',
  'from' => 'googlebot(at)googlebot.com',
  'user-agent' => 'Mozilla/5.0 (Linux; Android 6.0.1; Nexus 5X Build/MMB29P) AppleWebKit/537.36 (KHTML, like Gecko) Chrome/41.0.2272.96 Mobile Safari/537.36 (compatible; Googlebot/2.1; +http://www.google.com/bot.html)',
  'accept-encoding' => 'gzip,deflate,br',
  'kerid' => '11644',
  'via' => '1.0 lax1.us.smartgslb.com (squid/3.4.9)',
  'surrogate-capability' => 'lax1.us.smartgslb.com="Surrogate/1.0"',
  'cache-control' => 'max-age=259200',
)
[ info ] [ PARAM ] array (
)
[ info ] [ BEHAVIOR ] Run app\common\behavior\Common @module_init [ RunTime:0.000413s ]
[ info ] [ DB ] INIT mysql
[ info ] [ SESSION ] INIT array (
  'id' => '',
  'var_session_id' => '',
  'prefix' => 'think',
  'type' => '',
  'auto_start' => true,
)
[ info ] [ RUN ] app\hanshou\controller\Index->index[ /data3/htdocs/hanshoushou.host.smartgslb.com/hanshou/application/hanshou/controller/Index.php ]
[ info ] [ VIEW ] /data3/htdocs/hanshoushou.host.smartgslb.com/hanshou/public/../application/hanshou/view/index/index.html [ array (
  0 => 'user',
  1 => 'site',
  2 => 'config',
  3 => 'need_wait',
  4 => 'is_login',
) ]
[ info ] [ LOG ] INIT File
[ sql ] [ DB ] CONNECT:[ UseTime:0.000238s ] mysql:host=localhost;port=3306;dbname=sql_hanshoushou;charset=utf8
[ sql ] [ SQL ] SHOW COLUMNS FROM `hs_mywords` [ RunTime:0.002324s ]
[ sql ] [ SQL ] SELECT * FROM `hs_mywords` [ RunTime:0.000146s ]
[ sql ] [ SQL ] SELECT * FROM `hs_mywords` WHERE  (  name = '阿韩' and is_read != 1 ) LIMIT 1 [ RunTime:0.000152s ]
[ sql ] [ SQL ] SELECT * FROM `hs_mywords` WHERE  (  name = '韩宇佳' and is_read != 1 ) LIMIT 1 [ RunTime:0.000131s ]
[ sql ] [ SQL ] SELECT * FROM `hs_mywords` WHERE  (  name = 'Ahan' and is_read != 1 ) LIMIT 1 [ RunTime:0.000166s ]
[ sql ] [ SQL ] SELECT * FROM `hs_mywords` WHERE  (  name = 'katja' and is_read != 1 ) LIMIT 1 [ RunTime:0.000109s ]
---------------------------------------------------------------
[ 2018-08-24T04:38:34+08:00 ] 66.249.79.42 GET /hanshou/public/hanshou/index/index.html
[ info ] www.hanshoushou.com/hanshou/public/hanshou/index/index.html [运行时间：0.048357s][吞吐率：20.68req/s] [内存消耗：5,099.52kb] [文件加载：81]
[ info ] [ BEHAVIOR ] Run Closure @app_init [ RunTime:0.000040s ]
[ info ] [ CACHE ] INIT File
[ info ] [ BEHAVIOR ] Run Closure @app_init [ RunTime:0.001624s ]
[ info ] [ LANG ] /data3/htdocs/hanshoushou.host.smartgslb.com/hanshou/thinkphp/lang/zh-cn.php
[ info ] [ ROUTE ] array (
  'type' => 'module',
  'module' => 
  array (
    0 => 'hanshou',
    1 => 'index',
    2 => 'index',
  ),
)
[ info ] [ HEADER ] array (
  'host' => 'www.hanshoushou.com',
  'x-forwarded-host' => 'www.hanshoushou.com',
  'x-forwarded-server' => 'www.hanshoushou.com',
  'x-forwarded-for' => '66.249.79.42, 127.0.0.1, 173.254.200.70',
  'cookie' => 'antispame=1535063914; antispamkey=82a73a3de38f0ee58d5e2bae82d8220e',
  'accept' => 'text/html,application/xhtml+xml,application/xml;q=0.9,*/*;q=0.8',
  'from' => 'googlebot(at)googlebot.com',
  'user-agent' => 'Mozilla/5.0 (compatible; Googlebot/2.1; +http://www.google.com/bot.html)',
  'accept-encoding' => 'gzip,deflate,br',
  'kerid' => '11644',
  'via' => '1.0 lax1.us.smartgslb.com (squid/3.4.9)',
  'surrogate-capability' => 'lax1.us.smartgslb.com="Surrogate/1.0"',
  'cache-control' => 'max-age=259200',
)
[ info ] [ PARAM ] array (
)
[ info ] [ BEHAVIOR ] Run app\common\behavior\Common @module_init [ RunTime:0.000428s ]
[ info ] [ DB ] INIT mysql
[ info ] [ SESSION ] INIT array (
  'id' => '',
  'var_session_id' => '',
  'prefix' => 'think',
  'type' => '',
  'auto_start' => true,
)
[ info ] [ RUN ] app\hanshou\controller\Index->index[ /data3/htdocs/hanshoushou.host.smartgslb.com/hanshou/application/hanshou/controller/Index.php ]
[ info ] [ VIEW ] /data3/htdocs/hanshoushou.host.smartgslb.com/hanshou/public/../application/hanshou/view/index/index.html [ array (
  0 => 'user',
  1 => 'site',
  2 => 'config',
  3 => 'need_wait',
  4 => 'is_login',
) ]
[ info ] [ LOG ] INIT File
[ sql ] [ DB ] CONNECT:[ UseTime:0.000240s ] mysql:host=localhost;port=3306;dbname=sql_hanshoushou;charset=utf8
[ sql ] [ SQL ] SHOW COLUMNS FROM `hs_mywords` [ RunTime:0.002405s ]
[ sql ] [ SQL ] SELECT * FROM `hs_mywords` [ RunTime:0.000206s ]
[ sql ] [ SQL ] SELECT * FROM `hs_mywords` WHERE  (  name = '阿韩' and is_read != 1 ) LIMIT 1 [ RunTime:0.000109s ]
[ sql ] [ SQL ] SELECT * FROM `hs_mywords` WHERE  (  name = '韩宇佳' and is_read != 1 ) LIMIT 1 [ RunTime:0.000092s ]
[ sql ] [ SQL ] SELECT * FROM `hs_mywords` WHERE  (  name = 'Ahan' and is_read != 1 ) LIMIT 1 [ RunTime:0.000096s ]
[ sql ] [ SQL ] SELECT * FROM `hs_mywords` WHERE  (  name = 'katja' and is_read != 1 ) LIMIT 1 [ RunTime:0.000090s ]
---------------------------------------------------------------
[ 2018-08-24T04:46:04+08:00 ] 66.249.79.48 GET /hanshou/public/hanshou/index/lookornot.html
[ info ] www.hanshoushou.com/hanshou/public/hanshou/index/lookornot.html [运行时间：0.053663s][吞吐率：18.63req/s] [内存消耗：5,175.96kb] [文件加载：82]
[ info ] [ BEHAVIOR ] Run Closure @app_init [ RunTime:0.000034s ]
[ info ] [ CACHE ] INIT File
[ info ] [ BEHAVIOR ] Run Closure @app_init [ RunTime:0.001631s ]
[ info ] [ LANG ] /data3/htdocs/hanshoushou.host.smartgslb.com/hanshou/thinkphp/lang/zh-cn.php
[ info ] [ ROUTE ] array (
  'type' => 'module',
  'module' => 
  array (
    0 => 'hanshou',
    1 => 'index',
    2 => 'lookornot',
  ),
)
[ info ] [ HEADER ] array (
  'host' => 'www.hanshoushou.com',
  'x-forwarded-host' => 'www.hanshoushou.com',
  'x-forwarded-server' => 'www.hanshoushou.com',
  'x-forwarded-for' => '66.249.79.48, 127.0.0.1, 173.254.200.70',
  'accept' => 'text/html,application/xhtml+xml,application/xml;q=0.9,*/*;q=0.8',
  'from' => 'googlebot(at)googlebot.com',
  'user-agent' => 'Mozilla/5.0 (compatible; Googlebot/2.1; +http://www.google.com/bot.html)',
  'accept-encoding' => 'gzip,deflate,br',
  'kerid' => '11644',
  'via' => '1.0 lax1.us.smartgslb.com (squid/3.4.9)',
  'surrogate-capability' => 'lax1.us.smartgslb.com="Surrogate/1.0"',
  'cache-control' => 'max-age=259200',
)
[ info ] [ PARAM ] array (
)
[ info ] [ BEHAVIOR ] Run app\common\behavior\Common @module_init [ RunTime:0.000408s ]
[ info ] [ DB ] INIT mysql
[ info ] [ SESSION ] INIT array (
  'id' => '',
  'var_session_id' => '',
  'prefix' => 'think',
  'type' => '',
  'auto_start' => true,
)
[ info ] [ RUN ] app\hanshou\controller\Index->lookornot[ /data3/htdocs/hanshoushou.host.smartgslb.com/hanshou/application/hanshou/controller/Index.php ]
[ info ] [ LOG ] INIT File
[ sql ] [ DB ] CONNECT:[ UseTime:0.000234s ] mysql:host=localhost;port=3306;dbname=sql_hanshoushou;charset=utf8
[ sql ] [ SQL ] SHOW COLUMNS FROM `hs_mywords` [ RunTime:0.004695s ]
[ sql ] [ SQL ] SELECT * FROM `hs_mywords` [ RunTime:0.000253s ]
[ sql ] [ SQL ] SELECT * FROM `hs_mywords` WHERE  (  name = '阿韩' and is_read != 1 ) LIMIT 1 [ RunTime:0.000145s ]
[ sql ] [ SQL ] SELECT * FROM `hs_mywords` WHERE  (  name = '韩宇佳' and is_read != 1 ) LIMIT 1 [ RunTime:0.000113s ]
[ sql ] [ SQL ] SELECT * FROM `hs_mywords` WHERE  (  name = 'Ahan' and is_read != 1 ) LIMIT 1 [ RunTime:0.000115s ]
[ sql ] [ SQL ] SELECT * FROM `hs_mywords` WHERE  (  name = 'katja' and is_read != 1 ) LIMIT 1 [ RunTime:0.000086s ]
[ error ] [0]variable type error： array[/data3/htdocs/hanshoushou.host.smartgslb.com/hanshou/thinkphp/library/think/Response.php:318]
---------------------------------------------------------------
[ 2018-08-24T10:54:52+08:00 ] 183.3.239.164 GET /hanshou/public/hanshou/index/index.html
[ info ] www.hanshoushou.com/hanshou/public/hanshou/index/index.html [运行时间：0.069713s][吞吐率：14.34req/s] [内存消耗：5,099.44kb] [文件加载：81]
[ info ] [ BEHAVIOR ] Run Closure @app_init [ RunTime:0.000038s ]
[ info ] [ CACHE ] INIT File
[ info ] [ BEHAVIOR ] Run Closure @app_init [ RunTime:0.002527s ]
[ info ] [ LANG ] /data3/htdocs/hanshoushou.host.smartgslb.com/hanshou/thinkphp/lang/zh-cn.php
[ info ] [ ROUTE ] array (
  'type' => 'module',
  'module' => 
  array (
    0 => 'hanshou',
    1 => 'index',
    2 => 'index',
  ),
)
[ info ] [ HEADER ] array (
  'host' => 'www.hanshoushou.com',
  'x-forwarded-host' => 'www.hanshoushou.com',
  'x-forwarded-server' => 'www.hanshoushou.com',
  'accept' => '*/*',
  'referer' => 'http://www.hanshoushou.com/',
  'cookie' => 'antispame=1535086490;antispamkey=ff2c922c1273d6bf013699ebcd21615c;',
  'accept-language' => 'zh-cn',
  'user-agent' => 'Mozilla/5.0 (compatible; MSIE 9.0; Windows NT 6.1; Trident/5.0)',
  'kerid' => '11644',
  'via' => '1.1 hkg4.hk.smartgslb.com (squid/3.4.9)',
  'surrogate-capability' => 'hkg4.hk.smartgslb.com="Surrogate/1.0"',
  'x-forwarded-for' => '183.3.239.164, 127.0.0.1',
  'cache-control' => 'max-age=259200',
)
[ info ] [ PARAM ] array (
)
[ info ] [ BEHAVIOR ] Run app\common\behavior\Common @module_init [ RunTime:0.000590s ]
[ info ] [ DB ] INIT mysql
[ info ] [ SESSION ] INIT array (
  'id' => '',
  'var_session_id' => '',
  'prefix' => 'think',
  'type' => '',
  'auto_start' => true,
)
[ info ] [ RUN ] app\hanshou\controller\Index->index[ /data3/htdocs/hanshoushou.host.smartgslb.com/hanshou/application/hanshou/controller/Index.php ]
[ info ] [ VIEW ] /data3/htdocs/hanshoushou.host.smartgslb.com/hanshou/public/../application/hanshou/view/index/index.html [ array (
  0 => 'user',
  1 => 'site',
  2 => 'config',
  3 => 'need_wait',
  4 => 'is_login',
) ]
[ info ] [ LOG ] INIT File
[ sql ] [ DB ] CONNECT:[ UseTime:0.000245s ] mysql:host=localhost;port=3306;dbname=sql_hanshoushou;charset=utf8
[ sql ] [ SQL ] SHOW COLUMNS FROM `hs_mywords` [ RunTime:0.004279s ]
[ sql ] [ SQL ] SELECT * FROM `hs_mywords` [ RunTime:0.000554s ]
[ sql ] [ SQL ] SELECT * FROM `hs_mywords` WHERE  (  name = '阿韩' and is_read != 1 ) LIMIT 1 [ RunTime:0.000152s ]
[ sql ] [ SQL ] SELECT * FROM `hs_mywords` WHERE  (  name = '韩宇佳' and is_read != 1 ) LIMIT 1 [ RunTime:0.000132s ]
[ sql ] [ SQL ] SELECT * FROM `hs_mywords` WHERE  (  name = 'Ahan' and is_read != 1 ) LIMIT 1 [ RunTime:0.000128s ]
[ sql ] [ SQL ] SELECT * FROM `hs_mywords` WHERE  (  name = 'katja' and is_read != 1 ) LIMIT 1 [ RunTime:0.000121s ]
---------------------------------------------------------------
[ 2018-08-24T10:54:56+08:00 ] 36.48.27.42 GET /hanshou/public/hanshou/index/index.html
[ info ] www.hanshoushou.com/hanshou/public/hanshou/index/index.html [运行时间：0.050121s][吞吐率：19.95req/s] [内存消耗：5,100.19kb] [文件加载：81]
[ info ] [ BEHAVIOR ] Run Closure @app_init [ RunTime:0.000035s ]
[ info ] [ CACHE ] INIT File
[ info ] [ BEHAVIOR ] Run Closure @app_init [ RunTime:0.001491s ]
[ info ] [ LANG ] /data3/htdocs/hanshoushou.host.smartgslb.com/hanshou/thinkphp/lang/zh-cn.php
[ info ] [ ROUTE ] array (
  'type' => 'module',
  'module' => 
  array (
    0 => 'hanshou',
    1 => 'index',
    2 => 'index',
  ),
)
[ info ] [ HEADER ] array (
  'host' => 'www.hanshoushou.com',
  'x-forwarded-host' => 'www.hanshoushou.com',
  'x-forwarded-server' => 'www.hanshoushou.com',
  'upgrade-insecure-requests' => '1',
  'user-agent' => 'Mozilla/5.0 (Windows NT 10.0; WOW64) AppleWebKit/537.36 (KHTML, like Gecko) Chrome/68.0.3440.106 Safari/537.36',
  'accept' => 'text/html,application/xhtml+xml,application/xml;q=0.9,image/webp,image/apng,*/*;q=0.8',
  'accept-encoding' => 'gzip, deflate',
  'accept-language' => 'zh-CN,zh;q=0.9',
  'cookie' => 'antispame=1535086516; antispamkey=1c76c39b82be4d2a424e030896308c35',
  'kerid' => '11644',
  'via' => '1.1 tyo2.jp.smartgslb.com (squid/3.4.9)',
  'surrogate-capability' => 'tyo2.jp.smartgslb.com="Surrogate/1.0"',
  'x-forwarded-for' => '36.48.27.42, 127.0.0.1',
  'cache-control' => 'max-age=259200',
)
[ info ] [ PARAM ] array (
)
[ info ] [ BEHAVIOR ] Run app\common\behavior\Common @module_init [ RunTime:0.000414s ]
[ info ] [ DB ] INIT mysql
[ info ] [ SESSION ] INIT array (
  'id' => '',
  'var_session_id' => '',
  'prefix' => 'think',
  'type' => '',
  'auto_start' => true,
)
[ info ] [ RUN ] app\hanshou\controller\Index->index[ /data3/htdocs/hanshoushou.host.smartgslb.com/hanshou/application/hanshou/controller/Index.php ]
[ info ] [ VIEW ] /data3/htdocs/hanshoushou.host.smartgslb.com/hanshou/public/../application/hanshou/view/index/index.html [ array (
  0 => 'user',
  1 => 'site',
  2 => 'config',
  3 => 'need_wait',
  4 => 'is_login',
) ]
[ info ] [ LOG ] INIT File
[ sql ] [ DB ] CONNECT:[ UseTime:0.000219s ] mysql:host=localhost;port=3306;dbname=sql_hanshoushou;charset=utf8
[ sql ] [ SQL ] SHOW COLUMNS FROM `hs_mywords` [ RunTime:0.004683s ]
[ sql ] [ SQL ] SELECT * FROM `hs_mywords` [ RunTime:0.000152s ]
[ sql ] [ SQL ] SELECT * FROM `hs_mywords` WHERE  (  name = '阿韩' and is_read != 1 ) LIMIT 1 [ RunTime:0.000127s ]
[ sql ] [ SQL ] SELECT * FROM `hs_mywords` WHERE  (  name = '韩宇佳' and is_read != 1 ) LIMIT 1 [ RunTime:0.000155s ]
[ sql ] [ SQL ] SELECT * FROM `hs_mywords` WHERE  (  name = 'Ahan' and is_read != 1 ) LIMIT 1 [ RunTime:0.000139s ]
[ sql ] [ SQL ] SELECT * FROM `hs_mywords` WHERE  (  name = 'katja' and is_read != 1 ) LIMIT 1 [ RunTime:0.000154s ]
---------------------------------------------------------------
[ 2018-08-24T10:55:00+08:00 ] 36.48.27.42 GET /hanshou/public/hanshou/index/chatbox.html
[ info ] www.hanshoushou.com/hanshou/public/hanshou/index/chatbox.html [运行时间：0.047580s][吞吐率：21.02req/s] [内存消耗：5,100.65kb] [文件加载：81]
[ info ] [ BEHAVIOR ] Run Closure @app_init [ RunTime:0.000045s ]
[ info ] [ CACHE ] INIT File
[ info ] [ BEHAVIOR ] Run Closure @app_init [ RunTime:0.001558s ]
[ info ] [ LANG ] /data3/htdocs/hanshoushou.host.smartgslb.com/hanshou/thinkphp/lang/zh-cn.php
[ info ] [ ROUTE ] array (
  'type' => 'module',
  'module' => 
  array (
    0 => 'hanshou',
    1 => 'index',
    2 => 'chatbox',
  ),
)
[ info ] [ HEADER ] array (
  'host' => 'www.hanshoushou.com',
  'x-forwarded-host' => 'www.hanshoushou.com',
  'x-forwarded-server' => 'www.hanshoushou.com',
  'upgrade-insecure-requests' => '1',
  'user-agent' => 'Mozilla/5.0 (Windows NT 10.0; WOW64) AppleWebKit/537.36 (KHTML, like Gecko) Chrome/68.0.3440.106 Safari/537.36',
  'accept' => 'text/html,application/xhtml+xml,application/xml;q=0.9,image/webp,image/apng,*/*;q=0.8',
  'referer' => 'http://www.hanshoushou.com/hanshou/public/hanshou/index/index.html',
  'accept-encoding' => 'gzip, deflate',
  'accept-language' => 'zh-CN,zh;q=0.9',
  'cookie' => 'PHPSESSID=ka3hs3a501pkth4svs6tajqi87; antispame=1535086518; antispamkey=30b137daabb9a8a984eaed381c9a0165',
  'kerid' => '11644',
  'via' => '1.1 tyo2.jp.smartgslb.com (squid/3.4.9)',
  'surrogate-capability' => 'tyo2.jp.smartgslb.com="Surrogate/1.0"',
  'x-forwarded-for' => '36.48.27.42, 127.0.0.1',
  'cache-control' => 'max-age=259200',
)
[ info ] [ PARAM ] array (
)
[ info ] [ BEHAVIOR ] Run app\common\behavior\Common @module_init [ RunTime:0.000402s ]
[ info ] [ DB ] INIT mysql
[ info ] [ SESSION ] INIT array (
  'id' => '',
  'var_session_id' => '',
  'prefix' => 'think',
  'type' => '',
  'auto_start' => true,
)
[ info ] [ RUN ] app\hanshou\controller\Index->chatbox[ /data3/htdocs/hanshoushou.host.smartgslb.com/hanshou/application/hanshou/controller/Index.php ]
[ info ] [ VIEW ] /data3/htdocs/hanshoushou.host.smartgslb.com/hanshou/public/../application/hanshou/view/index/chatbox.html [ array (
  0 => 'user',
  1 => 'site',
  2 => 'config',
  3 => 'need_wait',
  4 => 'is_login',
) ]
[ info ] [ LOG ] INIT File
[ sql ] [ DB ] CONNECT:[ UseTime:0.000254s ] mysql:host=localhost;port=3306;dbname=sql_hanshoushou;charset=utf8
[ sql ] [ SQL ] SHOW COLUMNS FROM `hs_mywords` [ RunTime:0.002290s ]
[ sql ] [ SQL ] SELECT * FROM `hs_mywords` [ RunTime:0.000140s ]
[ sql ] [ SQL ] SELECT * FROM `hs_mywords` WHERE  (  name = '阿韩' and is_read != 1 ) LIMIT 1 [ RunTime:0.000119s ]
[ sql ] [ SQL ] SELECT * FROM `hs_mywords` WHERE  (  name = '韩宇佳' and is_read != 1 ) LIMIT 1 [ RunTime:0.000082s ]
[ sql ] [ SQL ] SELECT * FROM `hs_mywords` WHERE  (  name = 'Ahan' and is_read != 1 ) LIMIT 1 [ RunTime:0.000082s ]
[ sql ] [ SQL ] SELECT * FROM `hs_mywords` WHERE  (  name = 'katja' and is_read != 1 ) LIMIT 1 [ RunTime:0.000088s ]
---------------------------------------------------------------
[ 2018-08-24T10:55:16+08:00 ] 36.48.27.42 POST /hanshou/public/hanshou/index/checkname.html
[ info ] www.hanshoushou.com/hanshou/public/hanshou/index/checkname.html [运行时间：1.481332s][吞吐率：0.68req/s] [内存消耗：5,130.80kb] [文件加载：81]
[ info ] [ BEHAVIOR ] Run Closure @app_init [ RunTime:0.000038s ]
[ info ] [ CACHE ] INIT File
[ info ] [ BEHAVIOR ] Run Closure @app_init [ RunTime:0.001655s ]
[ info ] [ LANG ] /data3/htdocs/hanshoushou.host.smartgslb.com/hanshou/thinkphp/lang/zh-cn.php
[ info ] [ ROUTE ] array (
  'type' => 'module',
  'module' => 
  array (
    0 => 'hanshou',
    1 => 'index',
    2 => 'checkname',
  ),
)
[ info ] [ HEADER ] array (
  'host' => 'www.hanshoushou.com',
  'x-forwarded-host' => 'www.hanshoushou.com',
  'x-forwarded-server' => 'www.hanshoushou.com',
  'content-length' => '23',
  'accept' => '*/*',
  'origin' => 'http://www.hanshoushou.com',
  'x-requested-with' => 'XMLHttpRequest',
  'user-agent' => 'Mozilla/5.0 (Windows NT 10.0; WOW64) AppleWebKit/537.36 (KHTML, like Gecko) Chrome/68.0.3440.106 Safari/537.36',
  'content-type' => 'application/x-www-form-urlencoded; charset=UTF-8',
  'referer' => 'http://www.hanshoushou.com/hanshou/public/hanshou/index/chatbox.html',
  'accept-encoding' => 'gzip, deflate',
  'accept-language' => 'zh-CN,zh;q=0.9',
  'cookie' => 'PHPSESSID=ka3hs3a501pkth4svs6tajqi87; antispame=1535086522; antispamkey=67272cb84ca6b975005e70201bc1f523',
  'kerid' => '11644',
  'via' => '1.1 tyo2.jp.smartgslb.com (squid/3.4.9)',
  'surrogate-capability' => 'tyo2.jp.smartgslb.com="Surrogate/1.0"',
  'x-forwarded-for' => '36.48.27.42, 127.0.0.1',
  'cache-control' => 'max-age=259200',
)
[ info ] [ PARAM ] array (
  'name' => '阿韩',
)
[ info ] [ BEHAVIOR ] Run app\common\behavior\Common @module_init [ RunTime:0.000379s ]
[ info ] [ DB ] INIT mysql
[ info ] [ SESSION ] INIT array (
  'id' => '',
  'var_session_id' => '',
  'prefix' => 'think',
  'type' => '',
  'auto_start' => true,
)
[ info ] [ RUN ] app\hanshou\controller\Index->checkname[ /data3/htdocs/hanshoushou.host.smartgslb.com/hanshou/application/hanshou/controller/Index.php ]
[ info ] [ LOG ] INIT File
[ sql ] [ DB ] CONNECT:[ UseTime:0.000346s ] mysql:host=localhost;port=3306;dbname=sql_hanshoushou;charset=utf8
[ sql ] [ SQL ] SHOW COLUMNS FROM `hs_mywords` [ RunTime:0.004596s ]
[ sql ] [ SQL ] SELECT * FROM `hs_mywords` [ RunTime:0.000183s ]
[ sql ] [ SQL ] SELECT * FROM `hs_mywords` WHERE  (  name = '阿韩' and is_read != 1 ) LIMIT 1 [ RunTime:0.000162s ]
[ sql ] [ SQL ] SELECT * FROM `hs_mywords` WHERE  (  name = '韩宇佳' and is_read != 1 ) LIMIT 1 [ RunTime:0.000207s ]
[ sql ] [ SQL ] SELECT * FROM `hs_mywords` WHERE  (  name = 'Ahan' and is_read != 1 ) LIMIT 1 [ RunTime:0.000121s ]
[ sql ] [ SQL ] SELECT * FROM `hs_mywords` WHERE  (  name = 'katja' and is_read != 1 ) LIMIT 1 [ RunTime:0.000112s ]
[ sql ] [ SQL ] SELECT * FROM `hs_mywords` WHERE  `name` = '阿韩' LIMIT 1 [ RunTime:0.000098s ]
[ sql ] [ SQL ] INSERT INTO `hs_mywords` (`is_read` , `name` , `ctime`) VALUES (0 , '阿韩' , '2018-08-24 10:55:14') [ RunTime:0.000838s ]
---------------------------------------------------------------
[ 2018-08-24T10:55:26+08:00 ] 36.48.27.42 POST /hanshou/public/hanshou/index/lookornot.html
[ info ] www.hanshoushou.com/hanshou/public/hanshou/index/lookornot.html [运行时间：0.046780s][吞吐率：21.38req/s] [内存消耗：5,097.25kb] [文件加载：80]
[ info ] [ BEHAVIOR ] Run Closure @app_init [ RunTime:0.000030s ]
[ info ] [ CACHE ] INIT File
[ info ] [ BEHAVIOR ] Run Closure @app_init [ RunTime:0.001541s ]
[ info ] [ LANG ] /data3/htdocs/hanshoushou.host.smartgslb.com/hanshou/thinkphp/lang/zh-cn.php
[ info ] [ ROUTE ] array (
  'type' => 'module',
  'module' => 
  array (
    0 => 'hanshou',
    1 => 'index',
    2 => 'lookornot',
  ),
)
[ info ] [ HEADER ] array (
  'host' => 'www.hanshoushou.com',
  'x-forwarded-host' => 'www.hanshoushou.com',
  'x-forwarded-server' => 'www.hanshoushou.com',
  'content-length' => '6',
  'accept' => '*/*',
  'origin' => 'http://www.hanshoushou.com',
  'x-requested-with' => 'XMLHttpRequest',
  'user-agent' => 'Mozilla/5.0 (Windows NT 10.0; WOW64) AppleWebKit/537.36 (KHTML, like Gecko) Chrome/68.0.3440.106 Safari/537.36',
  'content-type' => 'application/x-www-form-urlencoded; charset=UTF-8',
  'referer' => 'http://www.hanshoushou.com/hanshou/public/hanshou/index/chatbox.html',
  'accept-encoding' => 'gzip, deflate',
  'accept-language' => 'zh-CN,zh;q=0.9',
  'cookie' => 'PHPSESSID=ka3hs3a501pkth4svs6tajqi87; antispame=1535086537; antispamkey=99635c5dcf75128894a630451d6e861a',
  'kerid' => '11644',
  'via' => '1.1 tyo2.jp.smartgslb.com (squid/3.4.9)',
  'surrogate-capability' => 'tyo2.jp.smartgslb.com="Surrogate/1.0"',
  'x-forwarded-for' => '36.48.27.42, 127.0.0.1',
  'cache-control' => 'max-age=259200',
)
[ info ] [ PARAM ] array (
  'look' => '0',
)
[ info ] [ BEHAVIOR ] Run app\common\behavior\Common @module_init [ RunTime:0.000366s ]
[ info ] [ DB ] INIT mysql
[ info ] [ SESSION ] INIT array (
  'id' => '',
  'var_session_id' => '',
  'prefix' => 'think',
  'type' => '',
  'auto_start' => true,
)
[ info ] [ RUN ] app\hanshou\controller\Index->lookornot[ /data3/htdocs/hanshoushou.host.smartgslb.com/hanshou/application/hanshou/controller/Index.php ]
[ info ] [ LOG ] INIT File
[ sql ] [ DB ] CONNECT:[ UseTime:0.000339s ] mysql:host=localhost;port=3306;dbname=sql_hanshoushou;charset=utf8
[ sql ] [ SQL ] SHOW COLUMNS FROM `hs_mywords` [ RunTime:0.004230s ]
[ sql ] [ SQL ] SELECT * FROM `hs_mywords` [ RunTime:0.000143s ]
[ sql ] [ SQL ] SELECT * FROM `hs_mywords` WHERE  (  name = '阿韩' and is_read != 1 ) LIMIT 1 [ RunTime:0.000110s ]
[ sql ] [ SQL ] SELECT * FROM `hs_mywords` WHERE  (  name = '韩宇佳' and is_read != 1 ) LIMIT 1 [ RunTime:0.000099s ]
[ sql ] [ SQL ] SELECT * FROM `hs_mywords` WHERE  (  name = 'Ahan' and is_read != 1 ) LIMIT 1 [ RunTime:0.000091s ]
[ sql ] [ SQL ] SELECT * FROM `hs_mywords` WHERE  (  name = 'katja' and is_read != 1 ) LIMIT 1 [ RunTime:0.000077s ]
---------------------------------------------------------------
[ 2018-08-24T10:55:26+08:00 ] 36.48.27.42 GET /hanshou/public/hanshou/index/lookornot.html
[ info ] www.hanshoushou.com/hanshou/public/hanshou/index/lookornot.html [运行时间：0.047757s][吞吐率：20.94req/s] [内存消耗：5,108.06kb] [文件加载：81]
[ info ] [ BEHAVIOR ] Run Closure @app_init [ RunTime:0.000037s ]
[ info ] [ CACHE ] INIT File
[ info ] [ BEHAVIOR ] Run Closure @app_init [ RunTime:0.001605s ]
[ info ] [ LANG ] /data3/htdocs/hanshoushou.host.smartgslb.com/hanshou/thinkphp/lang/zh-cn.php
[ info ] [ ROUTE ] array (
  'type' => 'module',
  'module' => 
  array (
    0 => 'hanshou',
    1 => 'index',
    2 => 'lookornot',
  ),
)
[ info ] [ HEADER ] array (
  'host' => 'www.hanshoushou.com',
  'x-forwarded-host' => 'www.hanshoushou.com',
  'x-forwarded-server' => 'www.hanshoushou.com',
  'accept' => '*/*',
  'x-requested-with' => 'XMLHttpRequest',
  'user-agent' => 'Mozilla/5.0 (Windows NT 10.0; WOW64) AppleWebKit/537.36 (KHTML, like Gecko) Chrome/68.0.3440.106 Safari/537.36',
  'referer' => 'http://www.hanshoushou.com/hanshou/public/hanshou/index/index.html',
  'accept-encoding' => 'gzip, deflate',
  'accept-language' => 'zh-CN,zh;q=0.9',
  'cookie' => 'PHPSESSID=ka3hs3a501pkth4svs6tajqi87; antispame=1535086547; antispamkey=6fe0a127a0861a5b12e9e03a2f1760c9',
  'kerid' => '11644',
  'via' => '1.1 tyo2.jp.smartgslb.com (squid/3.4.9)',
  'surrogate-capability' => 'tyo2.jp.smartgslb.com="Surrogate/1.0"',
  'x-forwarded-for' => '36.48.27.42, 127.0.0.1',
  'cache-control' => 'max-age=259200',
)
[ info ] [ PARAM ] array (
)
[ info ] [ BEHAVIOR ] Run app\common\behavior\Common @module_init [ RunTime:0.000390s ]
[ info ] [ DB ] INIT mysql
[ info ] [ SESSION ] INIT array (
  'id' => '',
  'var_session_id' => '',
  'prefix' => 'think',
  'type' => '',
  'auto_start' => true,
)
[ info ] [ RUN ] app\hanshou\controller\Index->lookornot[ /data3/htdocs/hanshoushou.host.smartgslb.com/hanshou/application/hanshou/controller/Index.php ]
[ info ] [ LOG ] INIT File
[ sql ] [ DB ] CONNECT:[ UseTime:0.000277s ] mysql:host=localhost;port=3306;dbname=sql_hanshoushou;charset=utf8
[ sql ] [ SQL ] SHOW COLUMNS FROM `hs_mywords` [ RunTime:0.003747s ]
[ sql ] [ SQL ] SELECT * FROM `hs_mywords` [ RunTime:0.000147s ]
[ sql ] [ SQL ] SELECT * FROM `hs_mywords` WHERE  (  name = '阿韩' and is_read != 1 ) LIMIT 1 [ RunTime:0.000137s ]
[ sql ] [ SQL ] SELECT * FROM `hs_mywords` WHERE  (  name = '韩宇佳' and is_read != 1 ) LIMIT 1 [ RunTime:0.000121s ]
[ sql ] [ SQL ] SELECT * FROM `hs_mywords` WHERE  (  name = 'Ahan' and is_read != 1 ) LIMIT 1 [ RunTime:0.000142s ]
[ sql ] [ SQL ] SELECT * FROM `hs_mywords` WHERE  (  name = 'katja' and is_read != 1 ) LIMIT 1 [ RunTime:0.000126s ]
---------------------------------------------------------------
[ 2018-08-24T10:55:27+08:00 ] 36.48.27.42 GET /hanshou/public/hanshou/vocabulary/vocabulary.html
[ info ] www.hanshoushou.com/hanshou/public/hanshou/vocabulary/vocabulary.html [运行时间：0.064186s][吞吐率：15.58req/s] [内存消耗：5,376.63kb] [文件加载：86]
[ info ] [ BEHAVIOR ] Run Closure @app_init [ RunTime:0.000037s ]
[ info ] [ CACHE ] INIT File
[ info ] [ BEHAVIOR ] Run Closure @app_init [ RunTime:0.001581s ]
[ info ] [ LANG ] /data3/htdocs/hanshoushou.host.smartgslb.com/hanshou/thinkphp/lang/zh-cn.php
[ info ] [ ROUTE ] array (
  'type' => 'module',
  'module' => 
  array (
    0 => 'hanshou',
    1 => 'vocabulary',
    2 => 'vocabulary',
  ),
)
[ info ] [ HEADER ] array (
  'host' => 'www.hanshoushou.com',
  'x-forwarded-host' => 'www.hanshoushou.com',
  'x-forwarded-server' => 'www.hanshoushou.com',
  'upgrade-insecure-requests' => '1',
  'user-agent' => 'Mozilla/5.0 (Windows NT 10.0; WOW64) AppleWebKit/537.36 (KHTML, like Gecko) Chrome/68.0.3440.106 Safari/537.36',
  'accept' => 'text/html,application/xhtml+xml,application/xml;q=0.9,image/webp,image/apng,*/*;q=0.8',
  'referer' => 'http://www.hanshoushou.com/hanshou/public/hanshou/index/index.html',
  'accept-encoding' => 'gzip, deflate',
  'accept-language' => 'zh-CN,zh;q=0.9',
  'cookie' => 'PHPSESSID=ka3hs3a501pkth4svs6tajqi87; antispame=1535086547; antispamkey=6fe0a127a0861a5b12e9e03a2f1760c9',
  'kerid' => '11644',
  'via' => '1.1 tyo2.jp.smartgslb.com (squid/3.4.9)',
  'surrogate-capability' => 'tyo2.jp.smartgslb.com="Surrogate/1.0"',
  'x-forwarded-for' => '36.48.27.42, 127.0.0.1',
  'cache-control' => 'max-age=259200',
)
[ info ] [ PARAM ] array (
)
[ info ] [ BEHAVIOR ] Run app\common\behavior\Common @module_init [ RunTime:0.000367s ]
[ info ] [ SESSION ] INIT array (
  'id' => '',
  'var_session_id' => '',
  'prefix' => 'think',
  'type' => '',
  'auto_start' => true,
)
[ info ] [ DB ] INIT mysql
[ info ] [ RUN ] app\hanshou\controller\Vocabulary->vocabulary[ /data3/htdocs/hanshoushou.host.smartgslb.com/hanshou/application/hanshou/controller/Vocabulary.php ]
[ info ] [ VIEW ] /data3/htdocs/hanshoushou.host.smartgslb.com/hanshou/public/../application/hanshou/view/vocabulary/vocabulary.html [ array (
  0 => 'user',
  1 => 'site',
  2 => 'config',
  3 => 'is_login',
  4 => 'study_typelist',
  5 => 'languagelist',
  6 => 'ahan_username',
  7 => 'alllanguagelist',
  8 => 'language',
  9 => 'list',
) ]
[ info ] [ LOG ] INIT File
[ sql ] [ DB ] CONNECT:[ UseTime:0.000238s ] mysql:host=localhost;port=3306;dbname=sql_hanshoushou;charset=utf8
[ sql ] [ SQL ] SHOW COLUMNS FROM `hs_language` [ RunTime:0.005777s ]
[ sql ] [ SQL ] SELECT * FROM `hs_language` WHERE  `is_shenpi` = 1 [ RunTime:0.000829s ]
[ sql ] [ SQL ] SELECT * FROM `hs_language` [ RunTime:0.000129s ]
[ sql ] [ SQL ] SELECT * FROM `hs_language` WHERE  `is_shenpi` = 1 ORDER BY id asc LIMIT 1 [ RunTime:0.000138s ]
[ sql ] [ SQL ] SELECT * FROM `hs_language` WHERE  (  id = 4 and is_shenpi = 1 ) LIMIT 1 [ RunTime:0.000130s ]
[ sql ] [ SQL ] SHOW COLUMNS FROM `hs_vocabulary` [ RunTime:0.002857s ]
[ sql ] [ SQL ] SELECT COUNT(*) AS tp_count FROM `hs_vocabulary` WHERE  `language` = 4 LIMIT 1 [ RunTime:0.000378s ]
[ sql ] [ SQL ] SELECT * FROM `hs_vocabulary` WHERE  `language` = 4 ORDER BY zan DESC,id DESC LIMIT 0,20 [ RunTime:0.000161s ]
---------------------------------------------------------------
[ 2018-08-24T10:55:33+08:00 ] 36.48.27.42 GET /hanshou/public/hanshou/record/record/lid/4.html
[ info ] www.hanshoushou.com/hanshou/public/hanshou/record/record/lid/4.html [运行时间：0.057692s][吞吐率：17.33req/s] [内存消耗：5,375.00kb] [文件加载：86]
[ info ] [ BEHAVIOR ] Run Closure @app_init [ RunTime:0.000040s ]
[ info ] [ CACHE ] INIT File
[ info ] [ BEHAVIOR ] Run Closure @app_init [ RunTime:0.001450s ]
[ info ] [ LANG ] /data3/htdocs/hanshoushou.host.smartgslb.com/hanshou/thinkphp/lang/zh-cn.php
[ info ] [ ROUTE ] array (
  'type' => 'module',
  'module' => 
  array (
    0 => 'hanshou',
    1 => 'record',
    2 => 'record',
  ),
)
[ info ] [ HEADER ] array (
  'host' => 'www.hanshoushou.com',
  'x-forwarded-host' => 'www.hanshoushou.com',
  'x-forwarded-server' => 'www.hanshoushou.com',
  'upgrade-insecure-requests' => '1',
  'user-agent' => 'Mozilla/5.0 (Windows NT 10.0; WOW64) AppleWebKit/537.36 (KHTML, like Gecko) Chrome/68.0.3440.106 Safari/537.36',
  'accept' => 'text/html,application/xhtml+xml,application/xml;q=0.9,image/webp,image/apng,*/*;q=0.8',
  'referer' => 'http://www.hanshoushou.com/hanshou/public/hanshou/vocabulary/vocabulary.html',
  'accept-encoding' => 'gzip, deflate',
  'accept-language' => 'zh-CN,zh;q=0.9',
  'cookie' => 'PHPSESSID=ka3hs3a501pkth4svs6tajqi87; antispame=1535086548; antispamkey=9dc7b550098638d0e97872d06d06ea77',
  'kerid' => '11644',
  'via' => '1.1 tyo2.jp.smartgslb.com (squid/3.4.9)',
  'surrogate-capability' => 'tyo2.jp.smartgslb.com="Surrogate/1.0"',
  'x-forwarded-for' => '36.48.27.42, 127.0.0.1',
  'cache-control' => 'max-age=259200',
)
[ info ] [ PARAM ] array (
  'lid' => '4',
)
[ info ] [ BEHAVIOR ] Run app\common\behavior\Common @module_init [ RunTime:0.000389s ]
[ info ] [ SESSION ] INIT array (
  'id' => '',
  'var_session_id' => '',
  'prefix' => 'think',
  'type' => '',
  'auto_start' => true,
)
[ info ] [ DB ] INIT mysql
[ info ] [ RUN ] app\hanshou\controller\Record->record[ /data3/htdocs/hanshoushou.host.smartgslb.com/hanshou/application/hanshou/controller/Record.php ]
[ info ] [ VIEW ] /data3/htdocs/hanshoushou.host.smartgslb.com/hanshou/public/../application/hanshou/view/record/record.html [ array (
  0 => 'user',
  1 => 'site',
  2 => 'config',
  3 => 'is_login',
  4 => 'study_typelist',
  5 => 'languagelist',
  6 => 'ahan_username',
  7 => 'alllanguagelist',
  8 => 'language',
  9 => 'list',
) ]
[ info ] [ LOG ] INIT File
[ sql ] [ DB ] CONNECT:[ UseTime:0.000266s ] mysql:host=localhost;port=3306;dbname=sql_hanshoushou;charset=utf8
[ sql ] [ SQL ] SHOW COLUMNS FROM `hs_language` [ RunTime:0.004142s ]
[ sql ] [ SQL ] SELECT * FROM `hs_language` WHERE  `is_shenpi` = 1 [ RunTime:0.000136s ]
[ sql ] [ SQL ] SELECT * FROM `hs_language` [ RunTime:0.000079s ]
[ sql ] [ SQL ] SELECT * FROM `hs_language` WHERE  `is_shenpi` = 1 ORDER BY id asc LIMIT 1 [ RunTime:0.000114s ]
[ sql ] [ SQL ] SELECT * FROM `hs_language` WHERE  (  id = 4 and is_shenpi = 1 ) LIMIT 1 [ RunTime:0.000102s ]
[ sql ] [ SQL ] SHOW COLUMNS FROM `hs_record` [ RunTime:0.003765s ]
[ sql ] [ SQL ] SELECT COUNT(*) AS tp_count FROM `hs_record` WHERE  `language` = 4 LIMIT 1 [ RunTime:0.000320s ]
[ sql ] [ SQL ] SELECT * FROM `hs_record` WHERE  `language` = 4 ORDER BY zan DESC,id DESC LIMIT 0,20 [ RunTime:0.000176s ]
---------------------------------------------------------------
[ 2018-08-24T10:55:36+08:00 ] 36.48.27.42 GET /hanshou/public/hanshou/vocabulary/vocabulary/lid/4.html
[ info ] www.hanshoushou.com/hanshou/public/hanshou/vocabulary/vocabulary/lid/4.html [运行时间：0.056452s][吞吐率：17.71req/s] [内存消耗：5,377.41kb] [文件加载：86]
[ info ] [ BEHAVIOR ] Run Closure @app_init [ RunTime:0.000033s ]
[ info ] [ CACHE ] INIT File
[ info ] [ BEHAVIOR ] Run Closure @app_init [ RunTime:0.001645s ]
[ info ] [ LANG ] /data3/htdocs/hanshoushou.host.smartgslb.com/hanshou/thinkphp/lang/zh-cn.php
[ info ] [ ROUTE ] array (
  'type' => 'module',
  'module' => 
  array (
    0 => 'hanshou',
    1 => 'vocabulary',
    2 => 'vocabulary',
  ),
)
[ info ] [ HEADER ] array (
  'host' => 'www.hanshoushou.com',
  'x-forwarded-host' => 'www.hanshoushou.com',
  'x-forwarded-server' => 'www.hanshoushou.com',
  'upgrade-insecure-requests' => '1',
  'user-agent' => 'Mozilla/5.0 (Windows NT 10.0; WOW64) AppleWebKit/537.36 (KHTML, like Gecko) Chrome/68.0.3440.106 Safari/537.36',
  'accept' => 'text/html,application/xhtml+xml,application/xml;q=0.9,image/webp,image/apng,*/*;q=0.8',
  'referer' => 'http://www.hanshoushou.com/hanshou/public/hanshou/record/record/lid/4.html',
  'accept-encoding' => 'gzip, deflate',
  'accept-language' => 'zh-CN,zh;q=0.9',
  'cookie' => 'PHPSESSID=ka3hs3a501pkth4svs6tajqi87; antispame=1535086554; antispamkey=41a41f45343a20c75c23d6e659c76478',
  'kerid' => '11644',
  'via' => '1.1 tyo2.jp.smartgslb.com (squid/3.4.9)',
  'surrogate-capability' => 'tyo2.jp.smartgslb.com="Surrogate/1.0"',
  'x-forwarded-for' => '36.48.27.42, 127.0.0.1',
  'cache-control' => 'max-age=259200',
)
[ info ] [ PARAM ] array (
  'lid' => '4',
)
[ info ] [ BEHAVIOR ] Run app\common\behavior\Common @module_init [ RunTime:0.000370s ]
[ info ] [ SESSION ] INIT array (
  'id' => '',
  'var_session_id' => '',
  'prefix' => 'think',
  'type' => '',
  'auto_start' => true,
)
[ info ] [ DB ] INIT mysql
[ info ] [ RUN ] app\hanshou\controller\Vocabulary->vocabulary[ /data3/htdocs/hanshoushou.host.smartgslb.com/hanshou/application/hanshou/controller/Vocabulary.php ]
[ info ] [ VIEW ] /data3/htdocs/hanshoushou.host.smartgslb.com/hanshou/public/../application/hanshou/view/vocabulary/vocabulary.html [ array (
  0 => 'user',
  1 => 'site',
  2 => 'config',
  3 => 'is_login',
  4 => 'study_typelist',
  5 => 'languagelist',
  6 => 'ahan_username',
  7 => 'alllanguagelist',
  8 => 'language',
  9 => 'list',
) ]
[ info ] [ LOG ] INIT File
[ sql ] [ DB ] CONNECT:[ UseTime:0.000244s ] mysql:host=localhost;port=3306;dbname=sql_hanshoushou;charset=utf8
[ sql ] [ SQL ] SHOW COLUMNS FROM `hs_language` [ RunTime:0.002248s ]
[ sql ] [ SQL ] SELECT * FROM `hs_language` WHERE  `is_shenpi` = 1 [ RunTime:0.000184s ]
[ sql ] [ SQL ] SELECT * FROM `hs_language` [ RunTime:0.000103s ]
[ sql ] [ SQL ] SELECT * FROM `hs_language` WHERE  `is_shenpi` = 1 ORDER BY id asc LIMIT 1 [ RunTime:0.000101s ]
[ sql ] [ SQL ] SELECT * FROM `hs_language` WHERE  (  id = 4 and is_shenpi = 1 ) LIMIT 1 [ RunTime:0.000095s ]
[ sql ] [ SQL ] SHOW COLUMNS FROM `hs_vocabulary` [ RunTime:0.001487s ]
[ sql ] [ SQL ] SELECT COUNT(*) AS tp_count FROM `hs_vocabulary` WHERE  `language` = 4 LIMIT 1 [ RunTime:0.000167s ]
[ sql ] [ SQL ] SELECT * FROM `hs_vocabulary` WHERE  `language` = 4 ORDER BY zan DESC,id DESC LIMIT 0,20 [ RunTime:0.000134s ]
---------------------------------------------------------------
[ 2018-08-24T10:55:37+08:00 ] 36.48.27.42 GET /hanshou/public/hanshou/record/record/lid/5.html
[ info ] www.hanshoushou.com/hanshou/public/hanshou/record/record/lid/5.html [运行时间：0.058594s][吞吐率：17.07req/s] [内存消耗：5,503.71kb] [文件加载：86]
[ info ] [ BEHAVIOR ] Run Closure @app_init [ RunTime:0.000029s ]
[ info ] [ CACHE ] INIT File
[ info ] [ BEHAVIOR ] Run Closure @app_init [ RunTime:0.001523s ]
[ info ] [ LANG ] /data3/htdocs/hanshoushou.host.smartgslb.com/hanshou/thinkphp/lang/zh-cn.php
[ info ] [ ROUTE ] array (
  'type' => 'module',
  'module' => 
  array (
    0 => 'hanshou',
    1 => 'record',
    2 => 'record',
  ),
)
[ info ] [ HEADER ] array (
  'host' => 'www.hanshoushou.com',
  'x-forwarded-host' => 'www.hanshoushou.com',
  'x-forwarded-server' => 'www.hanshoushou.com',
  'upgrade-insecure-requests' => '1',
  'user-agent' => 'Mozilla/5.0 (Windows NT 10.0; WOW64) AppleWebKit/537.36 (KHTML, like Gecko) Chrome/68.0.3440.106 Safari/537.36',
  'accept' => 'text/html,application/xhtml+xml,application/xml;q=0.9,image/webp,image/apng,*/*;q=0.8',
  'referer' => 'http://www.hanshoushou.com/hanshou/public/hanshou/vocabulary/vocabulary/lid/4.html',
  'accept-encoding' => 'gzip, deflate',
  'accept-language' => 'zh-CN,zh;q=0.9',
  'cookie' => 'PHPSESSID=ka3hs3a501pkth4svs6tajqi87; antispame=1535086557; antispamkey=dc8279e66650a21c508d856848c451e4',
  'kerid' => '11644',
  'via' => '1.1 tyo2.jp.smartgslb.com (squid/3.4.9)',
  'surrogate-capability' => 'tyo2.jp.smartgslb.com="Surrogate/1.0"',
  'x-forwarded-for' => '36.48.27.42, 127.0.0.1',
  'cache-control' => 'max-age=259200',
)
[ info ] [ PARAM ] array (
  'lid' => '5',
)
[ info ] [ BEHAVIOR ] Run app\common\behavior\Common @module_init [ RunTime:0.000360s ]
[ info ] [ SESSION ] INIT array (
  'id' => '',
  'var_session_id' => '',
  'prefix' => 'think',
  'type' => '',
  'auto_start' => true,
)
[ info ] [ DB ] INIT mysql
[ info ] [ RUN ] app\hanshou\controller\Record->record[ /data3/htdocs/hanshoushou.host.smartgslb.com/hanshou/application/hanshou/controller/Record.php ]
[ info ] [ VIEW ] /data3/htdocs/hanshoushou.host.smartgslb.com/hanshou/public/../application/hanshou/view/record/record.html [ array (
  0 => 'user',
  1 => 'site',
  2 => 'config',
  3 => 'is_login',
  4 => 'study_typelist',
  5 => 'languagelist',
  6 => 'ahan_username',
  7 => 'alllanguagelist',
  8 => 'language',
  9 => 'list',
) ]
[ info ] [ LOG ] INIT File
[ sql ] [ DB ] CONNECT:[ UseTime:0.000244s ] mysql:host=localhost;port=3306;dbname=sql_hanshoushou;charset=utf8
[ sql ] [ SQL ] SHOW COLUMNS FROM `hs_language` [ RunTime:0.002266s ]
[ sql ] [ SQL ] SELECT * FROM `hs_language` WHERE  `is_shenpi` = 1 [ RunTime:0.000169s ]
[ sql ] [ SQL ] SELECT * FROM `hs_language` [ RunTime:0.000112s ]
[ sql ] [ SQL ] SELECT * FROM `hs_language` WHERE  `is_shenpi` = 1 ORDER BY id asc LIMIT 1 [ RunTime:0.000138s ]
[ sql ] [ SQL ] SELECT * FROM `hs_language` WHERE  (  id = 5 and is_shenpi = 1 ) LIMIT 1 [ RunTime:0.000124s ]
[ sql ] [ SQL ] SHOW COLUMNS FROM `hs_record` [ RunTime:0.001931s ]
[ sql ] [ SQL ] SELECT COUNT(*) AS tp_count FROM `hs_record` WHERE  `language` = 5 LIMIT 1 [ RunTime:0.000182s ]
[ sql ] [ SQL ] SELECT * FROM `hs_record` WHERE  `language` = 5 ORDER BY zan DESC,id DESC LIMIT 0,20 [ RunTime:0.000199s ]
[ sql ] [ SQL ] SELECT * FROM `hs_record` WHERE  `id` = 36 LIMIT 1 [ RunTime:0.000154s ]
[ sql ] [ SQL ] SELECT * FROM `hs_record` WHERE  `id` = 35 LIMIT 1 [ RunTime:0.000124s ]
[ sql ] [ SQL ] SELECT * FROM `hs_record` WHERE  `id` = 34 LIMIT 1 [ RunTime:0.000123s ]
[ sql ] [ SQL ] SELECT * FROM `hs_record` WHERE  `id` = 33 LIMIT 1 [ RunTime:0.000122s ]
[ sql ] [ SQL ] SELECT * FROM `hs_record` WHERE  `id` = 32 LIMIT 1 [ RunTime:0.000118s ]
[ sql ] [ SQL ] SELECT * FROM `hs_record` WHERE  `id` = 31 LIMIT 1 [ RunTime:0.000117s ]
[ sql ] [ SQL ] SELECT * FROM `hs_record` WHERE  `id` = 30 LIMIT 1 [ RunTime:0.000120s ]
[ sql ] [ SQL ] SELECT * FROM `hs_record` WHERE  `id` = 29 LIMIT 1 [ RunTime:0.000118s ]
[ sql ] [ SQL ] SELECT * FROM `hs_record` WHERE  `id` = 28 LIMIT 1 [ RunTime:0.000118s ]
[ sql ] [ SQL ] SELECT * FROM `hs_record` WHERE  `id` = 27 LIMIT 1 [ RunTime:0.000117s ]
[ sql ] [ SQL ] SELECT * FROM `hs_record` WHERE  `id` = 26 LIMIT 1 [ RunTime:0.000120s ]
[ sql ] [ SQL ] SELECT * FROM `hs_record` WHERE  `id` = 25 LIMIT 1 [ RunTime:0.000121s ]
[ sql ] [ SQL ] SELECT * FROM `hs_record` WHERE  `id` = 24 LIMIT 1 [ RunTime:0.000117s ]
[ sql ] [ SQL ] SELECT * FROM `hs_record` WHERE  `id` = 23 LIMIT 1 [ RunTime:0.000118s ]
[ sql ] [ SQL ] SELECT * FROM `hs_record` WHERE  `id` = 22 LIMIT 1 [ RunTime:0.000117s ]
[ sql ] [ SQL ] SELECT * FROM `hs_record` WHERE  `id` = 21 LIMIT 1 [ RunTime:0.000116s ]
[ sql ] [ SQL ] SELECT * FROM `hs_record` WHERE  `id` = 20 LIMIT 1 [ RunTime:0.000117s ]
[ sql ] [ SQL ] SELECT * FROM `hs_record` WHERE  `id` = 19 LIMIT 1 [ RunTime:0.000117s ]
[ sql ] [ SQL ] SELECT * FROM `hs_record` WHERE  `id` = 18 LIMIT 1 [ RunTime:0.000117s ]
[ sql ] [ SQL ] SELECT * FROM `hs_record` WHERE  `id` = 17 LIMIT 1 [ RunTime:0.000124s ]
---------------------------------------------------------------
[ 2018-08-24T10:55:44+08:00 ] 36.48.27.42 GET /hanshou/public/hanshou/vocabulary/vocabulary/lid/5.html
[ info ] www.hanshoushou.com/hanshou/public/hanshou/vocabulary/vocabulary/lid/5.html [运行时间：0.069777s][吞吐率：14.33req/s] [内存消耗：5,534.84kb] [文件加载：86]
[ info ] [ BEHAVIOR ] Run Closure @app_init [ RunTime:0.000045s ]
[ info ] [ CACHE ] INIT File
[ info ] [ BEHAVIOR ] Run Closure @app_init [ RunTime:0.001488s ]
[ info ] [ LANG ] /data3/htdocs/hanshoushou.host.smartgslb.com/hanshou/thinkphp/lang/zh-cn.php
[ info ] [ ROUTE ] array (
  'type' => 'module',
  'module' => 
  array (
    0 => 'hanshou',
    1 => 'vocabulary',
    2 => 'vocabulary',
  ),
)
[ info ] [ HEADER ] array (
  'host' => 'www.hanshoushou.com',
  'x-forwarded-host' => 'www.hanshoushou.com',
  'x-forwarded-server' => 'www.hanshoushou.com',
  'upgrade-insecure-requests' => '1',
  'user-agent' => 'Mozilla/5.0 (Windows NT 10.0; WOW64) AppleWebKit/537.36 (KHTML, like Gecko) Chrome/68.0.3440.106 Safari/537.36',
  'accept' => 'text/html,application/xhtml+xml,application/xml;q=0.9,image/webp,image/apng,*/*;q=0.8',
  'referer' => 'http://www.hanshoushou.com/hanshou/public/hanshou/record/record/lid/5.html',
  'accept-encoding' => 'gzip, deflate',
  'accept-language' => 'zh-CN,zh;q=0.9',
  'cookie' => 'PHPSESSID=ka3hs3a501pkth4svs6tajqi87; antispame=1535086558; antispamkey=10d0028cf062d4d6047f9281e7a36659',
  'kerid' => '11644',
  'via' => '1.1 tyo2.jp.smartgslb.com (squid/3.4.9)',
  'surrogate-capability' => 'tyo2.jp.smartgslb.com="Surrogate/1.0"',
  'x-forwarded-for' => '36.48.27.42, 127.0.0.1',
  'cache-control' => 'max-age=259200',
)
[ info ] [ PARAM ] array (
  'lid' => '5',
)
[ info ] [ BEHAVIOR ] Run app\common\behavior\Common @module_init [ RunTime:0.000366s ]
[ info ] [ SESSION ] INIT array (
  'id' => '',
  'var_session_id' => '',
  'prefix' => 'think',
  'type' => '',
  'auto_start' => true,
)
[ info ] [ DB ] INIT mysql
[ info ] [ RUN ] app\hanshou\controller\Vocabulary->vocabulary[ /data3/htdocs/hanshoushou.host.smartgslb.com/hanshou/application/hanshou/controller/Vocabulary.php ]
[ info ] [ VIEW ] /data3/htdocs/hanshoushou.host.smartgslb.com/hanshou/public/../application/hanshou/view/vocabulary/vocabulary.html [ array (
  0 => 'user',
  1 => 'site',
  2 => 'config',
  3 => 'is_login',
  4 => 'study_typelist',
  5 => 'languagelist',
  6 => 'ahan_username',
  7 => 'alllanguagelist',
  8 => 'language',
  9 => 'list',
) ]
[ info ] [ LOG ] INIT File
[ sql ] [ DB ] CONNECT:[ UseTime:0.000257s ] mysql:host=localhost;port=3306;dbname=sql_hanshoushou;charset=utf8
[ sql ] [ SQL ] SHOW COLUMNS FROM `hs_language` [ RunTime:0.004289s ]
[ sql ] [ SQL ] SELECT * FROM `hs_language` WHERE  `is_shenpi` = 1 [ RunTime:0.000144s ]
[ sql ] [ SQL ] SELECT * FROM `hs_language` [ RunTime:0.000113s ]
[ sql ] [ SQL ] SELECT * FROM `hs_language` WHERE  `is_shenpi` = 1 ORDER BY id asc LIMIT 1 [ RunTime:0.000125s ]
[ sql ] [ SQL ] SELECT * FROM `hs_language` WHERE  (  id = 5 and is_shenpi = 1 ) LIMIT 1 [ RunTime:0.000091s ]
[ sql ] [ SQL ] SHOW COLUMNS FROM `hs_vocabulary` [ RunTime:0.004260s ]
[ sql ] [ SQL ] SELECT COUNT(*) AS tp_count FROM `hs_vocabulary` WHERE  `language` = 5 LIMIT 1 [ RunTime:0.000257s ]
[ sql ] [ SQL ] SELECT * FROM `hs_vocabulary` WHERE  `language` = 5 ORDER BY zan DESC,id DESC LIMIT 0,20 [ RunTime:0.000305s ]
[ sql ] [ SQL ] SELECT * FROM `hs_vocabulary` WHERE  `id` = 47 LIMIT 1 [ RunTime:0.000181s ]
[ sql ] [ SQL ] SELECT * FROM `hs_language` WHERE  (  id = 5 ) LIMIT 1 [ RunTime:0.000129s ]
[ sql ] [ SQL ] SELECT * FROM `hs_vocabulary` WHERE  `id` = 46 LIMIT 1 [ RunTime:0.000144s ]
[ sql ] [ SQL ] SELECT * FROM `hs_language` WHERE  (  id = 5 ) LIMIT 1 [ RunTime:0.000119s ]
[ sql ] [ SQL ] SELECT * FROM `hs_vocabulary` WHERE  `id` = 45 LIMIT 1 [ RunTime:0.000127s ]
[ sql ] [ SQL ] SELECT * FROM `hs_language` WHERE  (  id = 5 ) LIMIT 1 [ RunTime:0.000112s ]
[ sql ] [ SQL ] SELECT * FROM `hs_vocabulary` WHERE  `id` = 37 LIMIT 1 [ RunTime:0.000128s ]
[ sql ] [ SQL ] SELECT * FROM `hs_language` WHERE  (  id = 5 ) LIMIT 1 [ RunTime:0.000189s ]
[ sql ] [ SQL ] SELECT * FROM `hs_vocabulary` WHERE  `id` = 36 LIMIT 1 [ RunTime:0.000117s ]
[ sql ] [ SQL ] SELECT * FROM `hs_language` WHERE  (  id = 5 ) LIMIT 1 [ RunTime:0.000114s ]
[ sql ] [ SQL ] SELECT * FROM `hs_vocabulary` WHERE  `id` = 35 LIMIT 1 [ RunTime:0.000115s ]
[ sql ] [ SQL ] SELECT * FROM `hs_language` WHERE  (  id = 5 ) LIMIT 1 [ RunTime:0.000103s ]
[ sql ] [ SQL ] SELECT * FROM `hs_vocabulary` WHERE  `id` = 34 LIMIT 1 [ RunTime:0.000122s ]
[ sql ] [ SQL ] SELECT * FROM `hs_language` WHERE  (  id = 5 ) LIMIT 1 [ RunTime:0.000106s ]
[ sql ] [ SQL ] SELECT * FROM `hs_vocabulary` WHERE  `id` = 48 LIMIT 1 [ RunTime:0.000110s ]
[ sql ] [ SQL ] SELECT * FROM `hs_language` WHERE  (  id = 5 ) LIMIT 1 [ RunTime:0.000102s ]
[ sql ] [ SQL ] SELECT * FROM `hs_vocabulary` WHERE  `id` = 44 LIMIT 1 [ RunTime:0.000124s ]
[ sql ] [ SQL ] SELECT * FROM `hs_language` WHERE  (  id = 5 ) LIMIT 1 [ RunTime:0.000101s ]
[ sql ] [ SQL ] SELECT * FROM `hs_vocabulary` WHERE  `id` = 43 LIMIT 1 [ RunTime:0.000115s ]
[ sql ] [ SQL ] SELECT * FROM `hs_language` WHERE  (  id = 5 ) LIMIT 1 [ RunTime:0.000098s ]
[ sql ] [ SQL ] SELECT * FROM `hs_vocabulary` WHERE  `id` = 42 LIMIT 1 [ RunTime:0.000110s ]
[ sql ] [ SQL ] SELECT * FROM `hs_language` WHERE  (  id = 5 ) LIMIT 1 [ RunTime:0.000095s ]
[ sql ] [ SQL ] SELECT * FROM `hs_vocabulary` WHERE  `id` = 41 LIMIT 1 [ RunTime:0.000104s ]
[ sql ] [ SQL ] SELECT * FROM `hs_language` WHERE  (  id = 5 ) LIMIT 1 [ RunTime:0.000089s ]
[ sql ] [ SQL ] SELECT * FROM `hs_vocabulary` WHERE  `id` = 40 LIMIT 1 [ RunTime:0.000112s ]
[ sql ] [ SQL ] SELECT * FROM `hs_language` WHERE  (  id = 5 ) LIMIT 1 [ RunTime:0.000097s ]
[ sql ] [ SQL ] SELECT * FROM `hs_vocabulary` WHERE  `id` = 39 LIMIT 1 [ RunTime:0.000115s ]
[ sql ] [ SQL ] SELECT * FROM `hs_language` WHERE  (  id = 5 ) LIMIT 1 [ RunTime:0.000096s ]
[ sql ] [ SQL ] SELECT * FROM `hs_vocabulary` WHERE  `id` = 38 LIMIT 1 [ RunTime:0.000109s ]
[ sql ] [ SQL ] SELECT * FROM `hs_language` WHERE  (  id = 5 ) LIMIT 1 [ RunTime:0.000103s ]
[ sql ] [ SQL ] SELECT * FROM `hs_vocabulary` WHERE  `id` = 33 LIMIT 1 [ RunTime:0.000117s ]
[ sql ] [ SQL ] SELECT * FROM `hs_language` WHERE  (  id = 5 ) LIMIT 1 [ RunTime:0.000099s ]
[ sql ] [ SQL ] SELECT * FROM `hs_vocabulary` WHERE  `id` = 32 LIMIT 1 [ RunTime:0.000113s ]
[ sql ] [ SQL ] SELECT * FROM `hs_language` WHERE  (  id = 5 ) LIMIT 1 [ RunTime:0.000107s ]
[ sql ] [ SQL ] SELECT * FROM `hs_vocabulary` WHERE  `id` = 31 LIMIT 1 [ RunTime:0.000120s ]
[ sql ] [ SQL ] SELECT * FROM `hs_language` WHERE  (  id = 5 ) LIMIT 1 [ RunTime:0.000101s ]
[ sql ] [ SQL ] SELECT * FROM `hs_vocabulary` WHERE  `id` = 30 LIMIT 1 [ RunTime:0.000112s ]
[ sql ] [ SQL ] SELECT * FROM `hs_language` WHERE  (  id = 5 ) LIMIT 1 [ RunTime:0.000104s ]
[ sql ] [ SQL ] SELECT * FROM `hs_vocabulary` WHERE  `id` = 29 LIMIT 1 [ RunTime:0.000113s ]
[ sql ] [ SQL ] SELECT * FROM `hs_language` WHERE  (  id = 5 ) LIMIT 1 [ RunTime:0.000100s ]
---------------------------------------------------------------
[ 2018-08-24T10:55:50+08:00 ] 36.48.27.42 GET /hanshou/public/hanshou/vocabulary/vocabulary/lid/14.html
[ info ] www.hanshoushou.com/hanshou/public/hanshou/vocabulary/vocabulary/lid/14.html [运行时间：0.110529s][吞吐率：9.05req/s] [内存消耗：5,485.99kb] [文件加载：86]
[ info ] [ BEHAVIOR ] Run Closure @app_init [ RunTime:0.000036s ]
[ info ] [ CACHE ] INIT File
[ info ] [ BEHAVIOR ] Run Closure @app_init [ RunTime:0.002771s ]
[ info ] [ LANG ] /data3/htdocs/hanshoushou.host.smartgslb.com/hanshou/thinkphp/lang/zh-cn.php
[ info ] [ ROUTE ] array (
  'type' => 'module',
  'module' => 
  array (
    0 => 'hanshou',
    1 => 'vocabulary',
    2 => 'vocabulary',
  ),
)
[ info ] [ HEADER ] array (
  'host' => 'www.hanshoushou.com',
  'x-forwarded-host' => 'www.hanshoushou.com',
  'x-forwarded-server' => 'www.hanshoushou.com',
  'upgrade-insecure-requests' => '1',
  'user-agent' => 'Mozilla/5.0 (Windows NT 10.0; WOW64) AppleWebKit/537.36 (KHTML, like Gecko) Chrome/68.0.3440.106 Safari/537.36',
  'accept' => 'text/html,application/xhtml+xml,application/xml;q=0.9,image/webp,image/apng,*/*;q=0.8',
  'referer' => 'http://www.hanshoushou.com/hanshou/public/hanshou/vocabulary/vocabulary/lid/5.html',
  'accept-encoding' => 'gzip, deflate',
  'accept-language' => 'zh-CN,zh;q=0.9',
  'cookie' => 'PHPSESSID=ka3hs3a501pkth4svs6tajqi87; antispame=1535086565; antispamkey=a58173bbbe62bf7f882bea3de4b8a33c',
  'kerid' => '11644',
  'via' => '1.1 tyo2.jp.smartgslb.com (squid/3.4.9)',
  'surrogate-capability' => 'tyo2.jp.smartgslb.com="Surrogate/1.0"',
  'x-forwarded-for' => '36.48.27.42, 127.0.0.1',
  'cache-control' => 'max-age=259200',
)
[ info ] [ PARAM ] array (
  'lid' => '14',
)
[ info ] [ BEHAVIOR ] Run app\common\behavior\Common @module_init [ RunTime:0.000553s ]
[ info ] [ SESSION ] INIT array (
  'id' => '',
  'var_session_id' => '',
  'prefix' => 'think',
  'type' => '',
  'auto_start' => true,
)
[ info ] [ DB ] INIT mysql
[ info ] [ RUN ] app\hanshou\controller\Vocabulary->vocabulary[ /data3/htdocs/hanshoushou.host.smartgslb.com/hanshou/application/hanshou/controller/Vocabulary.php ]
[ info ] [ VIEW ] /data3/htdocs/hanshoushou.host.smartgslb.com/hanshou/public/../application/hanshou/view/vocabulary/vocabulary.html [ array (
  0 => 'user',
  1 => 'site',
  2 => 'config',
  3 => 'is_login',
  4 => 'study_typelist',
  5 => 'languagelist',
  6 => 'ahan_username',
  7 => 'alllanguagelist',
  8 => 'language',
  9 => 'list',
) ]
[ info ] [ LOG ] INIT File
[ sql ] [ DB ] CONNECT:[ UseTime:0.012188s ] mysql:host=localhost;port=3306;dbname=sql_hanshoushou;charset=utf8
[ sql ] [ SQL ] SHOW COLUMNS FROM `hs_language` [ RunTime:0.004335s ]
[ sql ] [ SQL ] SELECT * FROM `hs_language` WHERE  `is_shenpi` = 1 [ RunTime:0.000238s ]
[ sql ] [ SQL ] SELECT * FROM `hs_language` [ RunTime:0.000167s ]
[ sql ] [ SQL ] SELECT * FROM `hs_language` WHERE  `is_shenpi` = 1 ORDER BY id asc LIMIT 1 [ RunTime:0.000189s ]
[ sql ] [ SQL ] SELECT * FROM `hs_language` WHERE  (  id = 14 and is_shenpi = 1 ) LIMIT 1 [ RunTime:0.000148s ]
[ sql ] [ SQL ] SHOW COLUMNS FROM `hs_vocabulary` [ RunTime:0.002929s ]
[ sql ] [ SQL ] SELECT COUNT(*) AS tp_count FROM `hs_vocabulary` WHERE  `language` = 14 LIMIT 1 [ RunTime:0.000231s ]
[ sql ] [ SQL ] SELECT * FROM `hs_vocabulary` WHERE  `language` = 14 ORDER BY zan DESC,id DESC LIMIT 0,20 [ RunTime:0.000254s ]
[ sql ] [ SQL ] SELECT * FROM `hs_vocabulary` WHERE  `id` = 64 LIMIT 1 [ RunTime:0.000200s ]
[ sql ] [ SQL ] SELECT * FROM `hs_language` WHERE  (  id = 14 ) LIMIT 1 [ RunTime:0.000132s ]
[ sql ] [ SQL ] SELECT * FROM `hs_vocabulary` WHERE  `id` = 63 LIMIT 1 [ RunTime:0.000149s ]
[ sql ] [ SQL ] SELECT * FROM `hs_language` WHERE  (  id = 14 ) LIMIT 1 [ RunTime:0.000119s ]
[ sql ] [ SQL ] SELECT * FROM `hs_vocabulary` WHERE  `id` = 60 LIMIT 1 [ RunTime:0.000143s ]
[ sql ] [ SQL ] SELECT * FROM `hs_language` WHERE  (  id = 14 ) LIMIT 1 [ RunTime:0.000119s ]
[ sql ] [ SQL ] SELECT * FROM `hs_vocabulary` WHERE  `id` = 58 LIMIT 1 [ RunTime:0.000142s ]
[ sql ] [ SQL ] SELECT * FROM `hs_language` WHERE  (  id = 14 ) LIMIT 1 [ RunTime:0.000131s ]
[ sql ] [ SQL ] SELECT * FROM `hs_vocabulary` WHERE  `id` = 69 LIMIT 1 [ RunTime:0.000140s ]
[ sql ] [ SQL ] SELECT * FROM `hs_language` WHERE  (  id = 14 ) LIMIT 1 [ RunTime:0.000114s ]
[ sql ] [ SQL ] SELECT * FROM `hs_vocabulary` WHERE  `id` = 68 LIMIT 1 [ RunTime:0.000145s ]
[ sql ] [ SQL ] SELECT * FROM `hs_language` WHERE  (  id = 14 ) LIMIT 1 [ RunTime:0.000122s ]
[ sql ] [ SQL ] SELECT * FROM `hs_vocabulary` WHERE  `id` = 67 LIMIT 1 [ RunTime:0.000138s ]
[ sql ] [ SQL ] SELECT * FROM `hs_language` WHERE  (  id = 14 ) LIMIT 1 [ RunTime:0.000125s ]
[ sql ] [ SQL ] SELECT * FROM `hs_vocabulary` WHERE  `id` = 66 LIMIT 1 [ RunTime:0.000135s ]
[ sql ] [ SQL ] SELECT * FROM `hs_language` WHERE  (  id = 14 ) LIMIT 1 [ RunTime:0.000115s ]
[ sql ] [ SQL ] SELECT * FROM `hs_vocabulary` WHERE  `id` = 65 LIMIT 1 [ RunTime:0.000142s ]
[ sql ] [ SQL ] SELECT * FROM `hs_language` WHERE  (  id = 14 ) LIMIT 1 [ RunTime:0.000119s ]
[ sql ] [ SQL ] SELECT * FROM `hs_vocabulary` WHERE  `id` = 62 LIMIT 1 [ RunTime:0.000131s ]
[ sql ] [ SQL ] SELECT * FROM `hs_language` WHERE  (  id = 14 ) LIMIT 1 [ RunTime:0.000124s ]
[ sql ] [ SQL ] SELECT * FROM `hs_vocabulary` WHERE  `id` = 61 LIMIT 1 [ RunTime:0.000143s ]
[ sql ] [ SQL ] SELECT * FROM `hs_language` WHERE  (  id = 14 ) LIMIT 1 [ RunTime:0.000123s ]
[ sql ] [ SQL ] SELECT * FROM `hs_vocabulary` WHERE  `id` = 59 LIMIT 1 [ RunTime:0.000140s ]
[ sql ] [ SQL ] SELECT * FROM `hs_language` WHERE  (  id = 14 ) LIMIT 1 [ RunTime:0.000124s ]
[ sql ] [ SQL ] SELECT * FROM `hs_vocabulary` WHERE  `id` = 57 LIMIT 1 [ RunTime:0.000140s ]
[ sql ] [ SQL ] SELECT * FROM `hs_language` WHERE  (  id = 14 ) LIMIT 1 [ RunTime:0.000124s ]
[ sql ] [ SQL ] SELECT * FROM `hs_vocabulary` WHERE  `id` = 56 LIMIT 1 [ RunTime:0.000139s ]
[ sql ] [ SQL ] SELECT * FROM `hs_language` WHERE  (  id = 14 ) LIMIT 1 [ RunTime:0.000126s ]
---------------------------------------------------------------
[ 2018-08-24T10:55:51+08:00 ] 61.129.6.151 GET /hanshou/public/hanshou/index/index.html
[ info ] www.hanshoushou.com/hanshou/public/hanshou/index/index.html [运行时间：0.077109s][吞吐率：12.97req/s] [内存消耗：5,099.87kb] [文件加载：81]
[ info ] [ BEHAVIOR ] Run Closure @app_init [ RunTime:0.000037s ]
[ info ] [ CACHE ] INIT File
[ info ] [ BEHAVIOR ] Run Closure @app_init [ RunTime:0.002397s ]
[ info ] [ LANG ] /data3/htdocs/hanshoushou.host.smartgslb.com/hanshou/thinkphp/lang/zh-cn.php
[ info ] [ ROUTE ] array (
  'type' => 'module',
  'module' => 
  array (
    0 => 'hanshou',
    1 => 'index',
    2 => 'index',
  ),
)
[ info ] [ HEADER ] array (
  'host' => 'www.hanshoushou.com',
  'x-forwarded-host' => 'www.hanshoushou.com',
  'x-forwarded-server' => 'www.hanshoushou.com',
  'user-agent' => 'Mozilla/5.0 (Windows NT 6.1; WOW64) AppleWebKit/537.36 (KHTML, like Gecko) Chrome/53.0.2785.104 Safari/537.36 Core/1.53.2141.400 QQBrowser/9.5.10219.400',
  'accept' => '*/*',
  'referer' => 'http://www.hanshoushou.com/',
  'cookie' => 'antispame=1535086549; antispamkey=65923235de1aa41dcc67c59f944c59e6',
  'accept-language' => 'zh-CN,zh;q=0.8,en-US;q=0.6,en;q=0.4',
  'kerid' => '11644',
  'via' => '1.1 hkg4.hk.smartgslb.com (squid/3.4.9)',
  'surrogate-capability' => 'hkg4.hk.smartgslb.com="Surrogate/1.0"',
  'x-forwarded-for' => '61.129.6.151, 127.0.0.1',
  'cache-control' => 'max-age=259200',
)
[ info ] [ PARAM ] array (
)
[ info ] [ BEHAVIOR ] Run app\common\behavior\Common @module_init [ RunTime:0.000553s ]
[ info ] [ DB ] INIT mysql
[ info ] [ SESSION ] INIT array (
  'id' => '',
  'var_session_id' => '',
  'prefix' => 'think',
  'type' => '',
  'auto_start' => true,
)
[ info ] [ RUN ] app\hanshou\controller\Index->index[ /data3/htdocs/hanshoushou.host.smartgslb.com/hanshou/application/hanshou/controller/Index.php ]
[ info ] [ VIEW ] /data3/htdocs/hanshoushou.host.smartgslb.com/hanshou/public/../application/hanshou/view/index/index.html [ array (
  0 => 'user',
  1 => 'site',
  2 => 'config',
  3 => 'need_wait',
  4 => 'is_login',
) ]
[ info ] [ LOG ] INIT File
[ sql ] [ DB ] CONNECT:[ UseTime:0.000261s ] mysql:host=localhost;port=3306;dbname=sql_hanshoushou;charset=utf8
[ sql ] [ SQL ] SHOW COLUMNS FROM `hs_mywords` [ RunTime:0.005395s ]
[ sql ] [ SQL ] SELECT * FROM `hs_mywords` [ RunTime:0.000224s ]
[ sql ] [ SQL ] SELECT * FROM `hs_mywords` WHERE  (  name = '阿韩' and is_read != 1 ) LIMIT 1 [ RunTime:0.000214s ]
[ sql ] [ SQL ] SELECT * FROM `hs_mywords` WHERE  (  name = '韩宇佳' and is_read != 1 ) LIMIT 1 [ RunTime:0.000190s ]
[ sql ] [ SQL ] SELECT * FROM `hs_mywords` WHERE  (  name = 'Ahan' and is_read != 1 ) LIMIT 1 [ RunTime:0.000177s ]
[ sql ] [ SQL ] SELECT * FROM `hs_mywords` WHERE  (  name = 'katja' and is_read != 1 ) LIMIT 1 [ RunTime:0.000179s ]
---------------------------------------------------------------
[ 2018-08-24T10:55:56+08:00 ] 61.151.226.67 GET /hanshou/public/hanshou/index/index.html
[ info ] www.hanshoushou.com/hanshou/public/hanshou/index/index.html [运行时间：0.080651s][吞吐率：12.40req/s] [内存消耗：5,099.03kb] [文件加载：81]
[ info ] [ BEHAVIOR ] Run Closure @app_init [ RunTime:0.000080s ]
[ info ] [ CACHE ] INIT File
[ info ] [ BEHAVIOR ] Run Closure @app_init [ RunTime:0.002710s ]
[ info ] [ LANG ] /data3/htdocs/hanshoushou.host.smartgslb.com/hanshou/thinkphp/lang/zh-cn.php
[ info ] [ ROUTE ] array (
  'type' => 'module',
  'module' => 
  array (
    0 => 'hanshou',
    1 => 'index',
    2 => 'index',
  ),
)
[ info ] [ HEADER ] array (
  'host' => 'www.hanshoushou.com',
  'x-forwarded-host' => 'www.hanshoushou.com',
  'x-forwarded-server' => 'www.hanshoushou.com',
  'user-agent' => 'Mozilla/5.0 (Windows NT 6.1; WOW64) AppleWebKit/537.36 (KHTML, like Gecko) Chrome/53.0.2785.104 Safari/537.36 Core/1.53.2141.400 QQBrowser/9.5.10219.400',
  'accept' => '*/*',
  'accept-language' => 'zh-CN,zh;q=0.8,en-US;q=0.6,en;q=0.4',
  'kerid' => '11644',
  'via' => '1.1 tyo2.jp.smartgslb.com (squid/3.4.9)',
  'surrogate-capability' => 'tyo2.jp.smartgslb.com="Surrogate/1.0"',
  'x-forwarded-for' => '61.151.226.67, 127.0.0.1',
  'cache-control' => 'max-age=259200',
)
[ info ] [ PARAM ] array (
)
[ info ] [ BEHAVIOR ] Run app\common\behavior\Common @module_init [ RunTime:0.000755s ]
[ info ] [ DB ] INIT mysql
[ info ] [ SESSION ] INIT array (
  'id' => '',
  'var_session_id' => '',
  'prefix' => 'think',
  'type' => '',
  'auto_start' => true,
)
[ info ] [ RUN ] app\hanshou\controller\Index->index[ /data3/htdocs/hanshoushou.host.smartgslb.com/hanshou/application/hanshou/controller/Index.php ]
[ info ] [ VIEW ] /data3/htdocs/hanshoushou.host.smartgslb.com/hanshou/public/../application/hanshou/view/index/index.html [ array (
  0 => 'user',
  1 => 'site',
  2 => 'config',
  3 => 'need_wait',
  4 => 'is_login',
) ]
[ info ] [ LOG ] INIT File
[ sql ] [ DB ] CONNECT:[ UseTime:0.000371s ] mysql:host=localhost;port=3306;dbname=sql_hanshoushou;charset=utf8
[ sql ] [ SQL ] SHOW COLUMNS FROM `hs_mywords` [ RunTime:0.005139s ]
[ sql ] [ SQL ] SELECT * FROM `hs_mywords` [ RunTime:0.000213s ]
[ sql ] [ SQL ] SELECT * FROM `hs_mywords` WHERE  (  name = '阿韩' and is_read != 1 ) LIMIT 1 [ RunTime:0.000198s ]
[ sql ] [ SQL ] SELECT * FROM `hs_mywords` WHERE  (  name = '韩宇佳' and is_read != 1 ) LIMIT 1 [ RunTime:0.000165s ]
[ sql ] [ SQL ] SELECT * FROM `hs_mywords` WHERE  (  name = 'Ahan' and is_read != 1 ) LIMIT 1 [ RunTime:0.000164s ]
[ sql ] [ SQL ] SELECT * FROM `hs_mywords` WHERE  (  name = 'katja' and is_read != 1 ) LIMIT 1 [ RunTime:0.000164s ]
---------------------------------------------------------------
[ 2018-08-24T10:56:00+08:00 ] 61.151.225.192 GET /hanshou/public/hanshou/index/chatbox.html
[ info ] www.hanshoushou.com/hanshou/public/hanshou/index/chatbox.html [运行时间：0.047156s][吞吐率：21.21req/s] [内存消耗：5,099.17kb] [文件加载：81]
[ info ] [ BEHAVIOR ] Run Closure @app_init [ RunTime:0.000041s ]
[ info ] [ CACHE ] INIT File
[ info ] [ BEHAVIOR ] Run Closure @app_init [ RunTime:0.001553s ]
[ info ] [ LANG ] /data3/htdocs/hanshoushou.host.smartgslb.com/hanshou/thinkphp/lang/zh-cn.php
[ info ] [ ROUTE ] array (
  'type' => 'module',
  'module' => 
  array (
    0 => 'hanshou',
    1 => 'index',
    2 => 'chatbox',
  ),
)
[ info ] [ HEADER ] array (
  'host' => 'www.hanshoushou.com',
  'x-forwarded-host' => 'www.hanshoushou.com',
  'x-forwarded-server' => 'www.hanshoushou.com',
  'user-agent' => 'Mozilla/5.0 (Windows NT 6.1; WOW64) AppleWebKit/537.36 (KHTML, like Gecko) Chrome/56.0.2924.87 Safari/537.36',
  'accept' => '*/*',
  'referer' => 'http://www.hanshoushou.com/hanshou/public/hanshou/index/index.html',
  'accept-language' => 'zh-CN,zh;q=0.8,en-US;q=0.6,en;q=0.4',
  'kerid' => '11644',
  'via' => '1.1 hkg4.hk.smartgslb.com (squid/3.4.9)',
  'surrogate-capability' => 'hkg4.hk.smartgslb.com="Surrogate/1.0"',
  'x-forwarded-for' => '61.151.225.192, 127.0.0.1',
  'cache-control' => 'max-age=259200',
)
[ info ] [ PARAM ] array (
)
[ info ] [ BEHAVIOR ] Run app\common\behavior\Common @module_init [ RunTime:0.000350s ]
[ info ] [ DB ] INIT mysql
[ info ] [ SESSION ] INIT array (
  'id' => '',
  'var_session_id' => '',
  'prefix' => 'think',
  'type' => '',
  'auto_start' => true,
)
[ info ] [ RUN ] app\hanshou\controller\Index->chatbox[ /data3/htdocs/hanshoushou.host.smartgslb.com/hanshou/application/hanshou/controller/Index.php ]
[ info ] [ VIEW ] /data3/htdocs/hanshoushou.host.smartgslb.com/hanshou/public/../application/hanshou/view/index/chatbox.html [ array (
  0 => 'user',
  1 => 'site',
  2 => 'config',
  3 => 'need_wait',
  4 => 'is_login',
) ]
[ info ] [ LOG ] INIT File
[ sql ] [ DB ] CONNECT:[ UseTime:0.000326s ] mysql:host=localhost;port=3306;dbname=sql_hanshoushou;charset=utf8
[ sql ] [ SQL ] SHOW COLUMNS FROM `hs_mywords` [ RunTime:0.004280s ]
[ sql ] [ SQL ] SELECT * FROM `hs_mywords` [ RunTime:0.000152s ]
[ sql ] [ SQL ] SELECT * FROM `hs_mywords` WHERE  (  name = '阿韩' and is_read != 1 ) LIMIT 1 [ RunTime:0.000135s ]
[ sql ] [ SQL ] SELECT * FROM `hs_mywords` WHERE  (  name = '韩宇佳' and is_read != 1 ) LIMIT 1 [ RunTime:0.000142s ]
[ sql ] [ SQL ] SELECT * FROM `hs_mywords` WHERE  (  name = 'Ahan' and is_read != 1 ) LIMIT 1 [ RunTime:0.000096s ]
[ sql ] [ SQL ] SELECT * FROM `hs_mywords` WHERE  (  name = 'katja' and is_read != 1 ) LIMIT 1 [ RunTime:0.000080s ]
---------------------------------------------------------------
[ 2018-08-24T10:56:26+08:00 ] 61.129.8.179 GET /hanshou/public/hanshou/index/lookornot.html
[ info ] www.hanshoushou.com/hanshou/public/hanshou/index/lookornot.html [运行时间：0.049320s][吞吐率：20.28req/s] [内存消耗：5,175.95kb] [文件加载：82]
[ info ] [ BEHAVIOR ] Run Closure @app_init [ RunTime:0.000036s ]
[ info ] [ CACHE ] INIT File
[ info ] [ BEHAVIOR ] Run Closure @app_init [ RunTime:0.001487s ]
[ info ] [ LANG ] /data3/htdocs/hanshoushou.host.smartgslb.com/hanshou/thinkphp/lang/zh-cn.php
[ info ] [ ROUTE ] array (
  'type' => 'module',
  'module' => 
  array (
    0 => 'hanshou',
    1 => 'index',
    2 => 'lookornot',
  ),
)
[ info ] [ HEADER ] array (
  'host' => 'www.hanshoushou.com',
  'x-forwarded-host' => 'www.hanshoushou.com',
  'x-forwarded-server' => 'www.hanshoushou.com',
  'user-agent' => 'Mozilla/5.0 (Windows NT 6.1; WOW64) AppleWebKit/537.36 (KHTML, like Gecko) Chrome/43.0.2357.124 Safari/537.36',
  'accept' => '*/*',
  'referer' => 'http://www.hanshoushou.com/hanshou/public/hanshou/index/index.html',
  'accept-language' => 'zh-CN,zh;q=0.8,en-US;q=0.6,en;q=0.4',
  'kerid' => '11644',
  'via' => '1.1 hkg4.hk.smartgslb.com (squid/3.4.9)',
  'surrogate-capability' => 'hkg4.hk.smartgslb.com="Surrogate/1.0"',
  'x-forwarded-for' => '61.129.8.179, 127.0.0.1',
  'cache-control' => 'max-age=259200',
)
[ info ] [ PARAM ] array (
)
[ info ] [ BEHAVIOR ] Run app\common\behavior\Common @module_init [ RunTime:0.000356s ]
[ info ] [ DB ] INIT mysql
[ info ] [ SESSION ] INIT array (
  'id' => '',
  'var_session_id' => '',
  'prefix' => 'think',
  'type' => '',
  'auto_start' => true,
)
[ info ] [ RUN ] app\hanshou\controller\Index->lookornot[ /data3/htdocs/hanshoushou.host.smartgslb.com/hanshou/application/hanshou/controller/Index.php ]
[ info ] [ LOG ] INIT File
[ sql ] [ DB ] CONNECT:[ UseTime:0.000232s ] mysql:host=localhost;port=3306;dbname=sql_hanshoushou;charset=utf8
[ sql ] [ SQL ] SHOW COLUMNS FROM `hs_mywords` [ RunTime:0.004008s ]
[ sql ] [ SQL ] SELECT * FROM `hs_mywords` [ RunTime:0.000147s ]
[ sql ] [ SQL ] SELECT * FROM `hs_mywords` WHERE  (  name = '阿韩' and is_read != 1 ) LIMIT 1 [ RunTime:0.000137s ]
[ sql ] [ SQL ] SELECT * FROM `hs_mywords` WHERE  (  name = '韩宇佳' and is_read != 1 ) LIMIT 1 [ RunTime:0.000122s ]
[ sql ] [ SQL ] SELECT * FROM `hs_mywords` WHERE  (  name = 'Ahan' and is_read != 1 ) LIMIT 1 [ RunTime:0.000120s ]
[ sql ] [ SQL ] SELECT * FROM `hs_mywords` WHERE  (  name = 'katja' and is_read != 1 ) LIMIT 1 [ RunTime:0.000115s ]
[ error ] [0]variable type error： array[/data3/htdocs/hanshoushou.host.smartgslb.com/hanshou/thinkphp/library/think/Response.php:318]
---------------------------------------------------------------
[ 2018-08-24T10:56:27+08:00 ] 61.151.218.118 GET /hanshou/public/hanshou/vocabulary/vocabulary.html
[ info ] www.hanshoushou.com/hanshou/public/hanshou/vocabulary/vocabulary.html [运行时间：0.039462s][吞吐率：25.34req/s] [内存消耗：4,134.65kb] [文件加载：76]
[ info ] [ BEHAVIOR ] Run Closure @app_init [ RunTime:0.000037s ]
[ info ] [ CACHE ] INIT File
[ info ] [ BEHAVIOR ] Run Closure @app_init [ RunTime:0.001827s ]
[ info ] [ LANG ] /data3/htdocs/hanshoushou.host.smartgslb.com/hanshou/thinkphp/lang/zh-cn.php
[ info ] [ ROUTE ] array (
  'type' => 'module',
  'module' => 
  array (
    0 => 'hanshou',
    1 => 'vocabulary',
    2 => 'vocabulary',
  ),
)
[ info ] [ HEADER ] array (
  'host' => 'www.hanshoushou.com',
  'x-forwarded-host' => 'www.hanshoushou.com',
  'x-forwarded-server' => 'www.hanshoushou.com',
  'user-agent' => 'Mozilla/5.0 (Windows NT 6.1; WOW64) AppleWebKit/537.36 (KHTML, like Gecko) Chrome/43.0.2357.124 Safari/537.36',
  'accept' => '*/*',
  'referer' => 'http://www.hanshoushou.com/hanshou/public/hanshou/index/index.html',
  'accept-language' => 'zh-CN,zh;q=0.8,en-US;q=0.6,en;q=0.4',
  'kerid' => '11644',
  'via' => '1.1 hkg4.hk.smartgslb.com (squid/3.4.9)',
  'surrogate-capability' => 'hkg4.hk.smartgslb.com="Surrogate/1.0"',
  'x-forwarded-for' => '61.151.218.118, 127.0.0.1',
  'cache-control' => 'max-age=259200',
)
[ info ] [ PARAM ] array (
)
[ info ] [ BEHAVIOR ] Run app\common\behavior\Common @module_init [ RunTime:0.000463s ]
[ info ] [ SESSION ] INIT array (
  'id' => '',
  'var_session_id' => '',
  'prefix' => 'think',
  'type' => '',
  'auto_start' => true,
)
[ info ] [ VIEW ] /data3/htdocs/hanshoushou.host.smartgslb.com/hanshou/public/../application/common/view/tpl/dispatch_jump.tpl [ array (
  0 => 'user',
  1 => 'site',
  2 => 'config',
  3 => 'code',
  4 => 'msg',
  5 => 'data',
  6 => 'url',
  7 => 'wait',
) ]
[ info ] [ LOG ] INIT File
---------------------------------------------------------------
[ 2018-08-24T10:56:33+08:00 ] 101.226.113.53 GET /hanshou/public/hanshou/record/record/lid/4.html
[ info ] www.hanshoushou.com/hanshou/public/hanshou/record/record/lid/4.html [运行时间：0.037734s][吞吐率：26.50req/s] [内存消耗：4,133.49kb] [文件加载：76]
[ info ] [ BEHAVIOR ] Run Closure @app_init [ RunTime:0.000041s ]
[ info ] [ CACHE ] INIT File
[ info ] [ BEHAVIOR ] Run Closure @app_init [ RunTime:0.001544s ]
[ info ] [ LANG ] /data3/htdocs/hanshoushou.host.smartgslb.com/hanshou/thinkphp/lang/zh-cn.php
[ info ] [ ROUTE ] array (
  'type' => 'module',
  'module' => 
  array (
    0 => 'hanshou',
    1 => 'record',
    2 => 'record',
  ),
)
[ info ] [ HEADER ] array (
  'host' => 'www.hanshoushou.com',
  'x-forwarded-host' => 'www.hanshoushou.com',
  'x-forwarded-server' => 'www.hanshoushou.com',
  'user-agent' => 'Mozilla/5.0 (Windows NT 6.1; WOW64) AppleWebKit/537.36 (KHTML, like Gecko) Chrome/53.0.2785.104 Safari/537.36 Core/1.53.2141.400 QQBrowser/9.5.10219.400',
  'accept' => '*/*',
  'referer' => 'http://www.hanshoushou.com/hanshou/public/hanshou/vocabulary/vocabulary.html',
  'accept-language' => 'zh-CN,zh;q=0.8,en-US;q=0.6,en;q=0.4',
  'kerid' => '11644',
  'via' => '1.1 hkg4.hk.smartgslb.com (squid/3.4.9)',
  'surrogate-capability' => 'hkg4.hk.smartgslb.com="Surrogate/1.0"',
  'x-forwarded-for' => '101.226.113.53, 127.0.0.1',
  'cache-control' => 'max-age=259200',
)
[ info ] [ PARAM ] array (
  'lid' => '4',
)
[ info ] [ BEHAVIOR ] Run app\common\behavior\Common @module_init [ RunTime:0.000399s ]
[ info ] [ SESSION ] INIT array (
  'id' => '',
  'var_session_id' => '',
  'prefix' => 'think',
  'type' => '',
  'auto_start' => true,
)
[ info ] [ VIEW ] /data3/htdocs/hanshoushou.host.smartgslb.com/hanshou/public/../application/common/view/tpl/dispatch_jump.tpl [ array (
  0 => 'user',
  1 => 'site',
  2 => 'config',
  3 => 'code',
  4 => 'msg',
  5 => 'data',
  6 => 'url',
  7 => 'wait',
) ]
[ info ] [ LOG ] INIT File
---------------------------------------------------------------
[ 2018-08-24T10:56:35+08:00 ] 101.89.239.216 GET /hanshou/public/hanshou/vocabulary/vocabulary/lid/4.html
[ info ] www.hanshoushou.com/hanshou/public/hanshou/vocabulary/vocabulary/lid/4.html [运行时间：0.037723s][吞吐率：26.51req/s] [内存消耗：4,135.37kb] [文件加载：76]
[ info ] [ BEHAVIOR ] Run Closure @app_init [ RunTime:0.000028s ]
[ info ] [ CACHE ] INIT File
[ info ] [ BEHAVIOR ] Run Closure @app_init [ RunTime:0.001584s ]
[ info ] [ LANG ] /data3/htdocs/hanshoushou.host.smartgslb.com/hanshou/thinkphp/lang/zh-cn.php
[ info ] [ ROUTE ] array (
  'type' => 'module',
  'module' => 
  array (
    0 => 'hanshou',
    1 => 'vocabulary',
    2 => 'vocabulary',
  ),
)
[ info ] [ HEADER ] array (
  'host' => 'www.hanshoushou.com',
  'x-forwarded-host' => 'www.hanshoushou.com',
  'x-forwarded-server' => 'www.hanshoushou.com',
  'user-agent' => 'Mozilla/5.0 (Windows NT 6.1; WOW64) AppleWebKit/537.36 (KHTML, like Gecko) Chrome/53.0.2785.104 Safari/537.36 Core/1.53.2141.400 QQBrowser/9.5.10219.400',
  'accept' => '*/*',
  'referer' => 'http://www.hanshoushou.com/hanshou/public/hanshou/record/record/lid/4.html',
  'accept-language' => 'zh-CN,zh;q=0.8,en-US;q=0.6,en;q=0.4',
  'kerid' => '11644',
  'via' => '1.1 hkg4.hk.smartgslb.com (squid/3.4.9)',
  'surrogate-capability' => 'hkg4.hk.smartgslb.com="Surrogate/1.0"',
  'x-forwarded-for' => '101.89.239.216, 127.0.0.1',
  'cache-control' => 'max-age=259200',
)
[ info ] [ PARAM ] array (
  'lid' => '4',
)
[ info ] [ BEHAVIOR ] Run app\common\behavior\Common @module_init [ RunTime:0.000474s ]
[ info ] [ SESSION ] INIT array (
  'id' => '',
  'var_session_id' => '',
  'prefix' => 'think',
  'type' => '',
  'auto_start' => true,
)
[ info ] [ VIEW ] /data3/htdocs/hanshoushou.host.smartgslb.com/hanshou/public/../application/common/view/tpl/dispatch_jump.tpl [ array (
  0 => 'user',
  1 => 'site',
  2 => 'config',
  3 => 'code',
  4 => 'msg',
  5 => 'data',
  6 => 'url',
  7 => 'wait',
) ]
[ info ] [ LOG ] INIT File
---------------------------------------------------------------
[ 2018-08-24T10:56:37+08:00 ] 101.226.79.241 GET /hanshou/public/hanshou/record/record/lid/5.html
[ info ] www.hanshoushou.com/hanshou/public/hanshou/record/record/lid/5.html [运行时间：0.036608s][吞吐率：27.32req/s] [内存消耗：4,133.10kb] [文件加载：76]
[ info ] [ BEHAVIOR ] Run Closure @app_init [ RunTime:0.000038s ]
[ info ] [ CACHE ] INIT File
[ info ] [ BEHAVIOR ] Run Closure @app_init [ RunTime:0.001487s ]
[ info ] [ LANG ] /data3/htdocs/hanshoushou.host.smartgslb.com/hanshou/thinkphp/lang/zh-cn.php
[ info ] [ ROUTE ] array (
  'type' => 'module',
  'module' => 
  array (
    0 => 'hanshou',
    1 => 'record',
    2 => 'record',
  ),
)
[ info ] [ HEADER ] array (
  'host' => 'www.hanshoushou.com',
  'x-forwarded-host' => 'www.hanshoushou.com',
  'x-forwarded-server' => 'www.hanshoushou.com',
  'user-agent' => 'Mozilla/5.0 (Macintosh; Intel Mac OS X 10_12_4) AppleWebKit/537.36 (KHTML, like Gecko) 			Chrome/55.0.2883.95 Safari/537.36',
  'accept' => '*/*',
  'referer' => 'http://www.hanshoushou.com/hanshou/public/hanshou/vocabulary/vocabulary/lid/4.html',
  'accept-language' => 'zh-CN,zh;q=0.8,en-US;q=0.6,en;q=0.4',
  'kerid' => '11644',
  'via' => '1.1 hkg4.hk.smartgslb.com (squid/3.4.9)',
  'surrogate-capability' => 'hkg4.hk.smartgslb.com="Surrogate/1.0"',
  'x-forwarded-for' => '101.226.79.241, 127.0.0.1',
  'cache-control' => 'max-age=259200',
)
[ info ] [ PARAM ] array (
  'lid' => '5',
)
[ info ] [ BEHAVIOR ] Run app\common\behavior\Common @module_init [ RunTime:0.000380s ]
[ info ] [ SESSION ] INIT array (
  'id' => '',
  'var_session_id' => '',
  'prefix' => 'think',
  'type' => '',
  'auto_start' => true,
)
[ info ] [ VIEW ] /data3/htdocs/hanshoushou.host.smartgslb.com/hanshou/public/../application/common/view/tpl/dispatch_jump.tpl [ array (
  0 => 'user',
  1 => 'site',
  2 => 'config',
  3 => 'code',
  4 => 'msg',
  5 => 'data',
  6 => 'url',
  7 => 'wait',
) ]
[ info ] [ LOG ] INIT File
---------------------------------------------------------------
[ 2018-08-24T10:56:42+08:00 ] 36.48.27.42 GET /hanshou/public/hanshou/vocabulary/vocabulary/lid/4.html
[ info ] www.hanshoushou.com/hanshou/public/hanshou/vocabulary/vocabulary/lid/4.html [运行时间：0.059825s][吞吐率：16.72req/s] [内存消耗：5,377.86kb] [文件加载：86]
[ info ] [ BEHAVIOR ] Run Closure @app_init [ RunTime:0.000032s ]
[ info ] [ CACHE ] INIT File
[ info ] [ BEHAVIOR ] Run Closure @app_init [ RunTime:0.001556s ]
[ info ] [ LANG ] /data3/htdocs/hanshoushou.host.smartgslb.com/hanshou/thinkphp/lang/zh-cn.php
[ info ] [ ROUTE ] array (
  'type' => 'module',
  'module' => 
  array (
    0 => 'hanshou',
    1 => 'vocabulary',
    2 => 'vocabulary',
  ),
)
[ info ] [ HEADER ] array (
  'host' => 'www.hanshoushou.com',
  'x-forwarded-host' => 'www.hanshoushou.com',
  'x-forwarded-server' => 'www.hanshoushou.com',
  'upgrade-insecure-requests' => '1',
  'user-agent' => 'Mozilla/5.0 (Windows NT 10.0; WOW64) AppleWebKit/537.36 (KHTML, like Gecko) Chrome/68.0.3440.106 Safari/537.36',
  'accept' => 'text/html,application/xhtml+xml,application/xml;q=0.9,image/webp,image/apng,*/*;q=0.8',
  'referer' => 'http://www.hanshoushou.com/hanshou/public/hanshou/vocabulary/vocabulary/lid/14.html',
  'accept-encoding' => 'gzip, deflate',
  'accept-language' => 'zh-CN,zh;q=0.9',
  'cookie' => 'PHPSESSID=ka3hs3a501pkth4svs6tajqi87; antispame=1535086571; antispamkey=bc71e9a0d9f4e3b15ad1f39de58076d0',
  'kerid' => '11644',
  'via' => '1.1 tyo2.jp.smartgslb.com (squid/3.4.9)',
  'surrogate-capability' => 'tyo2.jp.smartgslb.com="Surrogate/1.0"',
  'x-forwarded-for' => '36.48.27.42, 127.0.0.1',
  'cache-control' => 'max-age=259200',
)
[ info ] [ PARAM ] array (
  'lid' => '4',
)
[ info ] [ BEHAVIOR ] Run app\common\behavior\Common @module_init [ RunTime:0.000428s ]
[ info ] [ SESSION ] INIT array (
  'id' => '',
  'var_session_id' => '',
  'prefix' => 'think',
  'type' => '',
  'auto_start' => true,
)
[ info ] [ DB ] INIT mysql
[ info ] [ RUN ] app\hanshou\controller\Vocabulary->vocabulary[ /data3/htdocs/hanshoushou.host.smartgslb.com/hanshou/application/hanshou/controller/Vocabulary.php ]
[ info ] [ VIEW ] /data3/htdocs/hanshoushou.host.smartgslb.com/hanshou/public/../application/hanshou/view/vocabulary/vocabulary.html [ array (
  0 => 'user',
  1 => 'site',
  2 => 'config',
  3 => 'is_login',
  4 => 'study_typelist',
  5 => 'languagelist',
  6 => 'ahan_username',
  7 => 'alllanguagelist',
  8 => 'language',
  9 => 'list',
) ]
[ info ] [ LOG ] INIT File
[ sql ] [ DB ] CONNECT:[ UseTime:0.000285s ] mysql:host=localhost;port=3306;dbname=sql_hanshoushou;charset=utf8
[ sql ] [ SQL ] SHOW COLUMNS FROM `hs_language` [ RunTime:0.004537s ]
[ sql ] [ SQL ] SELECT * FROM `hs_language` WHERE  `is_shenpi` = 1 [ RunTime:0.000186s ]
[ sql ] [ SQL ] SELECT * FROM `hs_language` [ RunTime:0.000107s ]
[ sql ] [ SQL ] SELECT * FROM `hs_language` WHERE  `is_shenpi` = 1 ORDER BY id asc LIMIT 1 [ RunTime:0.000144s ]
[ sql ] [ SQL ] SELECT * FROM `hs_language` WHERE  (  id = 4 and is_shenpi = 1 ) LIMIT 1 [ RunTime:0.000121s ]
[ sql ] [ SQL ] SHOW COLUMNS FROM `hs_vocabulary` [ RunTime:0.002079s ]
[ sql ] [ SQL ] SELECT COUNT(*) AS tp_count FROM `hs_vocabulary` WHERE  `language` = 4 LIMIT 1 [ RunTime:0.000184s ]
[ sql ] [ SQL ] SELECT * FROM `hs_vocabulary` WHERE  `language` = 4 ORDER BY zan DESC,id DESC LIMIT 0,20 [ RunTime:0.000159s ]
---------------------------------------------------------------
[ 2018-08-24T10:56:44+08:00 ] 101.226.79.241 GET /hanshou/public/hanshou/vocabulary/vocabulary/lid/5.html
[ info ] www.hanshoushou.com/hanshou/public/hanshou/vocabulary/vocabulary/lid/5.html [运行时间：0.041942s][吞吐率：23.84req/s] [内存消耗：4,135.39kb] [文件加载：76]
[ info ] [ BEHAVIOR ] Run Closure @app_init [ RunTime:0.000042s ]
[ info ] [ CACHE ] INIT File
[ info ] [ BEHAVIOR ] Run Closure @app_init [ RunTime:0.001552s ]
[ info ] [ LANG ] /data3/htdocs/hanshoushou.host.smartgslb.com/hanshou/thinkphp/lang/zh-cn.php
[ info ] [ ROUTE ] array (
  'type' => 'module',
  'module' => 
  array (
    0 => 'hanshou',
    1 => 'vocabulary',
    2 => 'vocabulary',
  ),
)
[ info ] [ HEADER ] array (
  'host' => 'www.hanshoushou.com',
  'x-forwarded-host' => 'www.hanshoushou.com',
  'x-forwarded-server' => 'www.hanshoushou.com',
  'user-agent' => 'Mozilla/5.0 (Macintosh; Intel Mac OS X 10_12_4) AppleWebKit/537.36 (KHTML, like Gecko) 			Chrome/55.0.2883.95 Safari/537.36',
  'accept' => '*/*',
  'referer' => 'http://www.hanshoushou.com/hanshou/public/hanshou/record/record/lid/5.html',
  'accept-language' => 'zh-CN,zh;q=0.8,en-US;q=0.6,en;q=0.4',
  'kerid' => '11644',
  'via' => '1.1 hkg4.hk.smartgslb.com (squid/3.4.9)',
  'surrogate-capability' => 'hkg4.hk.smartgslb.com="Surrogate/1.0"',
  'x-forwarded-for' => '101.226.79.241, 127.0.0.1',
  'cache-control' => 'max-age=259200',
)
[ info ] [ PARAM ] array (
  'lid' => '5',
)
[ info ] [ BEHAVIOR ] Run app\common\behavior\Common @module_init [ RunTime:0.000383s ]
[ info ] [ SESSION ] INIT array (
  'id' => '',
  'var_session_id' => '',
  'prefix' => 'think',
  'type' => '',
  'auto_start' => true,
)
[ info ] [ VIEW ] /data3/htdocs/hanshoushou.host.smartgslb.com/hanshou/public/../application/common/view/tpl/dispatch_jump.tpl [ array (
  0 => 'user',
  1 => 'site',
  2 => 'config',
  3 => 'code',
  4 => 'msg',
  5 => 'data',
  6 => 'url',
  7 => 'wait',
) ]
[ info ] [ LOG ] INIT File
---------------------------------------------------------------
[ 2018-08-24T10:56:50+08:00 ] 101.89.29.78 GET /hanshou/public/hanshou/vocabulary/vocabulary/lid/14.html
[ info ] www.hanshoushou.com/hanshou/public/hanshou/vocabulary/vocabulary/lid/14.html [运行时间：0.038635s][吞吐率：25.88req/s] [内存消耗：4,135.26kb] [文件加载：76]
[ info ] [ BEHAVIOR ] Run Closure @app_init [ RunTime:0.000044s ]
[ info ] [ CACHE ] INIT File
[ info ] [ BEHAVIOR ] Run Closure @app_init [ RunTime:0.002072s ]
[ info ] [ LANG ] /data3/htdocs/hanshoushou.host.smartgslb.com/hanshou/thinkphp/lang/zh-cn.php
[ info ] [ ROUTE ] array (
  'type' => 'module',
  'module' => 
  array (
    0 => 'hanshou',
    1 => 'vocabulary',
    2 => 'vocabulary',
  ),
)
[ info ] [ HEADER ] array (
  'host' => 'www.hanshoushou.com',
  'x-forwarded-host' => 'www.hanshoushou.com',
  'x-forwarded-server' => 'www.hanshoushou.com',
  'user-agent' => 'Mozilla/5.0 (Windows NT 6.1; WOW64; Trident/7.0; SLCC2; .NET CLR 2.0.50727; .NET CLR 3.5.30729; .NET CLR 3.0.30729; Media Center PC 6.0; .NET4.0C; .NET4.0E; InfoPath.3; rv:11.0) like Gecko',
  'accept' => '*/*',
  'referer' => 'http://www.hanshoushou.com/hanshou/public/hanshou/vocabulary/vocabulary/lid/5.html',
  'accept-language' => 'zh-CN,zh;q=0.8,en-US;q=0.6,en;q=0.4',
  'kerid' => '11644',
  'via' => '1.1 tyo2.jp.smartgslb.com (squid/3.4.9)',
  'surrogate-capability' => 'tyo2.jp.smartgslb.com="Surrogate/1.0"',
  'x-forwarded-for' => '101.89.29.78, 127.0.0.1',
  'cache-control' => 'max-age=259200',
)
[ info ] [ PARAM ] array (
  'lid' => '14',
)
[ info ] [ BEHAVIOR ] Run app\common\behavior\Common @module_init [ RunTime:0.000400s ]
[ info ] [ SESSION ] INIT array (
  'id' => '',
  'var_session_id' => '',
  'prefix' => 'think',
  'type' => '',
  'auto_start' => true,
)
[ info ] [ VIEW ] /data3/htdocs/hanshoushou.host.smartgslb.com/hanshou/public/../application/common/view/tpl/dispatch_jump.tpl [ array (
  0 => 'user',
  1 => 'site',
  2 => 'config',
  3 => 'code',
  4 => 'msg',
  5 => 'data',
  6 => 'url',
  7 => 'wait',
) ]
[ info ] [ LOG ] INIT File
