---------------------------------------------------------------
[ 2018-11-01T02:34:15+08:00 ] 66.249.79.209 GET /hanshou/public/hanshou/index/index.html
[ info ] www.hanshoushou.com/hanshou/public/hanshou/index/index.html [运行时间：0.090062s][吞吐率：11.10req/s] [内存消耗：5,100.05kb] [文件加载：81]
[ info ] [ BEHAVIOR ] Run Closure @app_init [ RunTime:0.000071s ]
[ info ] [ CACHE ] INIT File
[ info ] [ BEHAVIOR ] Run Closure @app_init [ RunTime:0.002988s ]
[ info ] [ LANG ] /data3/htdocs/hanshoushou.host.smartgslb.com/hanshou/thinkphp/lang/zh-cn.php
[ info ] [ ROUTE ] array (
  'type' => 'module',
  'module' => 
  array (
    0 => 'hanshou',
    1 => 'index',
    2 => 'index',
  ),
)
[ info ] [ HEADER ] array (
  'host' => 'www.hanshoushou.com',
  'x-forwarded-host' => 'www.hanshoushou.com',
  'x-forwarded-server' => 'www.hanshoushou.com',
  'cookie' => 'antispame=1541018051; antispamkey=478bfec3bc8025b6b77c1373d19a1dbb',
  'accept' => 'text/html,application/xhtml+xml,application/xml;q=0.9,*/*;q=0.8',
  'from' => 'googlebot(at)googlebot.com',
  'user-agent' => 'Mozilla/5.0 (Linux; Android 6.0.1; Nexus 5X Build/MMB29P) AppleWebKit/537.36 (KHTML, like Gecko) Chrome/41.0.2272.96 Mobile Safari/537.36 (compatible; Googlebot/2.1; +http://www.google.com/bot.html)',
  'accept-encoding' => 'gzip,deflate,br',
  'kerid' => '11644',
  'via' => '1.0 lax1.us.smartgslb.com (squid/3.4.9)',
  'surrogate-capability' => 'lax1.us.smartgslb.com="Surrogate/1.0"',
  'x-forwarded-for' => '66.249.79.209, 127.0.0.1',
  'cache-control' => 'max-age=259200',
)
[ info ] [ PARAM ] array (
)
[ info ] [ BEHAVIOR ] Run app\common\behavior\Common @module_init [ RunTime:0.000978s ]
[ info ] [ DB ] INIT mysql
[ info ] [ SESSION ] INIT array (
  'id' => '',
  'var_session_id' => '',
  'prefix' => 'think',
  'type' => '',
  'auto_start' => true,
)
[ info ] [ RUN ] app\hanshou\controller\Index->index[ /data3/htdocs/hanshoushou.host.smartgslb.com/hanshou/application/hanshou/controller/Index.php ]
[ info ] [ VIEW ] /data3/htdocs/hanshoushou.host.smartgslb.com/hanshou/public/../application/hanshou/view/index/index.html [ array (
  0 => 'user',
  1 => 'site',
  2 => 'config',
  3 => 'need_wait',
  4 => 'is_login',
) ]
[ info ] [ LOG ] INIT File
[ sql ] [ DB ] CONNECT:[ UseTime:0.000257s ] mysql:host=localhost;port=3306;dbname=sql_hanshoushou;charset=utf8
[ sql ] [ SQL ] SHOW COLUMNS FROM `hs_mywords` [ RunTime:0.004255s ]
[ sql ] [ SQL ] SELECT * FROM `hs_mywords` [ RunTime:0.000281s ]
[ sql ] [ SQL ] SELECT * FROM `hs_mywords` WHERE  (  name = '阿韩' and is_read != 1 ) LIMIT 1 [ RunTime:0.000206s ]
[ sql ] [ SQL ] SELECT * FROM `hs_mywords` WHERE  (  name = '韩宇佳' and is_read != 1 ) LIMIT 1 [ RunTime:0.000183s ]
[ sql ] [ SQL ] SELECT * FROM `hs_mywords` WHERE  (  name = 'Ahan' and is_read != 1 ) LIMIT 1 [ RunTime:0.000178s ]
[ sql ] [ SQL ] SELECT * FROM `hs_mywords` WHERE  (  name = 'katja' and is_read != 1 ) LIMIT 1 [ RunTime:0.000169s ]
---------------------------------------------------------------
[ 2018-11-01T02:46:01+08:00 ] 66.249.79.209 GET /hanshou/public/hanshou/index/index.html
[ info ] www.hanshoushou.com/hanshou/public/hanshou/index/index.html [运行时间：0.052988s][吞吐率：18.87req/s] [内存消耗：5,100.03kb] [文件加载：81]
[ info ] [ BEHAVIOR ] Run Closure @app_init [ RunTime:0.000034s ]
[ info ] [ CACHE ] INIT File
[ info ] [ BEHAVIOR ] Run Closure @app_init [ RunTime:0.001587s ]
[ info ] [ LANG ] /data3/htdocs/hanshoushou.host.smartgslb.com/hanshou/thinkphp/lang/zh-cn.php
[ info ] [ ROUTE ] array (
  'type' => 'module',
  'module' => 
  array (
    0 => 'hanshou',
    1 => 'index',
    2 => 'index',
  ),
)
[ info ] [ HEADER ] array (
  'host' => 'www.hanshoushou.com',
  'x-forwarded-host' => 'www.hanshoushou.com',
  'x-forwarded-server' => 'www.hanshoushou.com',
  'cookie' => 'antispame=1541018760; antispamkey=c511bbff831b4d7ee6dae3c49cdae0ae',
  'accept' => 'text/html,application/xhtml+xml,application/xml;q=0.9,*/*;q=0.8',
  'from' => 'googlebot(at)googlebot.com',
  'user-agent' => 'Mozilla/5.0 (Linux; Android 6.0.1; Nexus 5X Build/MMB29P) AppleWebKit/537.36 (KHTML, like Gecko) Chrome/41.0.2272.96 Mobile Safari/537.36 (compatible; Googlebot/2.1; +http://www.google.com/bot.html)',
  'accept-encoding' => 'gzip,deflate,br',
  'kerid' => '11644',
  'via' => '1.0 lax1.us.smartgslb.com (squid/3.4.9)',
  'surrogate-capability' => 'lax1.us.smartgslb.com="Surrogate/1.0"',
  'x-forwarded-for' => '66.249.79.209, 127.0.0.1',
  'cache-control' => 'max-age=259200',
)
[ info ] [ PARAM ] array (
)
[ info ] [ BEHAVIOR ] Run app\common\behavior\Common @module_init [ RunTime:0.000643s ]
[ info ] [ DB ] INIT mysql
[ info ] [ SESSION ] INIT array (
  'id' => '',
  'var_session_id' => '',
  'prefix' => 'think',
  'type' => '',
  'auto_start' => true,
)
[ info ] [ RUN ] app\hanshou\controller\Index->index[ /data3/htdocs/hanshoushou.host.smartgslb.com/hanshou/application/hanshou/controller/Index.php ]
[ info ] [ VIEW ] /data3/htdocs/hanshoushou.host.smartgslb.com/hanshou/public/../application/hanshou/view/index/index.html [ array (
  0 => 'user',
  1 => 'site',
  2 => 'config',
  3 => 'need_wait',
  4 => 'is_login',
) ]
[ info ] [ LOG ] INIT File
[ sql ] [ DB ] CONNECT:[ UseTime:0.000257s ] mysql:host=localhost;port=3306;dbname=sql_hanshoushou;charset=utf8
[ sql ] [ SQL ] SHOW COLUMNS FROM `hs_mywords` [ RunTime:0.004044s ]
[ sql ] [ SQL ] SELECT * FROM `hs_mywords` [ RunTime:0.000229s ]
[ sql ] [ SQL ] SELECT * FROM `hs_mywords` WHERE  (  name = '阿韩' and is_read != 1 ) LIMIT 1 [ RunTime:0.000154s ]
[ sql ] [ SQL ] SELECT * FROM `hs_mywords` WHERE  (  name = '韩宇佳' and is_read != 1 ) LIMIT 1 [ RunTime:0.000092s ]
[ sql ] [ SQL ] SELECT * FROM `hs_mywords` WHERE  (  name = 'Ahan' and is_read != 1 ) LIMIT 1 [ RunTime:0.000085s ]
[ sql ] [ SQL ] SELECT * FROM `hs_mywords` WHERE  (  name = 'katja' and is_read != 1 ) LIMIT 1 [ RunTime:0.000083s ]
---------------------------------------------------------------
[ 2018-11-01T15:04:04+08:00 ] 66.249.79.209 GET /hanshou/public/hanshou/index/index.html
[ info ] www.hanshoushou.com/hanshou/public/hanshou/index/index.html [运行时间：0.079501s][吞吐率：12.58req/s] [内存消耗：5,099.30kb] [文件加载：81]
[ info ] [ BEHAVIOR ] Run Closure @app_init [ RunTime:0.000039s ]
[ info ] [ CACHE ] INIT File
[ info ] [ BEHAVIOR ] Run Closure @app_init [ RunTime:0.002440s ]
[ info ] [ LANG ] /data3/htdocs/hanshoushou.host.smartgslb.com/hanshou/thinkphp/lang/zh-cn.php
[ info ] [ ROUTE ] array (
  'type' => 'module',
  'module' => 
  array (
    0 => 'hanshou',
    1 => 'index',
    2 => 'index',
  ),
)
[ info ] [ HEADER ] array (
  'host' => 'www.hanshoushou.com',
  'x-forwarded-host' => 'www.hanshoushou.com',
  'x-forwarded-server' => 'www.hanshoushou.com',
  'cookie' => 'antispame=1541063038; antispamkey=218fef480891507e7f0255dec8d9074f',
  'accept' => 'text/html,application/xhtml+xml,application/xml;q=0.9,*/*;q=0.8',
  'from' => 'googlebot(at)googlebot.com',
  'user-agent' => 'Mozilla/5.0 (compatible; Googlebot/2.1; +http://www.google.com/bot.html)',
  'accept-encoding' => 'gzip,deflate,br',
  'kerid' => '11644',
  'via' => '1.0 lax1.us.smartgslb.com (squid/3.4.9)',
  'surrogate-capability' => 'lax1.us.smartgslb.com="Surrogate/1.0"',
  'x-forwarded-for' => '66.249.79.209, 127.0.0.1',
  'cache-control' => 'max-age=259200',
)
[ info ] [ PARAM ] array (
)
[ info ] [ BEHAVIOR ] Run app\common\behavior\Common @module_init [ RunTime:0.000768s ]
[ info ] [ DB ] INIT mysql
[ info ] [ SESSION ] INIT array (
  'id' => '',
  'var_session_id' => '',
  'prefix' => 'think',
  'type' => '',
  'auto_start' => true,
)
[ info ] [ RUN ] app\hanshou\controller\Index->index[ /data3/htdocs/hanshoushou.host.smartgslb.com/hanshou/application/hanshou/controller/Index.php ]
[ info ] [ VIEW ] /data3/htdocs/hanshoushou.host.smartgslb.com/hanshou/public/../application/hanshou/view/index/index.html [ array (
  0 => 'user',
  1 => 'site',
  2 => 'config',
  3 => 'need_wait',
  4 => 'is_login',
) ]
[ info ] [ LOG ] INIT File
[ sql ] [ DB ] CONNECT:[ UseTime:0.000264s ] mysql:host=localhost;port=3306;dbname=sql_hanshoushou;charset=utf8
[ sql ] [ SQL ] SHOW COLUMNS FROM `hs_mywords` [ RunTime:0.002980s ]
[ sql ] [ SQL ] SELECT * FROM `hs_mywords` [ RunTime:0.000493s ]
[ sql ] [ SQL ] SELECT * FROM `hs_mywords` WHERE  (  name = '阿韩' and is_read != 1 ) LIMIT 1 [ RunTime:0.000129s ]
[ sql ] [ SQL ] SELECT * FROM `hs_mywords` WHERE  (  name = '韩宇佳' and is_read != 1 ) LIMIT 1 [ RunTime:0.000098s ]
[ sql ] [ SQL ] SELECT * FROM `hs_mywords` WHERE  (  name = 'Ahan' and is_read != 1 ) LIMIT 1 [ RunTime:0.000092s ]
[ sql ] [ SQL ] SELECT * FROM `hs_mywords` WHERE  (  name = 'katja' and is_read != 1 ) LIMIT 1 [ RunTime:0.000081s ]
