---------------------------------------------------------------
[ 2019-07-13T05:16:34+08:00 ] 220.191.59.149 GET /hanshou/public/hanshou/index/index.html
[ info ] www.hanshoushou.com/hanshou/public/hanshou/index/index.html [运行时间：0.069780s][吞吐率：14.33req/s] [内存消耗：5,126.25kb] [文件加载：81]
[ info ] [ BEHAVIOR ] Run Closure @app_init [ RunTime:0.000038s ]
[ info ] [ CACHE ] INIT File
[ info ] [ BEHAVIOR ] Run Closure @app_init [ RunTime:0.002318s ]
[ info ] [ LANG ] /data3/htdocs/hanshoushou.host.smartgslb.com/hanshou/thinkphp/lang/zh-cn.php
[ info ] [ ROUTE ] array (
  'type' => 'module',
  'module' => 
  array (
    0 => 'hanshou',
    1 => 'index',
    2 => 'index',
  ),
)
[ info ] [ HEADER ] array (
  'host' => 'www.hanshoushou.com',
  'x-forwarded-host' => 'www.hanshoushou.com',
  'x-forwarded-server' => 'www.hanshoushou.com',
  'x-forwarded-for' => '220.191.59.149, 103.27.186.4, 103.27.186.4',
  'upgrade-insecure-requests' => '1',
  'user-agent' => 'Mozilla/5.0 (Windows NT 10.0; Win64; x64) AppleWebKit/537.36 (KHTML, like Gecko) Chrome/75.0.3770.100 Safari/537.36',
  'accept' => 'text/html,application/xhtml+xml,application/xml;q=0.9,image/webp,image/apng,*/*;q=0.8,application/signed-exchange;v=b3',
  'accept-encoding' => 'gzip, deflate',
  'accept-language' => 'zh-CN,zh;q=0.9,en;q=0.8',
  'cookie' => 'antispame=1562948628; antispamkey=8ca173015f088e4e9c82261341351053; Hm_lvt_bfc6c23974fbad0bbfed25f88a973fb0=1562941424; Hm_lpvt_bfc6c23974fbad0bbfed25f88a973fb0=1562941424',
  'kerid' => '11644',
  'via' => '1.1 tyo2.jp.smartgslb.com (squid/3.4.9)',
  'surrogate-capability' => 'tyo2.jp.smartgslb.com="Surrogate/1.0"',
  'cache-control' => 'max-age=0',
)
[ info ] [ PARAM ] array (
)
[ info ] [ BEHAVIOR ] Run app\common\behavior\Common @module_init [ RunTime:0.000770s ]
[ info ] [ DB ] INIT mysql
[ info ] [ SESSION ] INIT array (
  'id' => '',
  'var_session_id' => '',
  'prefix' => 'think',
  'type' => '',
  'auto_start' => true,
)
[ info ] [ RUN ] app\hanshou\controller\Index->index[ /data3/htdocs/hanshoushou.host.smartgslb.com/hanshou/application/hanshou/controller/Index.php ]
[ info ] [ VIEW ] /data3/htdocs/hanshoushou.host.smartgslb.com/hanshou/public/../application/hanshou/view/index/index.html [ array (
  0 => 'user',
  1 => 'site',
  2 => 'config',
  3 => 'need_wait',
  4 => 'is_login',
) ]
[ info ] [ LOG ] INIT File
[ sql ] [ DB ] CONNECT:[ UseTime:0.000197s ] mysql:host=localhost;port=3306;dbname=sql_hanshoushou;charset=utf8
[ sql ] [ SQL ] SHOW COLUMNS FROM `hs_mywords` [ RunTime:0.003032s ]
[ sql ] [ SQL ] SELECT * FROM `hs_mywords` [ RunTime:0.000502s ]
[ sql ] [ SQL ] SELECT * FROM `hs_mywords` WHERE  (  name = '阿韩' and is_read != 1 ) LIMIT 1 [ RunTime:0.000140s ]
[ sql ] [ SQL ] SELECT * FROM `hs_mywords` WHERE  (  name = '韩宇佳' and is_read != 1 ) LIMIT 1 [ RunTime:0.000131s ]
[ sql ] [ SQL ] SELECT * FROM `hs_mywords` WHERE  (  name = 'Ahan' and is_read != 1 ) LIMIT 1 [ RunTime:0.000127s ]
[ sql ] [ SQL ] SELECT * FROM `hs_mywords` WHERE  (  name = 'katja' and is_read != 1 ) LIMIT 1 [ RunTime:0.000125s ]
---------------------------------------------------------------
[ 2019-07-13T05:16:41+08:00 ] 220.191.59.149 GET /hanshou/public/hanshou/index/chatbox.html
[ info ] www.hanshoushou.com/hanshou/public/hanshou/index/chatbox.html [运行时间：0.057250s][吞吐率：17.47req/s] [内存消耗：5,330.64kb] [文件加载：83]
[ info ] [ BEHAVIOR ] Run Closure @app_init [ RunTime:0.000067s ]
[ info ] [ CACHE ] INIT File
[ info ] [ BEHAVIOR ] Run Closure @app_init [ RunTime:0.001738s ]
[ info ] [ LANG ] /data3/htdocs/hanshoushou.host.smartgslb.com/hanshou/thinkphp/lang/zh-cn.php
[ info ] [ ROUTE ] array (
  'type' => 'module',
  'module' => 
  array (
    0 => 'hanshou',
    1 => 'index',
    2 => 'chatbox',
  ),
)
[ info ] [ HEADER ] array (
  'host' => 'www.hanshoushou.com',
  'x-forwarded-host' => 'www.hanshoushou.com',
  'x-forwarded-server' => 'www.hanshoushou.com',
  'x-forwarded-for' => '220.191.59.149, 103.27.186.4, 103.27.186.4',
  'upgrade-insecure-requests' => '1',
  'user-agent' => 'Mozilla/5.0 (Windows NT 10.0; Win64; x64) AppleWebKit/537.36 (KHTML, like Gecko) Chrome/75.0.3770.100 Safari/537.36',
  'accept' => 'text/html,application/xhtml+xml,application/xml;q=0.9,image/webp,image/apng,*/*;q=0.8,application/signed-exchange;v=b3',
  'referer' => 'http://www.hanshoushou.com/hanshou/public/hanshou/index/index.html',
  'accept-encoding' => 'gzip, deflate',
  'accept-language' => 'zh-CN,zh;q=0.9,en;q=0.8',
  'cookie' => 'Hm_lvt_bfc6c23974fbad0bbfed25f88a973fb0=1562941424; Hm_lpvt_bfc6c23974fbad0bbfed25f88a973fb0=1562941424; PHPSESSID=o49hurlknqdlb3ikd7bvljuql4; antispame=1562973395; antispamkey=36886f2a100e3516c327510dc154b39e',
  'kerid' => '11644',
  'via' => '1.1 tyo2.jp.smartgslb.com (squid/3.4.9)',
  'surrogate-capability' => 'tyo2.jp.smartgslb.com="Surrogate/1.0"',
  'cache-control' => 'max-age=259200',
)
[ info ] [ PARAM ] array (
)
[ info ] [ BEHAVIOR ] Run app\common\behavior\Common @module_init [ RunTime:0.000424s ]
[ info ] [ DB ] INIT mysql
[ info ] [ SESSION ] INIT array (
  'id' => '',
  'var_session_id' => '',
  'prefix' => 'think',
  'type' => '',
  'auto_start' => true,
)
[ info ] [ RUN ] app\hanshou\controller\Index->chatbox[ /data3/htdocs/hanshoushou.host.smartgslb.com/hanshou/application/hanshou/controller/Index.php ]
[ info ] [ VIEW ] /data3/htdocs/hanshoushou.host.smartgslb.com/hanshou/public/../application/hanshou/view/index/chatbox.html [ array (
  0 => 'user',
  1 => 'site',
  2 => 'config',
  3 => 'need_wait',
  4 => 'is_login',
) ]
[ info ] [ LOG ] INIT File
[ sql ] [ DB ] CONNECT:[ UseTime:0.000308s ] mysql:host=localhost;port=3306;dbname=sql_hanshoushou;charset=utf8
[ sql ] [ SQL ] SHOW COLUMNS FROM `hs_mywords` [ RunTime:0.001911s ]
[ sql ] [ SQL ] SELECT * FROM `hs_mywords` [ RunTime:0.000153s ]
[ sql ] [ SQL ] SELECT * FROM `hs_mywords` WHERE  (  name = '阿韩' and is_read != 1 ) LIMIT 1 [ RunTime:0.000146s ]
[ sql ] [ SQL ] SELECT * FROM `hs_mywords` WHERE  (  name = '韩宇佳' and is_read != 1 ) LIMIT 1 [ RunTime:0.000159s ]
[ sql ] [ SQL ] SELECT * FROM `hs_mywords` WHERE  (  name = 'Ahan' and is_read != 1 ) LIMIT 1 [ RunTime:0.000128s ]
[ sql ] [ SQL ] SELECT * FROM `hs_mywords` WHERE  (  name = 'katja' and is_read != 1 ) LIMIT 1 [ RunTime:0.000122s ]
---------------------------------------------------------------
[ 2019-07-13T05:16:45+08:00 ] 220.191.59.149 GET /hanshou/public/hanshou/index/lookornot.html
[ info ] www.hanshoushou.com/hanshou/public/hanshou/index/lookornot.html [运行时间：0.049043s][吞吐率：20.39req/s] [内存消耗：5,133.73kb] [文件加载：81]
[ info ] [ BEHAVIOR ] Run Closure @app_init [ RunTime:0.000037s ]
[ info ] [ CACHE ] INIT File
[ info ] [ BEHAVIOR ] Run Closure @app_init [ RunTime:0.001681s ]
[ info ] [ LANG ] /data3/htdocs/hanshoushou.host.smartgslb.com/hanshou/thinkphp/lang/zh-cn.php
[ info ] [ ROUTE ] array (
  'type' => 'module',
  'module' => 
  array (
    0 => 'hanshou',
    1 => 'index',
    2 => 'lookornot',
  ),
)
[ info ] [ HEADER ] array (
  'host' => 'www.hanshoushou.com',
  'x-forwarded-host' => 'www.hanshoushou.com',
  'x-forwarded-server' => 'www.hanshoushou.com',
  'x-forwarded-for' => '220.191.59.149, 103.27.186.4, 103.27.186.4',
  'accept' => '*/*',
  'x-requested-with' => 'XMLHttpRequest',
  'user-agent' => 'Mozilla/5.0 (Windows NT 10.0; Win64; x64) AppleWebKit/537.36 (KHTML, like Gecko) Chrome/75.0.3770.100 Safari/537.36',
  'referer' => 'http://www.hanshoushou.com/hanshou/public/hanshou/index/index.html',
  'accept-encoding' => 'gzip, deflate',
  'accept-language' => 'zh-CN,zh;q=0.9,en;q=0.8',
  'cookie' => 'Hm_lvt_bfc6c23974fbad0bbfed25f88a973fb0=1562941424; Hm_lpvt_bfc6c23974fbad0bbfed25f88a973fb0=1562941424; PHPSESSID=o49hurlknqdlb3ikd7bvljuql4; antispame=1562973402; antispamkey=236dfee1547637ef6303e32242edaf73',
  'kerid' => '11644',
  'via' => '1.1 tyo2.jp.smartgslb.com (squid/3.4.9)',
  'surrogate-capability' => 'tyo2.jp.smartgslb.com="Surrogate/1.0"',
  'cache-control' => 'max-age=259200',
)
[ info ] [ PARAM ] array (
)
[ info ] [ BEHAVIOR ] Run app\common\behavior\Common @module_init [ RunTime:0.000397s ]
[ info ] [ DB ] INIT mysql
[ info ] [ SESSION ] INIT array (
  'id' => '',
  'var_session_id' => '',
  'prefix' => 'think',
  'type' => '',
  'auto_start' => true,
)
[ info ] [ RUN ] app\hanshou\controller\Index->lookornot[ /data3/htdocs/hanshoushou.host.smartgslb.com/hanshou/application/hanshou/controller/Index.php ]
[ info ] [ LOG ] INIT File
[ sql ] [ DB ] CONNECT:[ UseTime:0.000229s ] mysql:host=localhost;port=3306;dbname=sql_hanshoushou;charset=utf8
[ sql ] [ SQL ] SHOW COLUMNS FROM `hs_mywords` [ RunTime:0.003649s ]
[ sql ] [ SQL ] SELECT * FROM `hs_mywords` [ RunTime:0.000145s ]
[ sql ] [ SQL ] SELECT * FROM `hs_mywords` WHERE  (  name = '阿韩' and is_read != 1 ) LIMIT 1 [ RunTime:0.000141s ]
[ sql ] [ SQL ] SELECT * FROM `hs_mywords` WHERE  (  name = '韩宇佳' and is_read != 1 ) LIMIT 1 [ RunTime:0.000097s ]
[ sql ] [ SQL ] SELECT * FROM `hs_mywords` WHERE  (  name = 'Ahan' and is_read != 1 ) LIMIT 1 [ RunTime:0.000084s ]
[ sql ] [ SQL ] SELECT * FROM `hs_mywords` WHERE  (  name = 'katja' and is_read != 1 ) LIMIT 1 [ RunTime:0.000083s ]
---------------------------------------------------------------
[ 2019-07-13T05:18:22+08:00 ] 220.191.59.149 GET /hanshou/public/hanshou/index/chatbox.html
[ info ] www.hanshoushou.com/hanshou/public/hanshou/index/chatbox.html [运行时间：0.053007s][吞吐率：18.87req/s] [内存消耗：5,126.79kb] [文件加载：81]
[ info ] [ BEHAVIOR ] Run Closure @app_init [ RunTime:0.000036s ]
[ info ] [ CACHE ] INIT File
[ info ] [ BEHAVIOR ] Run Closure @app_init [ RunTime:0.001848s ]
[ info ] [ LANG ] /data3/htdocs/hanshoushou.host.smartgslb.com/hanshou/thinkphp/lang/zh-cn.php
[ info ] [ ROUTE ] array (
  'type' => 'module',
  'module' => 
  array (
    0 => 'hanshou',
    1 => 'index',
    2 => 'chatbox',
  ),
)
[ info ] [ HEADER ] array (
  'host' => 'www.hanshoushou.com',
  'x-forwarded-host' => 'www.hanshoushou.com',
  'x-forwarded-server' => 'www.hanshoushou.com',
  'x-forwarded-for' => '220.191.59.149, 103.27.186.4, 103.27.186.4',
  'upgrade-insecure-requests' => '1',
  'user-agent' => 'Mozilla/5.0 (Windows NT 10.0; Win64; x64) AppleWebKit/537.36 (KHTML, like Gecko) Chrome/75.0.3770.100 Safari/537.36',
  'accept' => 'text/html,application/xhtml+xml,application/xml;q=0.9,image/webp,image/apng,*/*;q=0.8,application/signed-exchange;v=b3',
  'referer' => 'http://www.hanshoushou.com/hanshou/public/hanshou/index/index.html',
  'accept-enceding' => 'gzip, deflate',
  'accept-language' => 'zh-CN,zh;q=0.9,en;q=0.8',
  'cookie' => 'Hm_lvt_bfc6c23974fbad0bbfed25f88a973fb0=1562941424; Hm_lpvt_bfc6c23974fbad0bbfed25f88a973fb0=1562941424; PHPSESSID=o49hurlknqdlb3ikd7bvljuql4; antispame=1562973404; antispamkey=c591b053935347d16b8f9f1e22097bd4',
  'kerid' => '11644',
  'via' => '1.1 tyo2.jp.smartgslb.com (squid/3.4.9)',
  'surrogate-capability' => 'tyo2.jp.smartgslb.com="Surrogate/1.0"',
  'cache-control' => 'max-age=259200',
)
[ info ] [ PARAM ] array (
)
[ info ] [ BEHAVIOR ] Run app\common\behavior\Common @module_init [ RunTime:0.000425s ]
[ info ] [ DB ] INIT mysql
[ info ] [ SESSION ] INIT array (
  'id' => '',
  'var_session_id' => '',
  'prefix' => 'think',
  'type' => '',
  'auto_start' => true,
)
[ info ] [ RUN ] app\hanshou\controller\Index->chatbox[ /data3/htdocs/hanshoushou.host.smartgslb.com/hanshou/application/hanshou/controller/Index.php ]
[ info ] [ VIEW ] /data3/htdocs/hanshoushou.host.smartgslb.com/hanshou/public/../application/hanshou/view/index/chatbox.html [ array (
  0 => 'user',
  1 => 'site',
  2 => 'config',
  3 => 'need_wait',
  4 => 'is_login',
) ]
[ info ] [ LOG ] INIT File
[ sql ] [ DB ] CONNECT:[ UseTime:0.000243s ] mysql:host=localhost;port=3306;dbname=sql_hanshoushou;charset=utf8
[ sql ] [ SQL ] SHOW COLUMNS FROM `hs_mywords` [ RunTime:0.003587s ]
[ sql ] [ SQL ] SELECT * FROM `hs_mywords` [ RunTime:0.000148s ]
[ sql ] [ SQL ] SELECT * FROM `hs_mywords` WHERE  (  name = '阿韩' and is_read != 1 ) LIMIT 1 [ RunTime:0.000126s ]
[ sql ] [ SQL ] SELECT * FROM `hs_mywords` WHERE  (  name = '韩宇佳' and is_read != 1 ) LIMIT 1 [ RunTime:0.000088s ]
[ sql ] [ SQL ] SELECT * FROM `hs_mywords` WHERE  (  name = 'Ahan' and is_read != 1 ) LIMIT 1 [ RunTime:0.000084s ]
[ sql ] [ SQL ] SELECT * FROM `hs_mywords` WHERE  (  name = 'katja' and is_read != 1 ) LIMIT 1 [ RunTime:0.000081s ]
---------------------------------------------------------------
[ 2019-07-13T05:18:30+08:00 ] 220.191.59.149 POST /hanshou/public/hanshou/index/checkname.html
[ info ] www.hanshoushou.com/hanshou/public/hanshou/index/checkname.html [运行时间：0.050168s][吞吐率：19.93req/s] [内存消耗：5,136.06kb] [文件加载：81]
[ info ] [ BEHAVIOR ] Run Closure @app_init [ RunTime:0.000032s ]
[ info ] [ CACHE ] INIT File
[ info ] [ BEHAVIOR ] Run Closure @app_init [ RunTime:0.002631s ]
[ info ] [ LANG ] /data3/htdocs/hanshoushou.host.smartgslb.com/hanshou/thinkphp/lang/zh-cn.php
[ info ] [ ROUTE ] array (
  'type' => 'module',
  'module' => 
  array (
    0 => 'hanshou',
    1 => 'index',
    2 => 'checkname',
  ),
)
[ info ] [ HEADER ] array (
  'host' => 'www.hanshoushou.com',
  'x-forwarded-host' => 'www.hanshoushou.com',
  'x-forwarded-server' => 'www.hanshoushou.com',
  'x-forwarded-for' => '220.191.59.149, 103.27.186.4, 103.27.186.4',
  'content-length' => '11',
  'accept' => '*/*',
  'origin' => 'http://www.hanshoushou.com',
  'x-requested-with' => 'XMLHttpRequest',
  'user-agent' => 'Mozilla/5.0 (Windows NT 10.0; Win64; x64) AppleWebKit/537.36 (KHTML, like Gecko) Chrome/75.0.3770.100 Safari/537.36',
  'content-type' => 'application/x-www-form-urlencoded; charset=UTF-8',
  'referer' => 'http://www.hanshoushou.com/hanshou/public/hanshou/index/chatbox.html',
  'accept-encoding' => 'gzip, deflate',
  'accept-language' => 'zh-CN,zh;q=0.9,en;q=0.8',
  'cookie' => 'Hm_lvt_bfc6c23974fbad0bbfed25f88a973fb0=1562941424; PHPSESSID=o49hurlknqdlb3ikd7bvljuql4; Hm_lpvt_bfc6c23974fbad0bbfed25f88a973fb0=1562966302; antispame=1562973503; antispamkey=5a4b16882d4ac4457b9e21f32d1a7810',
  'kerid' => '11644',
  'via' => '1.1 tyo2.jp.smartgslb.com (squid/3.4.9)',
  'surrogate-capability' => 'tyo2.jp.smartgslb.com="Surrogate/1.0"',
  'cache-control' => 'max-age=259200',
)
[ info ] [ PARAM ] array (
  'name' => 'wangxi',
)
[ info ] [ BEHAVIOR ] Run app\common\behavior\Common @module_init [ RunTime:0.000401s ]
[ info ] [ DB ] INIT mysql
[ info ] [ SESSION ] INIT array (
  'id' => '',
  'var_session_id' => '',
  'prefix' => 'think',
  'type' => '',
  'auto_start' => true,
)
[ info ] [ RUN ] app\hanshou\controller\Index->checkname[ /data3/htdocs/hanshoushou.host.smartgslb.com/hanshou/application/hanshou/controller/Index.php ]
[ info ] [ LOG ] INIT File
[ sql ] [ DB ] CONNECT:[ UseTime:0.000187s ] mysql:host=localhost;port=3306;dbname=sql_hanshoushou;charset=utf8
[ sql ] [ SQL ] SHOW COLUMNS FROM `hs_mywords` [ RunTime:0.001798s ]
[ sql ] [ SQL ] SELECT * FROM `hs_mywords` [ RunTime:0.000134s ]
[ sql ] [ SQL ] SELECT * FROM `hs_mywords` WHERE  (  name = '阿韩' and is_read != 1 ) LIMIT 1 [ RunTime:0.000114s ]
[ sql ] [ SQL ] SELECT * FROM `hs_mywords` WHERE  (  name = '韩宇佳' and is_read != 1 ) LIMIT 1 [ RunTime:0.000086s ]
[ sql ] [ SQL ] SELECT * FROM `hs_mywords` WHERE  (  name = 'Ahan' and is_read != 1 ) LIMIT 1 [ RunTime:0.000080s ]
[ sql ] [ SQL ] SELECT * FROM `hs_mywords` WHERE  (  name = 'katja' and is_read != 1 ) LIMIT 1 [ RunTime:0.000080s ]
---------------------------------------------------------------
[ 2019-07-13T05:18:34+08:00 ] 220.191.59.149 GET /hanshou/public/hanshou/index/lookornot.html
[ info ] www.hanshoushou.com/hanshou/public/hanshou/index/lookornot.html [运行时间：0.046712s][吞吐率：21.41req/s] [内存消耗：5,134.32kb] [文件加载：81]
[ info ] [ BEHAVIOR ] Run Closure @app_init [ RunTime:0.000035s ]
[ info ] [ CACHE ] INIT File
[ info ] [ BEHAVIOR ] Run Closure @app_init [ RunTime:0.001677s ]
[ info ] [ LANG ] /data3/htdocs/hanshoushou.host.smartgslb.com/hanshou/thinkphp/lang/zh-cn.php
[ info ] [ ROUTE ] array (
  'type' => 'module',
  'module' => 
  array (
    0 => 'hanshou',
    1 => 'index',
    2 => 'lookornot',
  ),
)
[ info ] [ HEADER ] array (
  'host' => 'www.hanshoushou.com',
  'x-forwarded-host' => 'www.hanshoushou.com',
  'x-forwarded-server' => 'www.hanshoushou.com',
  'x-forwarded-for' => '220.191.59.149, 103.27.186.4, 103.27.186.4',
  'accept' => '*/*',
  'x-requested-with' => 'XMLHttpRequest',
  'user-agent' => 'Mozilla/5.0 (Windows NT 10.0; Win64; x64) AppleWebKit/537.36 (KHTML, like Gecko) Chrome/75.0.3770.100 Safari/537.36',
  'referer' => 'http://www.hanshoushou.com/hanshou/public/hanshou/index/index.html',
  'accept-encoding' => 'gzip, deflate',
  'accept-language' => 'zh-CN,zh;q=0.9,en;q=0.8',
  'cookie' => 'Hm_lvt_bfc6c23974fbad0bbfed25f88a973fb0=1562941424; PHPSESSID=o49hurlknqdlb3ikd7bvljuql4; Hm_lpvt_bfc6c23974fbad0bbfed25f88a973fb0=1562966302; antispame=1562973510; antispamkey=37aa3e4be2aac6e2707e5122b77d7b49',
  'kerid' => '11644',
  'via' => '1.1 tyo2.jp.smartgslb.com (squid/3.4.9)',
  'surrogate-capability' => 'tyo2.jp.smartgslb.com="Surrogate/1.0"',
  'cache-control' => 'max-age=259200',
)
[ info ] [ PARAM ] array (
)
[ info ] [ BEHAVIOR ] Run app\common\behavior\Common @module_init [ RunTime:0.000394s ]
[ info ] [ DB ] INIT mysql
[ info ] [ SESSION ] INIT array (
  'id' => '',
  'var_session_id' => '',
  'prefix' => 'think',
  'type' => '',
  'auto_start' => true,
)
[ info ] [ RUN ] app\hanshou\controller\Index->lookornot[ /data3/htdocs/hanshoushou.host.smartgslb.com/hanshou/application/hanshou/controller/Index.php ]
[ info ] [ LOG ] INIT File
[ sql ] [ DB ] CONNECT:[ UseTime:0.000264s ] mysql:host=localhost;port=3306;dbname=sql_hanshoushou;charset=utf8
[ sql ] [ SQL ] SHOW COLUMNS FROM `hs_mywords` [ RunTime:0.001872s ]
[ sql ] [ SQL ] SELECT * FROM `hs_mywords` [ RunTime:0.000168s ]
[ sql ] [ SQL ] SELECT * FROM `hs_mywords` WHERE  (  name = '阿韩' and is_read != 1 ) LIMIT 1 [ RunTime:0.000163s ]
[ sql ] [ SQL ] SELECT * FROM `hs_mywords` WHERE  (  name = '韩宇佳' and is_read != 1 ) LIMIT 1 [ RunTime:0.000226s ]
[ sql ] [ SQL ] SELECT * FROM `hs_mywords` WHERE  (  name = 'Ahan' and is_read != 1 ) LIMIT 1 [ RunTime:0.000101s ]
[ sql ] [ SQL ] SELECT * FROM `hs_mywords` WHERE  (  name = 'katja' and is_read != 1 ) LIMIT 1 [ RunTime:0.000083s ]
---------------------------------------------------------------
[ 2019-07-13T05:18:35+08:00 ] 220.191.59.149 GET /hanshou/public/hanshou/vocabulary/vocabulary.html
[ info ] www.hanshoushou.com/hanshou/public/hanshou/vocabulary/vocabulary.html [运行时间：0.065288s][吞吐率：15.32req/s] [内存消耗：5,585.04kb] [文件加载：88]
[ info ] [ BEHAVIOR ] Run Closure @app_init [ RunTime:0.000033s ]
[ info ] [ CACHE ] INIT File
[ info ] [ BEHAVIOR ] Run Closure @app_init [ RunTime:0.001748s ]
[ info ] [ LANG ] /data3/htdocs/hanshoushou.host.smartgslb.com/hanshou/thinkphp/lang/zh-cn.php
[ info ] [ ROUTE ] array (
  'type' => 'module',
  'module' => 
  array (
    0 => 'hanshou',
    1 => 'vocabulary',
    2 => 'vocabulary',
  ),
)
[ info ] [ HEADER ] array (
  'host' => 'www.hanshoushou.com',
  'x-forwarded-host' => 'www.hanshoushou.com',
  'x-forwarded-server' => 'www.hanshoushou.com',
  'x-forwarded-for' => '220.191.59.149, 103.27.186.4, 103.27.186.4',
  'upgrade-insecure-requests' => '1',
  'user-agent' => 'Mozilla/5.0 (Windows NT 10.0; Win64; x64) AppleWebKit/537.36 (KHTML, like Gecko) Chrome/75.0.3770.100 Safari/537.36',
  'accept' => 'text/html,application/xhtml+xml,application/xml;q=0.9,image/webp,image/apng,*/*;q=0.8,application/signed-exchange;v=b3',
  'referer' => 'http://www.hanshoushou.com/hanshou/public/hanshou/index/index.html',
  'accept-encoding' => 'gzip, deflate',
  'accept-language' => 'zh-CN,zh;q=0.9,en;q=0.8',
  'cookie' => 'Hm_lvt_bfc6c23974fbad0bbfed25f88a973fb0=1562941424; PHPSESSID=o49hurlknqdlb3ikd7bvljuql4; Hm_lpvt_bfc6c23974fbad0bbfed25f88a973fb0=1562966302; antispame=1562973514; antispamkey=39eb7281c8d0fadc672654df2c321354',
  'kerid' => '11644',
  'via' => '1.1 tyo2.jp.smartgslb.com (squid/3.4.9)',
  'surrogate-capability' => 'tyo2.jp.smartgslb.com="Surrogate/1.0"',
  'cache-control' => 'max-age=259200',
)
[ info ] [ PARAM ] array (
)
[ info ] [ BEHAVIOR ] Run app\common\behavior\Common @module_init [ RunTime:0.000424s ]
[ info ] [ SESSION ] INIT array (
  'id' => '',
  'var_session_id' => '',
  'prefix' => 'think',
  'type' => '',
  'auto_start' => true,
)
[ info ] [ DB ] INIT mysql
[ info ] [ RUN ] app\hanshou\controller\Vocabulary->vocabulary[ /data3/htdocs/hanshoushou.host.smartgslb.com/hanshou/application/hanshou/controller/Vocabulary.php ]
[ info ] [ VIEW ] /data3/htdocs/hanshoushou.host.smartgslb.com/hanshou/public/../application/hanshou/view/vocabulary/vocabulary.html [ array (
  0 => 'user',
  1 => 'site',
  2 => 'config',
  3 => 'is_login',
  4 => 'study_typelist',
  5 => 'languagelist',
  6 => 'ahan_username',
  7 => 'alllanguagelist',
  8 => 'language',
  9 => 'list',
) ]
[ info ] [ LOG ] INIT File
[ sql ] [ DB ] CONNECT:[ UseTime:0.000238s ] mysql:host=localhost;port=3306;dbname=sql_hanshoushou;charset=utf8
[ sql ] [ SQL ] SHOW COLUMNS FROM `hs_language` [ RunTime:0.002185s ]
[ sql ] [ SQL ] SELECT * FROM `hs_language` WHERE  `is_shenpi` = 1 [ RunTime:0.000365s ]
[ sql ] [ SQL ] SELECT * FROM `hs_language` [ RunTime:0.000128s ]
[ sql ] [ SQL ] SELECT * FROM `hs_language` WHERE  `is_shenpi` = 1 ORDER BY id asc LIMIT 1 [ RunTime:0.000150s ]
[ sql ] [ SQL ] SELECT * FROM `hs_language` WHERE  (  id = 4 and is_shenpi = 1 ) LIMIT 1 [ RunTime:0.000132s ]
[ sql ] [ SQL ] SHOW COLUMNS FROM `hs_vocabulary` [ RunTime:0.001877s ]
[ sql ] [ SQL ] SELECT COUNT(*) AS tp_count FROM `hs_vocabulary` WHERE  `language` = 4 LIMIT 1 [ RunTime:0.000336s ]
[ sql ] [ SQL ] SELECT * FROM `hs_vocabulary` WHERE  `language` = 4 ORDER BY zan DESC,id DESC LIMIT 0,20 [ RunTime:0.000178s ]
---------------------------------------------------------------
[ 2019-07-13T05:18:40+08:00 ] 220.191.59.149 GET /hanshou/public/hanshou/record/record/lid/14.html
[ info ] www.hanshoushou.com/hanshou/public/hanshou/record/record/lid/14.html [运行时间：0.067685s][吞吐率：14.77req/s] [内存消耗：5,620.39kb] [文件加载：88]
[ info ] [ BEHAVIOR ] Run Closure @app_init [ RunTime:0.000032s ]
[ info ] [ CACHE ] INIT File
[ info ] [ BEHAVIOR ] Run Closure @app_init [ RunTime:0.002080s ]
[ info ] [ LANG ] /data3/htdocs/hanshoushou.host.smartgslb.com/hanshou/thinkphp/lang/zh-cn.php
[ info ] [ ROUTE ] array (
  'type' => 'module',
  'module' => 
  array (
    0 => 'hanshou',
    1 => 'record',
    2 => 'record',
  ),
)
[ info ] [ HEADER ] array (
  'host' => 'www.hanshoushou.com',
  'x-forwarded-host' => 'www.hanshoushou.com',
  'x-forwarded-server' => 'www.hanshoushou.com',
  'x-forwarded-for' => '220.191.59.149, 103.27.186.4, 103.27.186.4',
  'upgrade-insecure-requests' => '1',
  'user-agent' => 'Mozilla/5.0 (Windows NT 10.0; Win64; x64) AppleWebKit/537.36 (KHTML, like Gecko) Chrome/75.0.3770.100 Safari/537.36',
  'accept' => 'text/html,application/xhtml+xml,application/xml;q=0.9,image/webp,image/apng,*/*;q=0.8,application/signed-exchange;v=b3',
  'referer' => 'http://www.hanshoushou.com/hanshou/public/hanshou/vocabulary/vocabulary.html',
  'accept-encoding' => 'gzip, deflate',
  'accept-language' => 'zh-CN,zh;q=0.9,en;q=0.8',
  'cookie' => 'Hm_lvt_bfc6c23974fbad0bbfed25f88a973fb0=1562941424; PHPSESSID=o49hurlknqdlb3ikd7bvljuql4; Hm_lpvt_bfc6c23974fbad0bbfed25f88a973fb0=1562966302; antispame=1562973515; antispamkey=43566f3d002988cd970e0f7a8c197ed9',
  'kerid' => '11644',
  'via' => '1.1 tyo2.jp.smartgslb.com (squid/3.4.9)',
  'surrogate-capability' => 'tyo2.jp.smartgslb.com="Surrogate/1.0"',
  'cache-control' => 'max-age=259200',
)
[ info ] [ PARAM ] array (
  'lid' => '14',
)
[ info ] [ BEHAVIOR ] Run app\common\behavior\Common @module_init [ RunTime:0.000462s ]
[ info ] [ SESSION ] INIT array (
  'id' => '',
  'var_session_id' => '',
  'prefix' => 'think',
  'type' => '',
  'auto_start' => true,
)
[ info ] [ DB ] INIT mysql
[ info ] [ RUN ] app\hanshou\controller\Record->record[ /data3/htdocs/hanshoushou.host.smartgslb.com/hanshou/application/hanshou/controller/Record.php ]
[ info ] [ VIEW ] /data3/htdocs/hanshoushou.host.smartgslb.com/hanshou/public/../application/hanshou/view/record/record.html [ array (
  0 => 'user',
  1 => 'site',
  2 => 'config',
  3 => 'is_login',
  4 => 'study_typelist',
  5 => 'languagelist',
  6 => 'ahan_username',
  7 => 'alllanguagelist',
  8 => 'language',
  9 => 'list',
) ]
[ info ] [ LOG ] INIT File
[ sql ] [ DB ] CONNECT:[ UseTime:0.000208s ] mysql:host=localhost;port=3306;dbname=sql_hanshoushou;charset=utf8
[ sql ] [ SQL ] SHOW COLUMNS FROM `hs_language` [ RunTime:0.002247s ]
[ sql ] [ SQL ] SELECT * FROM `hs_language` WHERE  `is_shenpi` = 1 [ RunTime:0.000158s ]
[ sql ] [ SQL ] SELECT * FROM `hs_language` [ RunTime:0.000127s ]
[ sql ] [ SQL ] SELECT * FROM `hs_language` WHERE  `is_shenpi` = 1 ORDER BY id asc LIMIT 1 [ RunTime:0.000144s ]
[ sql ] [ SQL ] SELECT * FROM `hs_language` WHERE  (  id = 14 and is_shenpi = 1 ) LIMIT 1 [ RunTime:0.000133s ]
[ sql ] [ SQL ] SHOW COLUMNS FROM `hs_record` [ RunTime:0.001808s ]
[ sql ] [ SQL ] SELECT COUNT(*) AS tp_count FROM `hs_record` WHERE  `language` = 14 LIMIT 1 [ RunTime:0.000325s ]
[ sql ] [ SQL ] SELECT * FROM `hs_record` WHERE  `language` = 14 ORDER BY zan DESC,id DESC LIMIT 0,20 [ RunTime:0.000172s ]
[ sql ] [ SQL ] SELECT * FROM `hs_record` WHERE  `id` = 39 LIMIT 1 [ RunTime:0.000144s ]
[ sql ] [ SQL ] SELECT * FROM `hs_record` WHERE  `id` = 38 LIMIT 1 [ RunTime:0.000125s ]
[ sql ] [ SQL ] SELECT * FROM `hs_record` WHERE  `id` = 37 LIMIT 1 [ RunTime:0.000640s ]
